  Using 'git status' to determine working set for adaptive non-unity build.
  Creating makefile for FateFindWallyEditor (no existing makefile)
  Performing full C++ include scan (no include cache file)
  Using Visual Studio 2017 14.13.26128 toolchain (C:\Program Files (x86)\Microsoft Visual Studio\2017\Community\VC\Tools\MSVC\14.13.26128) and Windows 10.0.16299.0 SDK (C:\Program Files (x86)\Windows Kits\10).
  Parsing headers for FateFindWallyEditor
    Running UnrealHeaderTool "D:\GameDev\Projects\Unreal\FateWheresWally\Fate-Find-Wally\FateFindWally\FateFindWally.uproject" "D:\GameDev\Projects\Unreal\FateWheresWally\Fate-Find-Wally\FateFindWally\Intermediate\Build\Win64\FateFindWallyEditor\Development\FateFindWallyEditor.uhtmanifest" -LogCmds="loginit warning, logexit warning, logdatabase error" -Unattended -WarningsAsErrors -installed
  Reflection code generated for FateFindWallyEditor in 11.4251972 seconds
  Building 16 actions with 8 processes...
    [1/16] PCLaunch.rc
    [2/16] SharedPCH.Engine.cpp
    [3/16] FateFindWally.init.gen.cpp
    [4/16] FateFindWallyProjectile.cpp
    [5/16] FateFindWallyGameMode.gen.cpp
    [6/16] WallyCharacter.cpp
    [7/16] FateFindWallyCharacter.gen.cpp
    [8/16] FateFindWallyHUD.cpp
    [9/16] FateFindWallyGameMode.cpp
    [10/16] FateFindWally.cpp
    [11/16] FateFindWallyHUD.gen.cpp
    [12/16] FateFindWallyProjectile.gen.cpp
    [13/16] WallyCharacter.gen.cpp
    [14/16] FateFindWallyCharacter.cpp
    [15/16] UE4Editor-FateFindWally.lib
       Creating library D:\GameDev\Projects\Unreal\FateWheresWally\Fate-Find-Wally\FateFindWally\Intermediate\Build\Win64\UE4Editor\Development\FateFindWally\UE4Editor-FateFindWally.lib and object D:\GameDev\Projects\Unreal\FateWheresWally\Fate-Find-Wally\FateFindWally\Intermediate\Build\Win64\UE4Editor\Development\FateFindWally\UE4Editor-FateFindWally.exp
    [16/16] UE4Editor-FateFindWally.dll
       Creating library D:\GameDev\Projects\Unreal\FateWheresWally\Fate-Find-Wally\FateFindWally\Intermediate\Build\Win64\UE4Editor\Development\FateFindWally\UE4Editor-FateFindWally.suppressed.lib and object D:\GameDev\Projects\Unreal\FateWheresWally\Fate-Find-Wally\FateFindWally\Intermediate\Build\Win64\UE4Editor\Development\FateFindWally\UE4Editor-FateFindWally.suppressed.exp
  Deploying FateFindWallyEditor Win64 Development...
  Total build time: 49.67 seconds (Parallel executor: 31.03 seconds)
