Log file open, 10/11/18 14:34:33
LogWindows: Failed to load 'aqProf.dll' (GetLastError=126)
LogWindows: File 'aqProf.dll' does not exist
LogWindows: Failed to load 'VtuneApi.dll' (GetLastError=126)
LogWindows: File 'VtuneApi.dll' does not exist
LogWindows: Failed to load 'VtuneApi32e.dll' (GetLastError=126)
LogWindows: File 'VtuneApi32e.dll' does not exist
LogInit: Display: Running engine for game: FateFindWally
LogPlatformFile: Not using cached read wrapper
LogTaskGraph: Started task graph with 5 named threads and 23 total threads with 3 sets of task threads.
LogStats: Stats thread started at 0.367243
LogD3D11RHI: Loaded GFSDK_Aftermath_Lib.x64.dll
LogICUInternationalization: Display: ICU TimeZone Detection - Raw Offset: +0:00, Platform Override: ''
LogPluginManager: Mounting plugin Paper2D
LogPluginManager: Mounting plugin AISupport
LogPluginManager: Mounting plugin LightPropagationVolume
LogPluginManager: Mounting plugin CLionSourceCodeAccess
LogPluginManager: Mounting plugin CodeLiteSourceCodeAccess
LogPluginManager: Mounting plugin GitSourceControl
LogPluginManager: Mounting plugin KDevelopSourceCodeAccess
LogPluginManager: Mounting plugin NullSourceCodeAccess
LogPluginManager: Mounting plugin PerforceSourceControl
LogPluginManager: Mounting plugin SubversionSourceControl
LogPluginManager: Mounting plugin UObjectPlugin
LogPluginManager: Mounting plugin VisualStudioCodeSourceCodeAccess
LogPluginManager: Mounting plugin VisualStudioSourceCodeAccess
LogPluginManager: Mounting plugin XCodeSourceCodeAccess
LogPluginManager: Mounting plugin AssetManagerEditor
LogPluginManager: Mounting plugin CryptoKeys
LogPluginManager: Mounting plugin DataValidation
LogPluginManager: Mounting plugin FacialAnimation
LogPluginManager: Mounting plugin GameplayTagsEditor
LogPluginManager: Mounting plugin MacGraphicsSwitching
LogPluginManager: Mounting plugin MeshEditor
LogPluginManager: Mounting plugin MobileLauncherProfileWizard
LogPluginManager: Mounting plugin PluginBrowser
LogPluginManager: Mounting plugin SpeedTreeImporter
LogPluginManager: Mounting plugin DatasmithContent
LogPluginManager: Mounting plugin AlembicImporter
LogPluginManager: Mounting plugin AppleImageUtils
LogPluginManager: Mounting plugin AppleVision
LogPluginManager: Mounting plugin BackChannel
LogPluginManager: Mounting plugin CharacterAI
LogPluginManager: Mounting plugin GeometryCache
LogPluginManager: Mounting plugin HTML5Networking
LogPluginManager: Mounting plugin ProxyLODPlugin
LogPluginManager: Mounting plugin MagicLeap
LogPluginManager: Mounting plugin MagicLeapEmulator
LogPluginManager: Mounting plugin MagicLeapMedia
LogPluginManager: Mounting plugin AndroidMedia
LogPluginManager: Mounting plugin AvfMedia
LogPluginManager: Mounting plugin ImgMedia
LogPluginManager: Mounting plugin LinearTimecode
LogPluginManager: Mounting plugin MediaCompositing
LogPluginManager: Mounting plugin MediaPlayerEditor
LogPluginManager: Mounting plugin WmfMedia
LogPluginManager: Mounting plugin TcpMessaging
LogPluginManager: Mounting plugin UdpMessaging
LogPluginManager: Mounting plugin ActorSequence
LogPluginManager: Mounting plugin LevelSequenceEditor
LogPluginManager: Mounting plugin MatineeToLevelSequence
LogPluginManager: Mounting plugin NetcodeUnitTest
LogPluginManager: Mounting plugin NUTUnrealEngine4
LogPluginManager: Mounting plugin OnlineSubsystemGooglePlay
LogPluginManager: Mounting plugin OnlineSubsystemIOS
LogPluginManager: Mounting plugin OnlineSubsystem
LogPluginManager: Mounting plugin OnlineSubsystemNull
LogPluginManager: Mounting plugin OnlineSubsystemUtils
LogPluginManager: Mounting plugin LauncherChunkInstaller
LogPluginManager: Mounting plugin AndroidDeviceProfileSelector
LogPluginManager: Mounting plugin AndroidMoviePlayer
LogPluginManager: Mounting plugin AndroidPermission
LogPluginManager: Mounting plugin AppleMoviePlayer
LogPluginManager: Mounting plugin ArchVisCharacter
LogPluginManager: Mounting plugin AudioCapture
LogPluginManager: Mounting plugin CableComponent
LogPluginManager: Mounting plugin CustomMeshComponent
LogPluginManager: Mounting plugin EditableMesh
LogPluginManager: Mounting plugin ExampleDeviceProfileSelector
LogPluginManager: Mounting plugin GoogleCloudMessaging
LogPluginManager: Mounting plugin ImmediatePhysics
LogPluginManager: Mounting plugin IOSDeviceProfileSelector
LogPluginManager: Mounting plugin LinuxDeviceProfileSelector
LogPluginManager: Mounting plugin LocationServicesBPLibrary
LogPluginManager: Mounting plugin MobilePatchingUtils
LogPluginManager: Mounting plugin OculusVR
LogPluginManager: Plugin shader directory ../../../Engine/Plugins/Runtime/Oculus/OculusVR/Shaders found
LogPluginManager: Mapping shader source directory ../../../Engine/Plugins/Runtime/Oculus/OculusVR/Shaders to virtual directory /Plugin/OculusVR
LogPluginManager: Mounting plugin PhysXVehicles
LogPluginManager: Mounting plugin ProceduralMeshComponent
LogPluginManager: Mounting plugin RuntimePhysXCooking
LogPluginManager: Mounting plugin SteamVR
LogPluginManager: Mounting plugin WindowsMoviePlayer
LogStreaming: Display: Took  0.156s to configure plugins.
LogInit: Using libcurl 7.55.1-DEV
LogInit:  - built for x86_64-pc-win32
LogInit:  - supports SSL with OpenSSL/1.0.2h
LogInit:  - supports HTTP deflate (compression) using libz 1.2.8
LogInit:  - other features:
LogInit:      CURL_VERSION_SSL
LogInit:      CURL_VERSION_LIBZ
LogInit:      CURL_VERSION_IPV6
LogInit:      CURL_VERSION_ASYNCHDNS
LogInit:      CURL_VERSION_LARGEFILE
LogInit:      CURL_VERSION_IDN
LogInit:  CurlRequestOptions (configurable via config and command line):
LogInit:  - bVerifyPeer = false  - Libcurl will NOT verify peer certificate
LogInit:  - bUseHttpProxy = false  - Libcurl will NOT use HTTP proxy
LogInit:  - bDontReuseConnections = false  - Libcurl will reuse connections
LogInit:  - CertBundlePath = nullptr  - Libcurl will use whatever was configured at build time.
LogInit:  - MaxHostConnections = 16  - Libcurl will limit the number of connections to a host
LogInit:  - LocalHostAddr = Default
LogInit:  - BufferSize = 65536
LogInit: WinSock: version 1.1 (2.2), MaxSocks=32767, MaxUdp=65467
LogInit: Build: ++UE4+Release-4.20-CL-4369336
LogInit: Engine Version: 4.20.3-4369336+++UE4+Release-4.20
LogInit: Compatible Engine Version: 4.20.0-4212847+++UE4+Release-4.20
LogInit: Net CL: 4212847
LogInit: OS: Windows 10 (), CPU: Intel(R) Core(TM) i7-4790 CPU @ 3.60GHz, GPU: NVIDIA GeForce GTX 780
LogInit: Compiled (64-bit): Sep 17 2018 12:26:19
LogInit: Compiled with Visual C++: 19.13.26129.00
LogInit: Build Configuration: Development
LogInit: Branch Name: ++UE4+Release-4.20
LogInit: Command Line:  
LogInit: Base Directory: C:/Program Files/Epic Games/UE_4.20/Engine/Binaries/Win64/
LogInit: Installed Engine Build: 1
LogDevObjectVersion: Number of dev versions registered: 20
LogDevObjectVersion:   Dev-Blueprints (B0D832E4-1F89-4F0D-ACCF-7EB736FD4AA2): 10
LogDevObjectVersion:   Dev-Build (E1C64328-A22C-4D53-A36C-8E866417BD8C): 0
LogDevObjectVersion:   Dev-Core (375EC13C-06E4-48FB-B500-84F0262A717E): 2
LogDevObjectVersion:   Dev-Editor (E4B068ED-F494-42E9-A231-DA0B2E46BB41): 24
LogDevObjectVersion:   Dev-Framework (CFFC743F-43B0-4480-9391-14DF171D2073): 34
LogDevObjectVersion:   Dev-Mobile (B02B49B5-BB20-44E9-A304-32B752E40360): 2
LogDevObjectVersion:   Dev-Networking (A4E4105C-59A1-49B5-A7C5-40C4547EDFEE): 0
LogDevObjectVersion:   Dev-Online (39C831C9-5AE6-47DC-9A44-9C173E1C8E7C): 0
LogDevObjectVersion:   Dev-Physics (78F01B33-EBEA-4F98-B9B4-84EACCB95AA2): 0
LogDevObjectVersion:   Dev-Platform (6631380F-2D4D-43E0-8009-CF276956A95A): 0
LogDevObjectVersion:   Dev-Rendering (12F88B9F-8875-4AFC-A67C-D90C383ABD29): 26
LogDevObjectVersion:   Dev-Sequencer (7B5AE74C-D270-4C10-A958-57980B212A5A): 9
LogDevObjectVersion:   Dev-VR (D7296918-1DD6-4BDD-9DE2-64A83CC13884): 2
LogDevObjectVersion:   Dev-LoadTimes (C2A15278-BFE7-4AFE-6C17-90FF531DF755): 1
LogDevObjectVersion:   Private-Geometry (6EACA3D4-40EC-4CC1-B786-8BED09428FC5): 3
LogDevObjectVersion:   Dev-AnimPhys (29E575DD-E0A3-4627-9D10-D276232CDCEA): 17
LogDevObjectVersion:   Dev-ReflectionCapture (6B266CEC-1EC7-4B8F-A30B-E4D90942FC07): 1
LogDevObjectVersion:   Dev-Automation (0DF73D61-A23F-47EA-B727-89E90C41499A): 1
LogDevObjectVersion:   FortniteMain (601D1886-AC64-4F84-AA16-D3DE0DEAC7D6): 12
LogDevObjectVersion:   Dev-Enterprise (9DFFBCD6-494F-0158-E221-12823C92A888): 1
LogStreaming: Display: Took  0.001s to delete old logs.
LogInit: Presizing for max 8388607 objects, including 0 objects not considered by GC, pre-allocating 0 bytes for permanent pool.
LogInit: Object subsystem initialized
[2018.10.11-13.34.34:060][  0]LogInit: Selected Device Profile: [Windows]
[2018.10.11-13.34.34:060][  0]LogInit: Applying CVar settings loaded from the selected device profile: [Windows]
[2018.10.11-13.34.34:076][  0]LogHAL: Display: Platform has ~ 16 GB [17080971264 / 17179869184 / 16], which maps to Larger [LargestMinGB=32, LargerMinGB=12, DefaultMinGB=8, SmallerMinGB=6, SmallestMinGB=0)
[2018.10.11-13.34.34:076][  0]LogInit: Setting Device Profile CVar: [[r.Vulkan.UseRealUBs:1]]
[2018.10.11-13.34.34:076][  0]LogInit: Going up to parent DeviceProfile []
[2018.10.11-13.34.34:077][  0]LogInit: Computer: AMTX222-24
[2018.10.11-13.34.34:077][  0]LogInit: User: mw2crt
[2018.10.11-13.34.34:077][  0]LogInit: CPU Page size=4096, Cores=4
[2018.10.11-13.34.34:077][  0]LogInit: High frequency timer resolution =3.507504 MHz
[2018.10.11-13.34.34:077][  0]LogMemory: Memory total: Physical=15.9GB (16GB approx)
[2018.10.11-13.34.34:077][  0]LogMemory: Platform Memory Stats for Windows
[2018.10.11-13.34.34:077][  0]LogMemory: Process Physical Memory: 99.76 MB used, 99.76 MB peak
[2018.10.11-13.34.34:077][  0]LogMemory: Process Virtual Memory: 91.09 MB used, 91.09 MB peak
[2018.10.11-13.34.34:077][  0]LogMemory: Physical Memory: 3782.86 MB used,  12506.82 MB free, 16289.68 MB total
[2018.10.11-13.34.34:077][  0]LogMemory: Virtual Memory: 4641.32 MB used,  12506.82 MB free, 134217728.00 MB total
[2018.10.11-13.34.34:090][  0]LogInit: Using OS detected language (en-GB).
[2018.10.11-13.34.34:090][  0]LogInit: Using OS detected locale (en-GB).
[2018.10.11-13.34.34:091][  0]LogTextLocalizationManager: No specific localization for 'en-GB' exists, so the 'en' localization will be used.
[2018.10.11-13.34.34:420][  0]LogStreaming: Display: Took  0.330s to InitEngineTextLocalization.
[2018.10.11-13.34.34:420][  0]LogInit: Setting process to per monitor DPI aware
[2018.10.11-13.34.34:459][  0]LogSlate: New Slate User Created.  User Index 0, Is Virtual User: 0
[2018.10.11-13.34.34:459][  0]LogSlate: Slate User Registered.  User Index 0, Is Virtual User: 0
[2018.10.11-13.34.34:620][  0]LogHMD: Failed to initialize OpenVR with code 110
[2018.10.11-13.34.34:620][  0]LogD3D11RHI: D3D11 adapters:
[2018.10.11-13.34.34:663][  0]LogD3D11RHI:    0. 'NVIDIA GeForce GTX 780' (Feature Level 11_0)
[2018.10.11-13.34.34:663][  0]LogD3D11RHI:       3029/0/8144 MB DedicatedVideo/DedicatedSystem/SharedSystem, Outputs:2, VendorId:0x10de
[2018.10.11-13.34.34:665][  0]LogD3D11RHI:    1. 'Microsoft Basic Render Driver' (Feature Level 11_0)
[2018.10.11-13.34.34:665][  0]LogD3D11RHI:       0/0/8144 MB DedicatedVideo/DedicatedSystem/SharedSystem, Outputs:0, VendorId:0x1414
[2018.10.11-13.34.34:665][  0]LogD3D11RHI: Chosen D3D11 Adapter: 0
[2018.10.11-13.34.34:669][  0]LogD3D11RHI: Creating new Direct3DDevice
[2018.10.11-13.34.34:669][  0]LogD3D11RHI:     GPU DeviceId: 0x1004 (for the marketing name, search the web for "GPU Device Id")
[2018.10.11-13.34.34:669][  0]LogWindows: EnumDisplayDevices:
[2018.10.11-13.34.34:669][  0]LogWindows:    0. 'NVIDIA GeForce GTX 780' (P:1 D:1)
[2018.10.11-13.34.34:669][  0]LogWindows:    1. 'NVIDIA GeForce GTX 780' (P:0 D:1)
[2018.10.11-13.34.34:669][  0]LogWindows:    2. 'NVIDIA GeForce GTX 780' (P:0 D:0)
[2018.10.11-13.34.34:669][  0]LogWindows:    3. 'NVIDIA GeForce GTX 780' (P:0 D:0)
[2018.10.11-13.34.34:669][  0]LogWindows: DebugString: FoundDriverCount:4 
[2018.10.11-13.34.34:669][  0]LogD3D11RHI:     Adapter Name: NVIDIA GeForce GTX 780
[2018.10.11-13.34.34:669][  0]LogD3D11RHI:   Driver Version: 399.07 (internal:24.21.13.9907, unified:399.07)
[2018.10.11-13.34.34:670][  0]LogD3D11RHI:      Driver Date: 8-21-2018
[2018.10.11-13.34.34:670][  0]LogRHI: Texture pool is 2120 MB (70% of 3029 MB)
[2018.10.11-13.34.34:696][  0]LogD3D11RHI: Async texture creation enabled
[2018.10.11-13.34.34:712][  0]LogD3D11RHI: GPU Timing Frequency: 1000.000000 (Debug: 2 2)
[2018.10.11-13.34.34:714][  0]LogShaderCompilers: Guid format shader working directory is -23 characters bigger than the processId version (../../../../../../Temp/MatthewWest/Wally/Fate-Find-Wally/FateFindWally/Intermediate/Shaders/WorkingDirectory/9788/).
[2018.10.11-13.34.34:714][  0]LogShaderCompilers: Cleaned the shader compiler working directory 'C:/Users/mw2crt/AppData/Local/Temp/UnrealShaderWorkingDir/E51AD655496B2ACC68D76D9C6288BF51/'.
[2018.10.11-13.34.35:219][  0]LogTemp: Display: Loaded TP AllDesktopTargetPlatform
[2018.10.11-13.34.35:231][  0]LogTemp: Display: Loaded TP MacClientTargetPlatform
[2018.10.11-13.34.35:243][  0]LogTemp: Display: Loaded TP MacNoEditorTargetPlatform
[2018.10.11-13.34.35:254][  0]LogTemp: Display: Loaded TP MacServerTargetPlatform
[2018.10.11-13.34.35:266][  0]LogTemp: Display: Loaded TP MacTargetPlatform
[2018.10.11-13.34.35:277][  0]LogTemp: Display: Loaded TP WindowsClientTargetPlatform
[2018.10.11-13.34.35:289][  0]LogTemp: Display: Loaded TP WindowsNoEditorTargetPlatform
[2018.10.11-13.34.35:301][  0]LogTemp: Display: Loaded TP WindowsServerTargetPlatform
[2018.10.11-13.34.35:306][  0]LogTemp: Display: Loaded TP WindowsTargetPlatform
[2018.10.11-13.34.35:375][  0]LogTemp: Display: Loaded TP AndroidTargetPlatform
[2018.10.11-13.34.35:375][  0]LogTemp: Display: Loaded TP AndroidTargetPlatform
[2018.10.11-13.34.35:375][  0]LogTemp: Display: Loaded TP AndroidTargetPlatform
[2018.10.11-13.34.35:375][  0]LogTemp: Display: Loaded TP AndroidTargetPlatform
[2018.10.11-13.34.35:375][  0]LogTemp: Display: Loaded TP AndroidTargetPlatform
[2018.10.11-13.34.35:375][  0]LogTemp: Display: Loaded TP AndroidTargetPlatform
[2018.10.11-13.34.35:375][  0]LogTemp: Display: Loaded TP AndroidTargetPlatform
[2018.10.11-13.34.35:375][  0]LogTemp: Display: Loaded TP AndroidTargetPlatform
[2018.10.11-13.34.35:375][  0]LogTemp: Display: Loaded TP AndroidTargetPlatform
[2018.10.11-13.34.35:375][  0]LogTemp: Display: Loaded TP AndroidTargetPlatform
[2018.10.11-13.34.35:375][  0]LogTemp: Display: Loaded TP AndroidTargetPlatform
[2018.10.11-13.34.35:375][  0]LogTemp: Display: Loaded TP AndroidTargetPlatform
[2018.10.11-13.34.35:375][  0]LogTemp: Display: Loaded TP AndroidTargetPlatform
[2018.10.11-13.34.35:375][  0]LogTemp: Display: Loaded TP AndroidTargetPlatform
[2018.10.11-13.34.35:375][  0]LogTemp: Display: Loaded TP AndroidTargetPlatform
[2018.10.11-13.34.35:375][  0]LogTemp: Display: Loaded TP AndroidTargetPlatform
[2018.10.11-13.34.35:375][  0]LogTemp: Display: Loaded TP AndroidTargetPlatform
[2018.10.11-13.34.35:375][  0]LogTemp: Display: Loaded TP AndroidTargetPlatform
[2018.10.11-13.34.35:376][  0]LogTemp: Display: Loaded TP HTML5TargetPlatform
[2018.10.11-13.34.35:433][  0]LogTemp: Display: Loaded TP IOSTargetPlatform
[2018.10.11-13.34.35:433][  0]LogTemp: Display: Loaded TP IOSTargetPlatform
[2018.10.11-13.34.35:475][  0]LogTemp: Display: Loaded TP TVOSTargetPlatform
[2018.10.11-13.34.35:475][  0]LogTemp: Display: Loaded TP TVOSTargetPlatform
[2018.10.11-13.34.35:487][  0]LogTemp: Display: Loaded TP LinuxClientTargetPlatform
[2018.10.11-13.34.35:498][  0]LogTemp: Display: Loaded TP LinuxNoEditorTargetPlatform
[2018.10.11-13.34.35:508][  0]LogTemp: Display: Loaded TP LinuxServerTargetPlatform
[2018.10.11-13.34.35:519][  0]LogTemp: Display: Loaded TP LinuxTargetPlatform
[2018.10.11-13.34.35:527][  0]LogTemp: Display: Loaded TP LuminTargetPlatform
[2018.10.11-13.34.35:527][  0]LogTargetPlatformManager: Display: Building Assets For Windows
[2018.10.11-13.34.35:571][  0]LogXGEController: Cleaning working directory: C:/Users/mw2crt/AppData/Local/Temp/UnrealXGEWorkingDir/
[2018.10.11-13.34.35:572][  0]LogXGEController: Cannot use XGE Controller as Incredibuild is not installed on this machine.
[2018.10.11-13.34.35:572][  0]LogShaderCompilers: Cannot use XGE Shader Compiler as Incredibuild is not installed on this machine.
[2018.10.11-13.34.35:572][  0]LogShaderCompilers: Display: Using Local Shader Compiler.
[2018.10.11-13.34.36:310][  0]LogDerivedDataCache: Display: Max Cache Size: 512 MB
[2018.10.11-13.34.36:310][  0]LogDerivedDataCache: Display: Starting with empty Boot cache
[2018.10.11-13.34.36:310][  0]LogDerivedDataCache: FDerivedDataBackendGraph:  Pak pak cache file ../../../../../../Temp/MatthewWest/Wally/Fate-Find-Wally/FateFindWally/DerivedDataCache/DDC.ddp not found, will not use a pak cache.
[2018.10.11-13.34.36:310][  0]LogDerivedDataCache: Unable to find inner node Pak for hierarchical cache Hierarchy.
[2018.10.11-13.34.36:311][  0]LogDerivedDataCache: FDerivedDataBackendGraph:  CompressedPak pak cache file ../../../../../../Temp/MatthewWest/Wally/Fate-Find-Wally/FateFindWally/DerivedDataCache/Compressed.ddp not found, will not use a pak cache.
[2018.10.11-13.34.36:311][  0]LogDerivedDataCache: Unable to find inner node CompressedPak for hierarchical cache Hierarchy.
[2018.10.11-13.34.36:322][  0]LogDerivedDataCache: Display: Pak cache opened for reading ../../../Engine/DerivedDataCache/Compressed.ddp.
[2018.10.11-13.34.36:334][  0]LogDerivedDataCache: Using Local data cache path C:/Users/mw2crt/AppData/Local/UnrealEngine/Common/DerivedDataCache: Writable
[2018.10.11-13.34.36:334][  0]LogDerivedDataCache: Shared data cache path not found in *engine.ini, will not use an Shared cache.
[2018.10.11-13.34.36:334][  0]LogDerivedDataCache: Unable to find inner node Shared for hierarchical cache Hierarchy.
[2018.10.11-13.34.36:366][  0]LogMaterial: Verifying Global Shaders for PCD3D_SM5
[2018.10.11-13.34.36:368][  0]LogSlate: Using FreeType 2.6.0
[2018.10.11-13.34.36:368][  0]LogSlate: SlateFontServices - WITH_FREETYPE: 1, WITH_HARFBUZZ: 1
[2018.10.11-13.34.36:435][  0]LogAssetRegistry: FAssetRegistry took 0.0258 seconds to start up
[2018.10.11-13.34.36:721][  0]LogInit: Selected Device Profile: [Windows]
[2018.10.11-13.34.36:839][  0]LogSimplygon: Simplygon DLL not present - disabling.
[2018.10.11-13.34.36:843][  0]LogMeshReduction: Using SimplygonSwarm for distributed automatic mesh merging
[2018.10.11-13.34.36:843][  0]LogMeshReduction: Using ProxyLODMeshReduction for automatic mesh merging
[2018.10.11-13.34.36:843][  0]LogMeshReduction: Using QuadricMeshReduction for automatic static mesh reduction
[2018.10.11-13.34.36:843][  0]LogMeshReduction: No automatic skeletal mesh reduction module available
[2018.10.11-13.34.36:863][  0]LogNetVersion: FateFindWally 1.0.0, NetCL: 4212847, EngineNetVer: 5, GameNetVer: 0 (Checksum: 1069516462)
[2018.10.11-13.34.37:426][  0]LogPackageLocalizationCache: Processed 11 localized package path(s) for 2 prioritized culture(s) in 0.138575 seconds
[2018.10.11-13.34.37:432][  0]LogUObjectArray: 38425 objects as part of root set at end of initial load.
[2018.10.11-13.34.37:432][  0]LogUObjectAllocator: 6690864 out of 0 bytes used by permanent object pool.
[2018.10.11-13.34.37:432][  0]LogUObjectArray: CloseDisregardForGC: 0/0 objects in disregard for GC pool
[2018.10.11-13.34.38:201][  0]LogTcpMessaging: Initializing TcpMessaging bridge
[2018.10.11-13.34.38:214][  0]LogUdpMessaging: Initializing bridge on interface 0.0.0.0:0 to multicast group 230.0.0.1:6666.
[2018.10.11-13.34.39:042][  0]SourceControl: Source control is disabled
[2018.10.11-13.34.39:042][  0]SourceControl: Source control is disabled
[2018.10.11-13.34.39:085][  0]SourceControl: Source control is disabled
[2018.10.11-13.34.39:108][  0]SourceControl: Source control is disabled
[2018.10.11-13.34.40:380][  0]LogAndroidPermission: UAndroidPermissionCallbackProxy::GetInstance
[2018.10.11-13.34.40:580][  0]LogOcInput: OculusInput pre-init called
[2018.10.11-13.34.40:799][  0]LogEngine: Initializing Engine...
[2018.10.11-13.34.40:799][  0]LogHMD: Failed to initialize OpenVR with code 110
[2018.10.11-13.34.40:800][  0]LogStats: UGameplayTagsManager::ConstructGameplayTagTree: ImportINI prefixes -  0.000 s
[2018.10.11-13.34.40:800][  0]LogStats: UGameplayTagsManager::ConstructGameplayTagTree: Construct from data asset -  0.000 s
[2018.10.11-13.34.40:800][  0]LogStats: UGameplayTagsManager::ConstructGameplayTagTree: ImportINI -  0.000 s
[2018.10.11-13.34.40:800][  0]LogStats: UGameplayTagsManager::ConstructGameplayTagTree: GameplayTagTreeChangedEvent.Broadcast -  0.000 s
[2018.10.11-13.34.41:414][  0]LogInit: Initializing FReadOnlyCVARCache
[2018.10.11-13.34.41:445][  0]LogAIModule: Creating AISystem for world Untitled
[2018.10.11-13.34.41:450][  0]LogInit: XAudio2 using 'Speakers (High Definition Audio Device)' : 2 channels at 48 kHz using 16 bits per sample (channel mask 0x3)
[2018.10.11-13.34.41:507][  0]LogInit: FAudioDevice initialized.
[2018.10.11-13.34.41:507][  0]LogNetVersion: Set ProjectVersion to 1.0.0.0. Version Checksum will be recalculated on next use.
[2018.10.11-13.34.41:657][  0]LogDerivedDataCache: Saved boot cache 0.15s 73MB C:/Users/mw2crt/AppData/Local/UnrealEngine/4.20/DerivedDataCache/Boot.ddc.
[2018.10.11-13.34.41:661][  0]LogInit: Texture streaming: Enabled
[2018.10.11-13.34.41:787][  0]LogEngineSessionManager: EngineSessionManager initialized
[2018.10.11-13.34.41:826][  0]LogWindowsTextInputMethodSystem: Display: IME system now deactivated.
[2018.10.11-13.34.41:884][  0]LogInit: Transaction tracking system initialized
[2018.10.11-13.34.42:148][  0]BlueprintLog: New page: Editor Load
[2018.10.11-13.34.47:392][  0]LocalizationService: Localization service is disabled
[2018.10.11-13.34.49:722][  0]LogCook: Display: Max memory allowance for cook 16384mb min free memory 0mb
[2018.10.11-13.34.49:722][  0]LogCook: Display: Mobile HDR setting 1
[2018.10.11-13.34.49:722][  0]LogGameplayTags: Display: UGameplayTagsManager::DoneAddingNativeTags. DelegateIsBound: 0
[2018.10.11-13.34.49:722][  0]LogStats: UGameplayTagsManager::ConstructGameplayTagTree: ImportINI prefixes -  0.000 s
[2018.10.11-13.34.49:722][  0]LogStats: UGameplayTagsManager::ConstructGameplayTagTree: Construct from data asset -  0.000 s
[2018.10.11-13.34.49:722][  0]LogStats: UGameplayTagsManager::ConstructGameplayTagTree: ImportINI -  0.000 s
[2018.10.11-13.34.49:722][  0]LogStats: UGameplayTagsManager::ConstructGameplayTagTree: GameplayTagTreeChangedEvent.Broadcast -  0.000 s
[2018.10.11-13.34.50:922][  0]LogFileCache: Scanning file cache for directory 'C:/Temp/MatthewWest/Wally/Fate-Find-Wally/FateFindWally/Content/' took 0.02s
[2018.10.11-13.34.52:040][  0]SourceControl: Source control is disabled
[2018.10.11-13.34.52:041][  0]Cmd: MAP LOAD FILE="../../../../../../Temp/MatthewWest/Wally/Fate-Find-Wally/FateFindWally/Content/FirstPersonCPP/Maps/FirstPersonExampleMap.umap" TEMPLATE=0 SHOWPROGRESS=1 FEATURELEVEL=3
[2018.10.11-13.34.52:041][  0]LightingResults: New page: Lighting Build
[2018.10.11-13.34.52:044][  0]MapCheck: New page: Map Check
[2018.10.11-13.34.52:044][  0]LightingResults: New page: Lighting Build
[2018.10.11-13.34.52:224][  0]LogLinker: Warning: Can't find file '/Game/FirstPersonCPP/Maps/FirstPersonExampleMap_BuiltData'
[2018.10.11-13.34.52:224][  0]LogLinker: Warning: Can't find file for asset '/Game/FirstPersonCPP/Maps/FirstPersonExampleMap_BuiltData' while loading ../../../../../../Temp/MatthewWest/Wally/Fate-Find-Wally/FateFindWally/Content/FirstPersonCPP/Maps/FirstPersonExampleMap.umap.
[2018.10.11-13.34.52:224][  0]LoadErrors: Error: /Game/FirstPersonCPP/Maps/FirstPersonExampleMap : Can't find file for asset. /Game/FirstPersonCPP/Maps/FirstPersonExampleMap_BuiltData
[2018.10.11-13.34.52:226][  0]LogLinker: Warning: Can't find file '/Game/FirstPersonCPP/Maps/FirstPersonExampleMap_BuiltData'
[2018.10.11-13.34.52:227][  0]LogLinker: Warning: Can't find file for asset '/Game/FirstPersonCPP/Maps/FirstPersonExampleMap_BuiltData' while loading ../../../../../../Temp/MatthewWest/Wally/Fate-Find-Wally/FateFindWally/Content/FirstPersonCPP/Maps/FirstPersonExampleMap.umap.
[2018.10.11-13.34.52:227][  0]LoadErrors: Error: /Game/FirstPersonCPP/Maps/FirstPersonExampleMap : Can't find file for asset. /Game/FirstPersonCPP/Maps/FirstPersonExampleMap_BuiltData
[2018.10.11-13.34.52:258][  0]LogLinker: Warning: Can't find file '/Game/FirstPersonCPP/Maps/FirstPersonExampleMap_BuiltData'
[2018.10.11-13.34.52:258][  0]LogLinker: Warning: Can't find file for asset '/Game/FirstPersonCPP/Maps/FirstPersonExampleMap_BuiltData' while loading NULL.
[2018.10.11-13.34.52:258][  0]LogLinker: Warning: Can't find file '/Game/FirstPersonCPP/Maps/FirstPersonExampleMap_BuiltData'
[2018.10.11-13.34.52:258][  0]LogLinker: Warning: Can't find file for asset '/Game/FirstPersonCPP/Maps/FirstPersonExampleMap_BuiltData' while loading NULL.
[2018.10.11-13.34.52:341][  0]LogLinker: Warning: Can't find file '/Game/FirstPersonCPP/Maps/FirstPersonExampleMap_BuiltData'
[2018.10.11-13.34.52:341][  0]LoadErrors: Failed to load /Game/FirstPersonCPP/Maps/FirstPersonExampleMap_BuiltData.FirstPersonExampleMap_BuiltData Referenced by PersistentLevel
[2018.10.11-13.34.52:341][  0]LogLinker: Warning: Can't find file for asset '/Game/FirstPersonCPP/Maps/FirstPersonExampleMap_BuiltData' while loading NULL.
[2018.10.11-13.34.52:341][  0]LoadErrors: Failed to load /Game/FirstPersonCPP/Maps/FirstPersonExampleMap_BuiltData.FirstPersonExampleMap_BuiltData Referenced by PersistentLevel
[2018.10.11-13.34.53:562][  0]LogAIModule: Creating AISystem for world FirstPersonExampleMap
[2018.10.11-13.34.53:611][  0]LogEditorServer: Finished looking for orphan Actors (0.000 secs)
[2018.10.11-13.34.53:639][  0]Cmd: MAP CHECKDEP NOCLEARLOG
[2018.10.11-13.34.53:699][  0]MapCheck: Map check complete: 0 Error(s), 0 Warning(s), took 61.687ms to complete.
[2018.10.11-13.34.53:699][  0]LogFileHelpers: Loading map 'FirstPersonExampleMap' took 1.659
[2018.10.11-13.34.54:034][  0]LogSlate: Updating window title bar state: overlay mode, drag disabled, window buttons hidden, title bar hidden
[2018.10.11-13.34.54:043][  0]LogSlate: Updating window title bar state: overlay mode, drag disabled, window buttons hidden, title bar hidden
[2018.10.11-13.34.54:052][  0]LogSlate: Updating window title bar state: overlay mode, drag disabled, window buttons hidden, title bar hidden
[2018.10.11-13.34.54:063][  0]LogSlate: Updating window title bar state: overlay mode, drag disabled, window buttons hidden, title bar hidden
[2018.10.11-13.34.54:158][  0]LogCollectionManager: Loaded 0 collections in 0.002214 seconds
[2018.10.11-13.34.54:203][  0]LogFileCache: Scanning file cache for directory 'C:/Temp/MatthewWest/Wally/Fate-Find-Wally/FateFindWally/Saved/Collections/' took 0.01s
[2018.10.11-13.34.54:203][  0]LogFileCache: Scanning file cache for directory 'C:/Temp/MatthewWest/Wally/Fate-Find-Wally/FateFindWally/Content/Developers/mw2crt/Collections/' took 0.01s
[2018.10.11-13.34.54:203][  0]LogFileCache: Scanning file cache for directory 'C:/Temp/MatthewWest/Wally/Fate-Find-Wally/FateFindWally/Content/Collections/' took 0.01s
[2018.10.11-13.34.54:203][  0]LogCollectionManager: Rebuilt the GUID cache for 0 collections in 0.000001 seconds
[2018.10.11-13.34.54:212][  0]LogContentBrowser: Native class hierarchy populated in 0.0090 seconds. Added 2576 classes and 605 folders.
[2018.10.11-13.34.54:219][  0]LogContentBrowser: Native class hierarchy updated for 'WidgetCarousel' in 0.0004 seconds. Added 0 classes and 0 folders.
[2018.10.11-13.34.59:126][  0]LogContentBrowser: Native class hierarchy updated for 'AddContentDialog' in 0.0003 seconds. Added 0 classes and 0 folders.
[2018.10.11-13.34.59:185][  0]LogContentBrowser: Native class hierarchy updated for 'SceneOutliner' in 0.0004 seconds. Added 1 classes and 2 folders.
[2018.10.11-13.34.59:566][  0]LogSlate: Took 0.366568 seconds to synchronously load lazily loaded font '../../../Engine/Content/Slate/Fonts/Roboto-Regular.ttf' (155K)
[2018.10.11-13.34.59:646][  0]LogSlate: Took 0.072842 seconds to synchronously load lazily loaded font '../../../Engine/Content/Slate/Fonts/Roboto-Bold.ttf' (160K)
[2018.10.11-13.34.59:703][  0]LogSlate: Took 0.040650 seconds to synchronously load lazily loaded font '../../../Engine/Content/Editor/Slate/Fonts/FontAwesome.ttf' (139K)
[2018.10.11-13.35.00:213][  0]LogRenderer: Reallocating scene render targets to support 1208x576 Format 10 NumSamples 1 (Frame:1).
[2018.10.11-13.35.00:992][  0]LogSlate: FSceneViewport::OnFocusLost() reason 2
[2018.10.11-13.35.01:062][  0]LogSlate: Window 'Tutorials' being destroyed
[2018.10.11-13.35.01:121][  0]LogContentBrowser: Native class hierarchy updated for 'HierarchicalLODOutliner' in 0.0004 seconds. Added 0 classes and 0 folders.
[2018.10.11-13.35.01:121][  0]LogLoad: (Engine Initialization) Total time: 28.87 seconds
[2018.10.11-13.35.01:121][  0]LogLoad: (Engine Initialization) Total Blueprint compile time: 0.00 seconds
[2018.10.11-13.35.01:150][  0]LogContentStreaming: Texture pool size now 1000 MB
[2018.10.11-13.35.01:155][  0]LogSlate: FSceneViewport::OnFocusLost() reason 2
[2018.10.11-13.35.01:294][  0]LogSlate: Took 0.025804 seconds to synchronously load lazily loaded font '../../../Engine/Content/Slate/Fonts/Roboto-Light.ttf' (167K)
[2018.10.11-13.35.01:465][  1]LogAssetRegistry: Asset discovery search completed in 25.0531 seconds
[2018.10.11-13.35.01:468][  1]LogCollectionManager: Rebuilt the object cache for 0 collections in 0.000001 seconds (found 0 objects)
[2018.10.11-13.35.01:468][  1]LogCollectionManager: Fixed up redirectors for 0 collections in 0.000078 seconds (updated 0 objects)
[2018.10.11-13.35.15:750][455]LogSlate: Window 'Message Log' being destroyed
[2018.10.11-13.35.15:753][455]LogSlate: Window 'Message Log' being destroyed
[2018.10.11-13.35.17:134][620]LogSlate: FSceneViewport::OnFocusLost() reason 0
[2018.10.11-13.35.17:276][637]MapCheck: New page: Map Check
[2018.10.11-13.35.17:615][637]Cmd: MAP REBUILD ALLVISIBLE
[2018.10.11-13.35.17:671][637]LogEditorServer: Rebuildmap Clear paths rebuilt
[2018.10.11-13.35.19:279][637]LogMaterial: Display: Missing cached shader map for material FDebugViewModeMaterialProxy CubeMaterialOverride, compiling. 
[2018.10.11-13.35.19:343][637]LogMaterial: Display: Missing cached shader map for material FDebugViewModeMaterialProxy MaterialInstanceDynamic_0, compiling. 
[2018.10.11-13.35.19:348][637]LogShaderCompilers: Display: Shaders left to compile 2
[2018.10.11-13.35.19:348][637]LogShaderCompilers: Display: Shaders left to compile 1
[2018.10.11-13.35.19:348][637]LogMaterial: Display: Missing cached shader map for material FDebugViewModeMaterialProxy CubeMaterial, compiling. 
[2018.10.11-13.35.19:354][637]LogMaterial: Display: Missing cached shader map for material FDebugViewModeMaterialProxy WorldGridMaterial, compiling. Is special engine material.
[2018.10.11-13.35.19:362][637]LogMaterial: Display: Missing cached shader map for material FDebugViewModeMaterialProxy M_Door, compiling. 
[2018.10.11-13.35.19:369][637]LogMaterial: Display: Missing cached shader map for material FDebugViewModeMaterialProxy M_Glass, compiling. 
[2018.10.11-13.35.19:439][637]LogMaterial: Display: Missing cached shader map for material FDebugViewModeMaterialProxy M_Basic_Floor, compiling. 
[2018.10.11-13.35.19:444][637]LogMaterial: Display: Missing cached shader map for material FDebugViewModeMaterialProxy M_Basic_Wall, compiling. 
[2018.10.11-13.35.19:449][637]LogMaterial: Display: Missing cached shader map for material FDebugViewModeMaterialProxy M_Bush, compiling. 
[2018.10.11-13.35.19:455][637]LogMaterial: Display: Missing cached shader map for material FDebugViewModeMaterialProxy M_TableRound, compiling. 
[2018.10.11-13.35.19:460][637]LogMaterial: Display: Missing cached shader map for material FDebugViewModeMaterialProxy M_Chair, compiling. 
[2018.10.11-13.35.19:466][637]LogMaterial: Display: Missing cached shader map for material FDebugViewModeMaterialProxy M_UE4Man_Body, compiling. 
[2018.10.11-13.35.19:474][637]LogMaterial: Display: Missing cached shader map for material FDebugViewModeMaterialProxy M_FPGun, compiling. 
[2018.10.11-13.35.19:481][637]LogMaterial: Display: Missing cached shader map for material FDebugViewModeMaterialProxy MatineeCam_mat, compiling. 
[2018.10.11-13.35.25:955][637]LogShaderCompilers: Display: Shaders left to compile 12
[2018.10.11-13.35.25:955][637]LogShaderCompilers: Display: Shaders left to compile 11
[2018.10.11-13.35.25:955][637]LogShaderCompilers: Display: Shaders left to compile 10
[2018.10.11-13.35.25:955][637]LogShaderCompilers: Display: Shaders left to compile 9
[2018.10.11-13.35.25:955][637]LogShaderCompilers: Display: Shaders left to compile 8
[2018.10.11-13.35.25:955][637]LogShaderCompilers: Display: Shaders left to compile 7
[2018.10.11-13.35.25:955][637]LogShaderCompilers: Display: Shaders left to compile 6
[2018.10.11-13.35.25:955][637]LogShaderCompilers: Display: Shaders left to compile 5
[2018.10.11-13.35.25:955][637]LogShaderCompilers: Display: Shaders left to compile 4
[2018.10.11-13.35.25:955][637]LogShaderCompilers: Display: Shaders left to compile 3
[2018.10.11-13.35.25:955][637]LogShaderCompilers: Display: Shaders left to compile 2
[2018.10.11-13.35.25:955][637]LogShaderCompilers: Display: Shaders left to compile 1
[2018.10.11-13.35.25:955][637]TextureStreamingBuild: Display: Compiling optional shaders took 6.681 seconds.
[2018.10.11-13.35.26:101][637]LogLevel: Display: Export Material TexCoord Scales took 0.147 seconds.
[2018.10.11-13.35.26:261][637]TextureStreamingBuild: Display: Build Texture Streaming took 0.145 seconds.
[2018.10.11-13.35.26:353][637]LightingResults: New page: Lighting Build - 11 Oct 2018 15:35:26
[2018.10.11-13.35.26:913][637]LogSwarmInterface: [OpenConnection] Registering TCP channel ...
[2018.10.11-13.35.27:319][637]LogSwarmInterface: [OpenConnection] Connecting to agent ...
[2018.10.11-13.35.27:481][637]LogSwarmInterface: [TryOpenConnection] Testing the Agent
[2018.10.11-13.35.29:878][637]LogSwarmInterface: Error: [TryOpenConnection] Waiting for the agent to start up ...
[2018.10.11-13.35.30:279][637]LogSwarmInterface: Error: System.Net.Sockets.SocketException (0x80004005): No connection could be made because the target machine actively refused it 127.0.0.1:8008

Server stack trace: 
   at System.Net.Sockets.Socket.DoConnect(EndPoint endPointSnapshot, SocketAddress socketAddress)
   at System.Net.Sockets.Socket.Connect(EndPoint remoteEP)
   at System.Runtime.Remoting.Channels.RemoteConnection.CreateNewSocket(EndPoint ipEndPoint)
   at System.Runtime.Remoting.Channels.SocketCache.GetSocket(String machinePortAndSid, Boolean openNew)
   at System.Runtime.Remoting.Channels.Tcp.TcpClientTransportSink.SendRequestWithRetry(IMessage msg, ITransportHeaders requestHeaders, Stream requestStream)
   at System.Runtime.Remoting.Channels.Tcp.TcpClientTransportSink.AsyncProcessRequest(IClientChannelSinkStack sinkStack, IMessage msg, ITransportHeaders headers, Stream stream)
   at System.Runtime.Remoting.Channels.BinaryClientFormatterSink.AsyncProcessMessage(IMessage msg, IMessageSink replySink)

Exception rethrown at [0]: 
   at System.Runtime.Remoting.Proxies.RealProxy.HandleReturnMessage(IMessage reqMsg, IMessage retMsg)
   at System.Runtime.Remoting.Proxies.RealProxy.PrivateInvoke(MessageData& msgData, Int32 type)
   at NSwarm.IAgentInterfaceWrapper.MethodDelegate.EndInvoke(Hashtable& OutParameters, IAsyncResult result)
   at NSwarm.FSwarmInterface.TryOpenConnection(FConnectionCallback CallbackFunc, IntPtr CallbackData, ELogFlags LoggingFlags) in D:\Build\++UE4\Sync\Saved\CsTools\Engine\Source\Editor\SwarmInterface\DotNET\SwarmInterface.cs:line 2811
[2018.10.11-13.35.35:782][637]LogSwarmInterface: [TryOpenConnection] Opening Connection to Agent
[2018.10.11-13.35.35:783][637]LogSwarmInterface: [TryOpenConnection] Local Process ID is 9788
[2018.10.11-13.35.40:751][637]LogStaticLightingSystem: Running Lightmass w/ ImmediateImport mode ENABLED
[2018.10.11-13.35.40:751][637]LogStaticLightingSystem: Running Lightmass w/ ImmediateProcess mode ENABLED
[2018.10.11-13.35.40:751][637]LogStaticLightingSystem: Running Lightmass w/ Sorting mode ENABLED
[2018.10.11-13.35.40:751][637]LogStaticLightingSystem: Running Lightmass w/ Mapping paddings ENABLED
[2018.10.11-13.35.40:751][637]LogStaticLightingSystem: Running Lightmass w/ Mapping debug paddings DISABLED
[2018.10.11-13.35.41:540][637]Cmd: MAP CHECK DONTDISPLAYDIALOG
[2018.10.11-13.35.41:540][637]MapCheck: New page: FirstPersonExampleMap - 11 Oct 2018 15:35:41
[2018.10.11-13.35.41:541][637]MapCheck: Error: WorldInfo_0 Maps need lighting rebuilt 
[2018.10.11-13.35.41:659][637]MapCheck: Map check complete: 1 Error(s), 0 Warning(s), took 119.458ms to complete.
[2018.10.11-13.35.41:682][637]LogEditorBuildUtils: Build time 0:24
[2018.10.11-13.35.41:703][637]LogMaterial: Display: Missing cached shader map for material FLightmassMaterialRenderer MaterialInstanceDynamic_0, compiling. 
[2018.10.11-13.35.41:712][637]LogMaterial: Display: Missing cached shader map for material FLightmassMaterialRenderer MaterialInstanceDynamic_0, compiling. 
[2018.10.11-13.35.41:906][637]LogShaderCompilers: Display: Shaders left to compile 2
[2018.10.11-13.35.41:906][637]LogShaderCompilers: Display: Shaders left to compile 2
[2018.10.11-13.35.41:927][638]LogMaterial: Display: Missing cached shader map for material FLightmassMaterialRenderer CubeMaterial, compiling. 
[2018.10.11-13.35.41:936][638]LogShaderCompilers: Display: Shaders left to compile 2
[2018.10.11-13.35.41:936][638]LogMaterial: Display: Missing cached shader map for material FLightmassMaterialRenderer CubeMaterial, compiling. 
[2018.10.11-13.35.42:008][638]LogShaderCompilers: Display: Shaders left to compile 2
[2018.10.11-13.35.42:019][639]LogMaterial: Display: Missing cached shader map for material FLightmassMaterialRenderer M_Door, compiling. 
[2018.10.11-13.35.42:027][639]LogMaterial: Display: Missing cached shader map for material FLightmassMaterialRenderer M_Door, compiling. 
[2018.10.11-13.35.42:067][640]LogMaterial: Display: Missing cached shader map for material FLightmassMaterialRenderer M_Glass, compiling. 
[2018.10.11-13.35.42:075][640]LogMaterial: Display: Missing cached shader map for material FLightmassMaterialRenderer M_Glass, compiling. 
[2018.10.11-13.35.42:096][641]LogMaterial: Display: Missing cached shader map for material FLightmassMaterialRenderer M_Basic_Floor, compiling. 
[2018.10.11-13.35.42:104][641]LogMaterial: Display: Missing cached shader map for material FLightmassMaterialRenderer M_Basic_Floor, compiling. 
[2018.10.11-13.35.42:140][642]LogMaterial: Display: Missing cached shader map for material FLightmassMaterialRenderer M_Basic_Wall, compiling. 
[2018.10.11-13.35.42:148][642]LogMaterial: Display: Missing cached shader map for material FLightmassMaterialRenderer M_Basic_Wall, compiling. 
[2018.10.11-13.35.42:164][643]LogShaderCompilers: Display: Shaders left to compile 16
[2018.10.11-13.35.42:176][643]LogMaterial: Display: Missing cached shader map for material FLightmassMaterialRenderer M_Bush, compiling. 
[2018.10.11-13.35.42:186][643]LogMaterial: Display: Missing cached shader map for material FLightmassMaterialRenderer M_Bush, compiling. 
[2018.10.11-13.35.42:195][643]LogMaterial: Display: Missing cached shader map for material FLightmassMaterialRenderer M_Bush, compiling. 
[2018.10.11-13.35.42:215][644]LogMaterial: Display: Missing cached shader map for material FLightmassMaterialRenderer M_TableRound, compiling. 
[2018.10.11-13.35.42:223][644]LogMaterial: Display: Missing cached shader map for material FLightmassMaterialRenderer M_TableRound, compiling. 
[2018.10.11-13.35.42:242][645]LogMaterial: Display: Missing cached shader map for material FLightmassMaterialRenderer M_Chair, compiling. 
[2018.10.11-13.35.42:251][645]LogShaderCompilers: Display: Shaders left to compile 16
[2018.10.11-13.35.42:251][645]LogMaterial: Display: Missing cached shader map for material FLightmassMaterialRenderer M_Chair, compiling. 
[2018.10.11-13.35.42:272][646]LogMaterial: Display: Missing cached shader map for material FLightmassMaterialRenderer WorldGridMaterial, compiling. Is special engine material.
[2018.10.11-13.35.42:282][646]LogMaterial: Display: Missing cached shader map for material FLightmassMaterialRenderer WorldGridMaterial, compiling. Is special engine material.
[2018.10.11-13.35.44:678][648]LogShaderCompilers: Display: Shaders left to compile 14
[2018.10.11-13.35.44:678][648]LogShaderCompilers: Display: Shaders left to compile 4
[2018.10.11-13.36.11:123][740]LogEditorViewport: Clicking on Actor (LMB): BP_Sky_Sphere_C (SkySphereBlueprint)
[2018.10.11-13.36.12:400][834]LogSlate: FSceneViewport::OnFocusLost() reason 0
[2018.10.11-13.36.13:330][914]LogSlate: Took 0.029470 seconds to synchronously load lazily loaded font '../../../Engine/Content/Slate/Fonts/Roboto-Italic.ttf' (157K)
[2018.10.11-13.36.29:158][350]Job is a success!
[2018.10.11-13.36.29:179][351]LogSlate: Took 0.000197 seconds to synchronously load lazily loaded font '../../../Engine/Content/Slate/Fonts/Roboto-Light.ttf' (167K)
[2018.10.11-13.36.29:181][351]LogSlate: FSceneViewport::OnFocusLost() reason 2
[2018.10.11-13.36.29:241][351]LogVolumetricLightmapImport: Imported Volumetric Lightmap in 0.041s
[2018.10.11-13.36.29:241][351]LogVolumetricLightmapImport:      Indirection Texture 16x16x16 = 0.0Mb
[2018.10.11-13.36.29:241][351]LogVolumetricLightmapImport:      BrickData 1205x5x5 = 1.2Mb (trimmed 0.8Mb due to 0.010000 MinBrickError)
[2018.10.11-13.36.29:241][351]LogVolumetricLightmapImport:      Bricks at Level
[2018.10.11-13.36.29:241][351]LogVolumetricLightmapImport:          0: 0.4% covering 100.0% of volume
[2018.10.11-13.36.29:241][351]LogVolumetricLightmapImport:          1: 5.0% covering 18.8% of volume
[2018.10.11-13.36.29:241][351]LogVolumetricLightmapImport:          2: 94.6% covering 5.6% of volume
[2018.10.11-13.36.33:496][351]LogTexture: Display: Building textures: SkyOcclusion0_1 (AutoDXT, 2048X1024)
[2018.10.11-13.36.33:496][351]LogTexture: Display: Building textures: HQ_Lightmap0_1 (AutoDXT, 2048X2048)
[2018.10.11-13.36.33:496][351]LogTexture: Display: Building textures: LQ_Lightmap_0_1 (DXT1, 2048X2048)
[2018.10.11-13.36.33:496][351]LogTexture: Display: Building textures: SkyOcclusion0_2 (AutoDXT, 1024X512)
[2018.10.11-13.36.33:496][351]LogTexture: Display: Building textures: HQ_Lightmap0_2 (AutoDXT, 1024X1024)
[2018.10.11-13.36.33:496][351]LogTexture: Display: Building textures: LQ_Lightmap_0_2 (DXT1, 1024X1024)
[2018.10.11-13.36.33:496][351]LogTexture: Display: Building textures: SkyOcclusion0_3 (AutoDXT, 1024X512)
[2018.10.11-13.36.33:496][351]LogTexture: Display: Building textures: HQ_Lightmap0_3 (AutoDXT, 1024X1024)
[2018.10.11-13.36.33:496][351]LogTexture: Display: Building textures: LQ_Lightmap_0_3 (DXT1, 1024X1024)
[2018.10.11-13.36.33:496][351]LogTexture: Display: Building textures: SkyOcclusion0_4 (AutoDXT, 1024X512)
[2018.10.11-13.36.33:496][351]LogTexture: Display: Building textures: HQ_Lightmap0_4 (AutoDXT, 1024X1024)
[2018.10.11-13.36.33:496][351]LogTexture: Display: Building textures: LQ_Lightmap_0_4 (DXT1, 1024X1024)
[2018.10.11-13.36.33:496][351]LogTexture: Display: Building textures: SkyOcclusion0_5 (AutoDXT, 1024X512)
[2018.10.11-13.36.33:496][351]LogTexture: Display: Building textures: HQ_Lightmap0_5 (AutoDXT, 1024X1024)
[2018.10.11-13.36.33:496][351]LogTexture: Display: Building textures: LQ_Lightmap_0_5 (DXT1, 1024X1024)
[2018.10.11-13.36.33:496][351]LogTexture: Display: Building textures: SkyOcclusion0_6 (AutoDXT, 64X32)
[2018.10.11-13.36.33:496][351]LogTexture: Display: Building textures: HQ_Lightmap0_6 (AutoDXT, 64X64)
[2018.10.11-13.36.33:496][351]LogTexture: Display: Building textures: LQ_Lightmap_0_6 (DXT1, 64X64)
[2018.10.11-13.36.33:697][351]LogTexture: Display: Building textures: ShadowMapTexture2D_3 (G8, 32X32)
[2018.10.11-13.36.33:697][351]LogTexture: Display: Building textures: ShadowMapTexture2D_2 (G8, 1024X256)
[2018.10.11-13.36.33:697][351]LogTexture: Display: Building textures: ShadowMapTexture2D_1 (G8, 512X512)
[2018.10.11-13.36.33:746][351]LogTexture: Display: Building textures: ShadowMapTexture2D_0 (G8, 1024X1024)
[2018.10.11-13.36.33:801][351]Lightmass on AMTX222-24: 45.3 sec total, 189 ms importing, 694 ms setup, 8.49 sec photons, 35.9 sec processing, 0 ms extra exporting [771/771 mappings]. Threads: 4:11 min total, 2:54 min processing.
[2018.10.11-13.36.33:853][351]LogStaticLightingSystem: Illumination: 1:07 min (3.88 sec encoding lightmaps, 246 ms encoding shadowmaps)
[2018.10.11-13.36.33:853][351]LogStaticLightingSystem: Lightmap texture memory:  21.3 MB (18.7 MB streaming, 2.7 MB non-streaming), 12 textures
[2018.10.11-13.36.33:853][351]LogStaticLightingSystem: Shadowmap texture memory: 2.0 MB (1.7 MB streaming, 0.3 MB non-streaming), 4 textures
[2018.10.11-13.36.34:691][351]DumpUnbuiltLightIteractions
[2018.10.11-13.36.34:691][351]Lights with unbuilt interactions: 0
[2018.10.11-13.36.34:691][351]
[2018.10.11-13.36.34:691][351]Primitives with unbuilt interactions: 0
[2018.10.11-13.36.34:714][351]LogSlate: FSceneViewport::OnFocusLost() reason 2
[2018.10.11-13.36.34:858][352]Cmd: MAP CHECK NOTIFYRESULTS
[2018.10.11-13.36.34:859][352]MapCheck: New page: FirstPersonExampleMap - 11 Oct 2018 15:36:34
[2018.10.11-13.36.34:933][352]MapCheck: Map check complete: 0 Error(s), 0 Warning(s), took 74.313ms to complete.
[2018.10.11-13.36.35:520][419]LogSlate: FSceneViewport::OnFocusLost() reason 2
[2018.10.11-13.36.36:499][532]LogSlate: FSceneViewport::OnFocusLost() reason 2
[2018.10.11-13.36.37:103][532]LogSavePackage: Moving '../../../../../../Temp/MatthewWest/Wally/Fate-Find-Wally/FateFindWally/Saved/FirstPersonExampleMap3BABC4A64D584A6E3DA3B2BBB1BC35A1.tmp' to '../../../../../../Temp/MatthewWest/Wally/Fate-Find-Wally/FateFindWally/Content/FirstPersonCPP/Maps/FirstPersonExampleMap.umap'
[2018.10.11-13.36.37:138][532]LogFileHelpers: Saving map 'FirstPersonExampleMap' took 0.631
[2018.10.11-13.36.37:960][532]LogSavePackage: Moving '../../../../../../Temp/MatthewWest/Wally/Fate-Find-Wally/FateFindWally/Saved/FirstPersonExampleMap_BuiltData69AC370B4365C1584DB066B6790D55F8.tmp' to '../../../../../../Temp/MatthewWest/Wally/Fate-Find-Wally/FateFindWally/Content/FirstPersonCPP/Maps/FirstPersonExampleMap_BuiltData.uasset'
[2018.10.11-13.36.38:711][621]LogSlate: FSceneViewport::OnFocusLost() reason 0
[2018.10.11-13.36.38:819][634]LogTemp: Repeating last play command: Selected Viewport
[2018.10.11-13.36.38:834][634]LogBlueprintUserMessages: Early PlayInEditor Detection: Level '/Game/FirstPersonCPP/Maps/FirstPersonExampleMap.FirstPersonExampleMap:PersistentLevel' has LevelScriptBlueprint '/Game/FirstPersonCPP/Maps/FirstPersonExampleMap.FirstPersonExampleMap:PersistentLevel.FirstPersonExampleMap' with GeneratedClass '/Game/FirstPersonCPP/Maps/FirstPersonExampleMap.FirstPersonExampleMap_C' with ClassGeneratedBy '/Game/FirstPersonCPP/Maps/FirstPersonExampleMap.FirstPersonExampleMap:PersistentLevel.FirstPersonExampleMap'
[2018.10.11-13.36.38:834][634]LogPlayLevel: PlayLevel: No blueprints needed recompiling
[2018.10.11-13.36.38:846][634]PIE: New page: PIE session: FirstPersonExampleMap (11 Oct 2018 15:36:38)
[2018.10.11-13.36.38:846][634]LogPlayLevel: Creating play world package: /Game/FirstPersonCPP/Maps/UEDPIE_0_FirstPersonExampleMap
[2018.10.11-13.36.38:893][634]LogPlayLevel: PIE: StaticDuplicateObject took: (0.046490s)
[2018.10.11-13.36.38:893][634]LogAIModule: Creating AISystem for world FirstPersonExampleMap
[2018.10.11-13.36.38:894][634]LogPlayLevel: PIE: World Init took: (0.000972s)
[2018.10.11-13.36.38:894][634]LogPlayLevel: PIE: Created PIE world by copying editor world from /Game/FirstPersonCPP/Maps/FirstPersonExampleMap.FirstPersonExampleMap to /Game/FirstPersonCPP/Maps/UEDPIE_0_FirstPersonExampleMap.FirstPersonExampleMap (0.047769s)
[2018.10.11-13.36.38:916][634]LogInit: XAudio2 using 'Speakers (High Definition Audio Device)' : 2 channels at 48 kHz using 16 bits per sample (channel mask 0x3)
[2018.10.11-13.36.38:923][634]LogInit: FAudioDevice initialized.
[2018.10.11-13.36.38:964][634]LogLoad: Game class is 'FateFindWallyGameMode'
[2018.10.11-13.36.38:984][634]LogWorld: Bringing World /Game/FirstPersonCPP/Maps/UEDPIE_0_FirstPersonExampleMap.FirstPersonExampleMap up for play (max tick rate 0) at 2018.10.11-14.36.38
[2018.10.11-13.36.38:984][634]LogWorld: Bringing up level for play took: 0.019290
[2018.10.11-13.36.39:021][634]LogContentBrowser: Native class hierarchy updated for 'MovieSceneCapture' in 0.0004 seconds. Added 10 classes and 0 folders.
[2018.10.11-13.36.39:022][634]PIE: Play in editor start time for /Game/FirstPersonCPP/Maps/UEDPIE_0_FirstPersonExampleMap 1.17
[2018.10.11-13.36.39:022][634]LogBlueprintUserMessages: Late PlayInEditor Detection: Level '/Game/FirstPersonCPP/Maps/FirstPersonExampleMap.FirstPersonExampleMap:PersistentLevel' has LevelScriptBlueprint '/Game/FirstPersonCPP/Maps/FirstPersonExampleMap.FirstPersonExampleMap:PersistentLevel.FirstPersonExampleMap' with GeneratedClass '/Game/FirstPersonCPP/Maps/FirstPersonExampleMap.FirstPersonExampleMap_C' with ClassGeneratedBy '/Game/FirstPersonCPP/Maps/FirstPersonExampleMap.FirstPersonExampleMap:PersistentLevel.FirstPersonExampleMap'
[2018.10.11-13.37.08:776][186]LogBlueprintUserMessages: Early EndPlayMap Detection: Level '/Game/FirstPersonCPP/Maps/FirstPersonExampleMap.FirstPersonExampleMap:PersistentLevel' has LevelScriptBlueprint '/Game/FirstPersonCPP/Maps/FirstPersonExampleMap.FirstPersonExampleMap:PersistentLevel.FirstPersonExampleMap' with GeneratedClass '/Game/FirstPersonCPP/Maps/FirstPersonExampleMap.FirstPersonExampleMap_C' with ClassGeneratedBy '/Game/FirstPersonCPP/Maps/FirstPersonExampleMap.FirstPersonExampleMap:PersistentLevel.FirstPersonExampleMap'
[2018.10.11-13.37.08:776][186]LogSlate: Updating window title bar state: overlay mode, drag disabled, window buttons hidden, title bar hidden
[2018.10.11-13.37.08:812][186]LogPlayLevel: Display: Shutting down PIE online subsystems
[2018.10.11-13.37.08:813][186]LogBlueprintUserMessages: Late EndPlayMap Detection: Level '/Game/FirstPersonCPP/Maps/FirstPersonExampleMap.FirstPersonExampleMap:PersistentLevel' has LevelScriptBlueprint '/Game/FirstPersonCPP/Maps/FirstPersonExampleMap.FirstPersonExampleMap:PersistentLevel.FirstPersonExampleMap' with GeneratedClass '/Game/FirstPersonCPP/Maps/FirstPersonExampleMap.FirstPersonExampleMap_C' with ClassGeneratedBy '/Game/FirstPersonCPP/Maps/FirstPersonExampleMap.FirstPersonExampleMap:PersistentLevel.FirstPersonExampleMap'
[2018.10.11-13.37.08:850][186]LogSlate: Updating window title bar state: overlay mode, drag disabled, window buttons hidden, title bar hidden
[2018.10.11-13.37.08:881][188]LogPlayLevel: Display: Destroying online subsystem :Context_2
[2018.10.11-13.56.00:667][978]LogSlate: FSceneViewport::OnFocusLost() reason 0
[2018.10.11-13.56.00:784][992]LogTemp: Repeating last play command: Selected Viewport
[2018.10.11-13.56.00:798][992]LogBlueprintUserMessages: Early PlayInEditor Detection: Level '/Game/FirstPersonCPP/Maps/FirstPersonExampleMap.FirstPersonExampleMap:PersistentLevel' has LevelScriptBlueprint '/Game/FirstPersonCPP/Maps/FirstPersonExampleMap.FirstPersonExampleMap:PersistentLevel.FirstPersonExampleMap' with GeneratedClass '/Game/FirstPersonCPP/Maps/FirstPersonExampleMap.FirstPersonExampleMap_C' with ClassGeneratedBy '/Game/FirstPersonCPP/Maps/FirstPersonExampleMap.FirstPersonExampleMap:PersistentLevel.FirstPersonExampleMap'
[2018.10.11-13.56.00:799][992]LogPlayLevel: PlayLevel: No blueprints needed recompiling
[2018.10.11-13.56.00:799][992]PIE: New page: PIE session: FirstPersonExampleMap (11 Oct 2018 15:56:00)
[2018.10.11-13.56.00:799][992]LogPlayLevel: Creating play world package: /Game/FirstPersonCPP/Maps/UEDPIE_0_FirstPersonExampleMap
[2018.10.11-13.56.00:844][992]LogPlayLevel: PIE: StaticDuplicateObject took: (0.044797s)
[2018.10.11-13.56.00:845][992]LogAIModule: Creating AISystem for world FirstPersonExampleMap
[2018.10.11-13.56.00:845][992]LogPlayLevel: PIE: World Init took: (0.001000s)
[2018.10.11-13.56.00:845][992]LogPlayLevel: PIE: Created PIE world by copying editor world from /Game/FirstPersonCPP/Maps/FirstPersonExampleMap.FirstPersonExampleMap to /Game/FirstPersonCPP/Maps/UEDPIE_0_FirstPersonExampleMap.FirstPersonExampleMap (0.046048s)
[2018.10.11-13.56.00:870][992]LogInit: XAudio2 using 'Speakers (High Definition Audio Device)' : 2 channels at 48 kHz using 16 bits per sample (channel mask 0x3)
[2018.10.11-13.56.00:877][992]LogInit: FAudioDevice initialized.
[2018.10.11-13.56.00:909][992]LogLoad: Game class is 'FateFindWallyGameMode'
[2018.10.11-13.56.00:920][992]LogWorld: Bringing World /Game/FirstPersonCPP/Maps/UEDPIE_0_FirstPersonExampleMap.FirstPersonExampleMap up for play (max tick rate 0) at 2018.10.11-14.56.00
[2018.10.11-13.56.00:920][992]LogWorld: Bringing up level for play took: 0.009886
[2018.10.11-13.56.00:933][992]PIE: Play in editor start time for /Game/FirstPersonCPP/Maps/UEDPIE_0_FirstPersonExampleMap 1.093
[2018.10.11-13.56.00:933][992]LogBlueprintUserMessages: Late PlayInEditor Detection: Level '/Game/FirstPersonCPP/Maps/FirstPersonExampleMap.FirstPersonExampleMap:PersistentLevel' has LevelScriptBlueprint '/Game/FirstPersonCPP/Maps/FirstPersonExampleMap.FirstPersonExampleMap:PersistentLevel.FirstPersonExampleMap' with GeneratedClass '/Game/FirstPersonCPP/Maps/FirstPersonExampleMap.FirstPersonExampleMap_C' with ClassGeneratedBy '/Game/FirstPersonCPP/Maps/FirstPersonExampleMap.FirstPersonExampleMap:PersistentLevel.FirstPersonExampleMap'
[2018.10.11-13.56.22:931][628]LogBlueprintUserMessages: Early EndPlayMap Detection: Level '/Game/FirstPersonCPP/Maps/FirstPersonExampleMap.FirstPersonExampleMap:PersistentLevel' has LevelScriptBlueprint '/Game/FirstPersonCPP/Maps/FirstPersonExampleMap.FirstPersonExampleMap:PersistentLevel.FirstPersonExampleMap' with GeneratedClass '/Game/FirstPersonCPP/Maps/FirstPersonExampleMap.FirstPersonExampleMap_C' with ClassGeneratedBy '/Game/FirstPersonCPP/Maps/FirstPersonExampleMap.FirstPersonExampleMap:PersistentLevel.FirstPersonExampleMap'
[2018.10.11-13.56.22:931][628]LogSlate: Updating window title bar state: overlay mode, drag disabled, window buttons hidden, title bar hidden
[2018.10.11-13.56.22:968][628]LogPlayLevel: Display: Shutting down PIE online subsystems
[2018.10.11-13.56.22:969][628]LogBlueprintUserMessages: Late EndPlayMap Detection: Level '/Game/FirstPersonCPP/Maps/FirstPersonExampleMap.FirstPersonExampleMap:PersistentLevel' has LevelScriptBlueprint '/Game/FirstPersonCPP/Maps/FirstPersonExampleMap.FirstPersonExampleMap:PersistentLevel.FirstPersonExampleMap' with GeneratedClass '/Game/FirstPersonCPP/Maps/FirstPersonExampleMap.FirstPersonExampleMap_C' with ClassGeneratedBy '/Game/FirstPersonCPP/Maps/FirstPersonExampleMap.FirstPersonExampleMap:PersistentLevel.FirstPersonExampleMap'
[2018.10.11-13.56.22:989][628]LogSlate: Updating window title bar state: overlay mode, drag disabled, window buttons hidden, title bar hidden
[2018.10.11-13.56.23:038][632]LogPlayLevel: Display: Destroying online subsystem :Context_3
[2018.10.11-14.08.22:623][949]LogSlate: FSceneViewport::OnFocusLost() reason 0
[2018.10.11-14.08.45:685][708]LogSlate: FSceneViewport::OnFocusLost() reason 0
[2018.10.11-14.09.09:908][546]LogSlate: FSceneViewport::OnFocusLost() reason 0
[2018.10.11-14.09.25:499][396]LogSlate: FSceneViewport::OnFocusLost() reason 0
[2018.10.11-14.09.25:608][409]LogTemp: Repeating last play command: Selected Viewport
[2018.10.11-14.09.25:622][409]LogBlueprintUserMessages: Early PlayInEditor Detection: Level '/Game/FirstPersonCPP/Maps/FirstPersonExampleMap.FirstPersonExampleMap:PersistentLevel' has LevelScriptBlueprint '/Game/FirstPersonCPP/Maps/FirstPersonExampleMap.FirstPersonExampleMap:PersistentLevel.FirstPersonExampleMap' with GeneratedClass '/Game/FirstPersonCPP/Maps/FirstPersonExampleMap.FirstPersonExampleMap_C' with ClassGeneratedBy '/Game/FirstPersonCPP/Maps/FirstPersonExampleMap.FirstPersonExampleMap:PersistentLevel.FirstPersonExampleMap'
[2018.10.11-14.09.25:622][409]LogPlayLevel: PlayLevel: No blueprints needed recompiling
[2018.10.11-14.09.25:622][409]PIE: New page: PIE session: FirstPersonExampleMap (11 Oct 2018 16:09:25)
[2018.10.11-14.09.25:622][409]LogPlayLevel: Creating play world package: /Game/FirstPersonCPP/Maps/UEDPIE_0_FirstPersonExampleMap
[2018.10.11-14.09.25:663][409]LogPlayLevel: PIE: StaticDuplicateObject took: (0.040937s)
[2018.10.11-14.09.25:664][409]LogAIModule: Creating AISystem for world FirstPersonExampleMap
[2018.10.11-14.09.25:664][409]LogPlayLevel: PIE: World Init took: (0.000904s)
[2018.10.11-14.09.25:664][409]LogPlayLevel: PIE: Created PIE world by copying editor world from /Game/FirstPersonCPP/Maps/FirstPersonExampleMap.FirstPersonExampleMap to /Game/FirstPersonCPP/Maps/UEDPIE_0_FirstPersonExampleMap.FirstPersonExampleMap (0.042067s)
[2018.10.11-14.09.25:740][409]LogInit: XAudio2 using 'Speakers (High Definition Audio Device)' : 2 channels at 48 kHz using 16 bits per sample (channel mask 0x3)
[2018.10.11-14.09.25:748][409]LogInit: FAudioDevice initialized.
[2018.10.11-14.09.25:779][409]LogLoad: Game class is 'FateFindWallyGameMode'
[2018.10.11-14.09.25:789][409]LogWorld: Bringing World /Game/FirstPersonCPP/Maps/UEDPIE_0_FirstPersonExampleMap.FirstPersonExampleMap up for play (max tick rate 0) at 2018.10.11-15.09.25
[2018.10.11-14.09.25:789][409]LogWorld: Bringing up level for play took: 0.008744
[2018.10.11-14.09.25:802][409]PIE: Play in editor start time for /Game/FirstPersonCPP/Maps/UEDPIE_0_FirstPersonExampleMap -0.031
[2018.10.11-14.09.25:802][409]LogBlueprintUserMessages: Late PlayInEditor Detection: Level '/Game/FirstPersonCPP/Maps/FirstPersonExampleMap.FirstPersonExampleMap:PersistentLevel' has LevelScriptBlueprint '/Game/FirstPersonCPP/Maps/FirstPersonExampleMap.FirstPersonExampleMap:PersistentLevel.FirstPersonExampleMap' with GeneratedClass '/Game/FirstPersonCPP/Maps/FirstPersonExampleMap.FirstPersonExampleMap_C' with ClassGeneratedBy '/Game/FirstPersonCPP/Maps/FirstPersonExampleMap.FirstPersonExampleMap:PersistentLevel.FirstPersonExampleMap'
[2018.10.11-14.09.43:232][495]LogBlueprintUserMessages: Early EndPlayMap Detection: Level '/Game/FirstPersonCPP/Maps/FirstPersonExampleMap.FirstPersonExampleMap:PersistentLevel' has LevelScriptBlueprint '/Game/FirstPersonCPP/Maps/FirstPersonExampleMap.FirstPersonExampleMap:PersistentLevel.FirstPersonExampleMap' with GeneratedClass '/Game/FirstPersonCPP/Maps/FirstPersonExampleMap.FirstPersonExampleMap_C' with ClassGeneratedBy '/Game/FirstPersonCPP/Maps/FirstPersonExampleMap.FirstPersonExampleMap:PersistentLevel.FirstPersonExampleMap'
[2018.10.11-14.09.43:233][495]LogSlate: Updating window title bar state: overlay mode, drag disabled, window buttons hidden, title bar hidden
[2018.10.11-14.09.43:263][495]LogPlayLevel: Display: Shutting down PIE online subsystems
[2018.10.11-14.09.43:264][495]LogBlueprintUserMessages: Late EndPlayMap Detection: Level '/Game/FirstPersonCPP/Maps/FirstPersonExampleMap.FirstPersonExampleMap:PersistentLevel' has LevelScriptBlueprint '/Game/FirstPersonCPP/Maps/FirstPersonExampleMap.FirstPersonExampleMap:PersistentLevel.FirstPersonExampleMap' with GeneratedClass '/Game/FirstPersonCPP/Maps/FirstPersonExampleMap.FirstPersonExampleMap_C' with ClassGeneratedBy '/Game/FirstPersonCPP/Maps/FirstPersonExampleMap.FirstPersonExampleMap:PersistentLevel.FirstPersonExampleMap'
[2018.10.11-14.09.43:284][495]LogSlate: Updating window title bar state: overlay mode, drag disabled, window buttons hidden, title bar hidden
[2018.10.11-14.09.43:334][498]LogPlayLevel: Display: Destroying online subsystem :Context_6
[2018.10.11-14.09.44:250][608]LogSlate: FSceneViewport::OnFocusLost() reason 0
[2018.10.11-14.09.44:350][620]LogTemp: Repeating last play command: Selected Viewport
[2018.10.11-14.09.44:364][620]LogBlueprintUserMessages: Early PlayInEditor Detection: Level '/Game/FirstPersonCPP/Maps/FirstPersonExampleMap.FirstPersonExampleMap:PersistentLevel' has LevelScriptBlueprint '/Game/FirstPersonCPP/Maps/FirstPersonExampleMap.FirstPersonExampleMap:PersistentLevel.FirstPersonExampleMap' with GeneratedClass '/Game/FirstPersonCPP/Maps/FirstPersonExampleMap.FirstPersonExampleMap_C' with ClassGeneratedBy '/Game/FirstPersonCPP/Maps/FirstPersonExampleMap.FirstPersonExampleMap:PersistentLevel.FirstPersonExampleMap'
[2018.10.11-14.09.44:364][620]LogPlayLevel: PlayLevel: No blueprints needed recompiling
[2018.10.11-14.09.44:365][620]PIE: New page: PIE session: FirstPersonExampleMap (11 Oct 2018 16:09:44)
[2018.10.11-14.09.44:365][620]LogPlayLevel: Creating play world package: /Game/FirstPersonCPP/Maps/UEDPIE_0_FirstPersonExampleMap
[2018.10.11-14.09.44:409][620]LogPlayLevel: PIE: StaticDuplicateObject took: (0.044416s)
[2018.10.11-14.09.44:410][620]LogAIModule: Creating AISystem for world FirstPersonExampleMap
[2018.10.11-14.09.44:410][620]LogPlayLevel: PIE: World Init took: (0.000803s)
[2018.10.11-14.09.44:410][620]LogPlayLevel: PIE: Created PIE world by copying editor world from /Game/FirstPersonCPP/Maps/FirstPersonExampleMap.FirstPersonExampleMap to /Game/FirstPersonCPP/Maps/UEDPIE_0_FirstPersonExampleMap.FirstPersonExampleMap (0.045433s)
[2018.10.11-14.09.44:433][620]LogInit: XAudio2 using 'Speakers (High Definition Audio Device)' : 2 channels at 48 kHz using 16 bits per sample (channel mask 0x3)
[2018.10.11-14.09.44:440][620]LogInit: FAudioDevice initialized.
[2018.10.11-14.09.44:473][620]LogLoad: Game class is 'FateFindWallyGameMode'
[2018.10.11-14.09.44:482][620]LogWorld: Bringing World /Game/FirstPersonCPP/Maps/UEDPIE_0_FirstPersonExampleMap.FirstPersonExampleMap up for play (max tick rate 0) at 2018.10.11-15.09.44
[2018.10.11-14.09.44:483][620]LogWorld: Bringing up level for play took: 0.008607
[2018.10.11-14.09.44:496][620]PIE: Play in editor start time for /Game/FirstPersonCPP/Maps/UEDPIE_0_FirstPersonExampleMap 0.663
[2018.10.11-14.09.44:496][620]LogBlueprintUserMessages: Late PlayInEditor Detection: Level '/Game/FirstPersonCPP/Maps/FirstPersonExampleMap.FirstPersonExampleMap:PersistentLevel' has LevelScriptBlueprint '/Game/FirstPersonCPP/Maps/FirstPersonExampleMap.FirstPersonExampleMap:PersistentLevel.FirstPersonExampleMap' with GeneratedClass '/Game/FirstPersonCPP/Maps/FirstPersonExampleMap.FirstPersonExampleMap_C' with ClassGeneratedBy '/Game/FirstPersonCPP/Maps/FirstPersonExampleMap.FirstPersonExampleMap:PersistentLevel.FirstPersonExampleMap'
[2018.10.11-14.11.39:274][384]LogBlueprintUserMessages: Early EndPlayMap Detection: Level '/Game/FirstPersonCPP/Maps/FirstPersonExampleMap.FirstPersonExampleMap:PersistentLevel' has LevelScriptBlueprint '/Game/FirstPersonCPP/Maps/FirstPersonExampleMap.FirstPersonExampleMap:PersistentLevel.FirstPersonExampleMap' with GeneratedClass '/Game/FirstPersonCPP/Maps/FirstPersonExampleMap.FirstPersonExampleMap_C' with ClassGeneratedBy '/Game/FirstPersonCPP/Maps/FirstPersonExampleMap.FirstPersonExampleMap:PersistentLevel.FirstPersonExampleMap'
[2018.10.11-14.11.39:274][384]LogSlate: Updating window title bar state: overlay mode, drag disabled, window buttons hidden, title bar hidden
[2018.10.11-14.11.39:308][384]LogPlayLevel: Display: Shutting down PIE online subsystems
[2018.10.11-14.11.39:308][384]LogBlueprintUserMessages: Late EndPlayMap Detection: Level '/Game/FirstPersonCPP/Maps/FirstPersonExampleMap.FirstPersonExampleMap:PersistentLevel' has LevelScriptBlueprint '/Game/FirstPersonCPP/Maps/FirstPersonExampleMap.FirstPersonExampleMap:PersistentLevel.FirstPersonExampleMap' with GeneratedClass '/Game/FirstPersonCPP/Maps/FirstPersonExampleMap.FirstPersonExampleMap_C' with ClassGeneratedBy '/Game/FirstPersonCPP/Maps/FirstPersonExampleMap.FirstPersonExampleMap:PersistentLevel.FirstPersonExampleMap'
[2018.10.11-14.11.39:329][384]LogSlate: Updating window title bar state: overlay mode, drag disabled, window buttons hidden, title bar hidden
[2018.10.11-14.11.39:379][387]LogPlayLevel: Display: Destroying online subsystem :Context_7
[2018.10.11-14.11.52:608][971]LogSlate: FSceneViewport::OnFocusLost() reason 0
[2018.10.11-14.11.52:778][990]LogAssetEditorManager: Opening Asset editor for Class /Script/FateFindWally.FateFindWallyCharacter
[2018.10.11-14.17.26:179][432]LogSlate: Window 'Message Log' being destroyed
[2018.10.11-14.17.26:181][432]LogSlate: Window 'FateFindWally - Unreal Editor' being destroyed
[2018.10.11-14.17.26:182][432]LogWindowsTextInputMethodSystem: Display: IME system now deactivated.
[2018.10.11-14.17.26:362][433]Cmd: QUIT_EDITOR
[2018.10.11-14.17.27:397][433]LogExit: Preparing to exit.
[2018.10.11-14.17.28:450][433]LogExit: Editor shut down
[2018.10.11-14.17.28:451][433]LogExit: Transaction tracking system shut down
[2018.10.11-14.17.28:862][433]LogExit: Object subsystem successfully closed.
[2018.10.11-14.17.28:887][433]LogShaderCompilers: Display: Shaders left to compile 0
[2018.10.11-14.17.28:891][433]LogD3D11RHI: Shutdown
[2018.10.11-14.17.28:891][433]LogD3D11RHI: CleanupD3DDevice
[2018.10.11-14.17.28:901][433]LogD3D11RHI: ~FD3D11DynamicRHI
[2018.10.11-14.17.28:915][433]LogModuleManager: Shutting down and abandoning module MovieSceneCapture (618)
[2018.10.11-14.17.28:915][433]LogModuleManager: Shutting down and abandoning module Voice (616)
[2018.10.11-14.17.28:915][433]LogModuleManager: Shutting down and abandoning module HierarchicalLODUtilities (614)
[2018.10.11-14.17.28:915][433]LogModuleManager: Shutting down and abandoning module HierarchicalLODOutliner (612)
[2018.10.11-14.17.28:915][433]LogModuleManager: Shutting down and abandoning module SceneOutliner (610)
[2018.10.11-14.17.28:915][433]LogModuleManager: Shutting down and abandoning module AddContentDialog (608)
[2018.10.11-14.17.28:915][433]LogModuleManager: Shutting down and abandoning module WidgetCarousel (607)
[2018.10.11-14.17.28:915][433]LogModuleManager: Shutting down and abandoning module EditorWidgets (604)
[2018.10.11-14.17.28:915][433]LogModuleManager: Shutting down and abandoning module CollectionManager (602)
[2018.10.11-14.17.28:916][433]LogModuleManager: Shutting down and abandoning module StatsViewer (600)
[2018.10.11-14.17.28:916][433]LogModuleManager: Shutting down and abandoning module FoliageEdit (598)
[2018.10.11-14.17.28:916][433]LogModuleManager: Shutting down and abandoning module LandscapeEditor (596)
[2018.10.11-14.17.28:916][433]LogModuleManager: Shutting down and abandoning module MeshPaintMode (594)
[2018.10.11-14.17.28:916][433]LogModuleManager: Shutting down and abandoning module SceneDepthPickerMode (592)
[2018.10.11-14.17.28:916][433]LogModuleManager: Shutting down and abandoning module ActorPickerMode (590)
[2018.10.11-14.17.28:916][433]LogModuleManager: Shutting down and abandoning module GeometryMode (588)
[2018.10.11-14.17.28:916][433]LogModuleManager: Shutting down and abandoning module TextureAlignMode (586)
[2018.10.11-14.17.28:916][433]LogModuleManager: Shutting down and abandoning module BspMode (584)
[2018.10.11-14.17.28:916][433]LogModuleManager: Shutting down and abandoning module PIEPreviewDeviceProfileSelector (582)
[2018.10.11-14.17.28:916][433]LogModuleManager: Shutting down and abandoning module SequenceRecorderSections (580)
[2018.10.11-14.17.28:916][433]LogModuleManager: Shutting down and abandoning module AutomationWorker (578)
[2018.10.11-14.17.28:916][433]LogModuleManager: Shutting down and abandoning module AudioCaptureEditor (576)
[2018.10.11-14.17.28:916][433]LogModuleManager: Shutting down and abandoning module SequenceRecorder (575)
[2018.10.11-14.17.28:916][433]LogModuleManager: Shutting down and abandoning module MatineeToLevelSequence (572)
[2018.10.11-14.17.28:916][433]LogModuleManager: Shutting down and abandoning module LevelSequenceEditor (570)
[2018.10.11-14.17.28:916][433]LogModuleManager: Shutting down and abandoning module PlacementMode (569)
[2018.10.11-14.17.28:916][433]LogModuleManager: Shutting down and abandoning module MaterialEditor (568)
[2018.10.11-14.17.28:916][433]LogModuleManager: Shutting down and abandoning module WmfMediaFactory (564)
[2018.10.11-14.17.28:916][433]LogModuleManager: Shutting down and abandoning module WmfMediaEditor (562)
[2018.10.11-14.17.28:916][433]LogModuleManager: Shutting down and abandoning module MediaPlayerEditor (560)
[2018.10.11-14.17.28:916][433]LogModuleManager: Shutting down and abandoning module OpenExrWrapper (558)
[2018.10.11-14.17.28:916][433]LogModuleManager: Shutting down and abandoning module ImgMediaFactory (556)
[2018.10.11-14.17.28:916][433]LogModuleManager: Shutting down and abandoning module ImgMediaEditor (554)
[2018.10.11-14.17.28:916][433]LogModuleManager: Shutting down and abandoning module AvfMediaFactory (552)
[2018.10.11-14.17.28:916][433]LogModuleManager: Shutting down and abandoning module AvfMediaEditor (550)
[2018.10.11-14.17.28:916][433]LogModuleManager: Shutting down and abandoning module AndroidMediaFactory (548)
[2018.10.11-14.17.28:916][433]LogModuleManager: Shutting down and abandoning module AndroidMediaEditor (546)
[2018.10.11-14.17.28:916][433]LogModuleManager: Shutting down and abandoning module MagicLeapCameraPreviewFactory (544)
[2018.10.11-14.17.28:916][433]LogModuleManager: Shutting down and abandoning module MagicLeapMediaFactory (542)
[2018.10.11-14.17.28:916][433]LogModuleManager: Shutting down and abandoning module MagicLeapMediaEditor (540)
[2018.10.11-14.17.28:916][433]LogModuleManager: Shutting down and abandoning module CharacterAI (538)
[2018.10.11-14.17.28:916][433]LogModuleManager: Shutting down and abandoning module SmartSnapping (536)
[2018.10.11-14.17.28:916][433]LogModuleManager: Shutting down and abandoning module SessionServices (534)
[2018.10.11-14.17.28:916][433]LogModuleManager: Shutting down and abandoning module ViewportSnapping (532)
[2018.10.11-14.17.28:916][433]LogModuleManager: Shutting down and abandoning module ViewportInteraction (530)
[2018.10.11-14.17.28:916][433]LogModuleManager: Shutting down and abandoning module ClothPainter (528)
[2018.10.11-14.17.28:916][433]LogModuleManager: Shutting down and abandoning module SkeletalMeshEditor (527)
[2018.10.11-14.17.28:916][433]LogModuleManager: Shutting down and abandoning module LogVisualizer (524)
[2018.10.11-14.17.28:917][433]LogModuleManager: Shutting down and abandoning module IntroTutorials (522)
[2018.10.11-14.17.28:917][433]LogModuleManager: Shutting down and abandoning module GameProjectGeneration (521)
[2018.10.11-14.17.28:917][433]LogModuleManager: Shutting down and abandoning module LuminPlatformEditor (518)
[2018.10.11-14.17.28:917][433]LogModuleManager: Shutting down and abandoning module IOSPlatformEditor (516)
[2018.10.11-14.17.28:917][433]LogModuleManager: Shutting down and abandoning module HTML5PlatformEditor (514)
[2018.10.11-14.17.28:917][433]LogModuleManager: Shutting down and abandoning module AndroidPlatformEditor (512)
[2018.10.11-14.17.28:917][433]LogModuleManager: Shutting down and abandoning module AndroidDeviceDetection (511)
[2018.10.11-14.17.29:187][433]LogModuleManager: Shutting down and abandoning module WindowsPlatformEditor (508)
[2018.10.11-14.17.29:187][433]LogModuleManager: Shutting down and abandoning module LuminRuntimeSettings (506)
[2018.10.11-14.17.29:187][433]LogModuleManager: Shutting down and abandoning module IOSRuntimeSettings (504)
[2018.10.11-14.17.29:187][433]LogModuleManager: Shutting down and abandoning module AndroidRuntimeSettings (502)
[2018.10.11-14.17.29:187][433]LogModuleManager: Shutting down and abandoning module InputBindingEditor (500)
[2018.10.11-14.17.29:187][433]LogModuleManager: Shutting down and abandoning module MergeActors (498)
[2018.10.11-14.17.29:187][433]LogModuleManager: Shutting down and abandoning module LocalizationDashboard (496)
[2018.10.11-14.17.29:187][433]LogModuleManager: Shutting down and abandoning module LocalizationService (495)
[2018.10.11-14.17.29:187][433]LogModuleManager: Shutting down and abandoning module HardwareTargeting (492)
[2018.10.11-14.17.29:187][433]LogModuleManager: Shutting down and abandoning module DeviceProfileEditor (490)
[2018.10.11-14.17.29:187][433]LogModuleManager: Shutting down and abandoning module UndoHistory (488)
[2018.10.11-14.17.29:187][433]LogModuleManager: Shutting down and abandoning module XmlParser (486)
[2018.10.11-14.17.29:187][433]LogModuleManager: Shutting down and abandoning module Blutility (484)
[2018.10.11-14.17.29:187][433]LogModuleManager: Shutting down and abandoning module ProjectSettingsViewer (482)
[2018.10.11-14.17.29:188][433]LogModuleManager: Shutting down and abandoning module ProjectTargetPlatformEditor (481)
[2018.10.11-14.17.29:188][433]LogModuleManager: Shutting down and abandoning module EditorSettingsViewer (478)
[2018.10.11-14.17.29:188][433]LogModuleManager: Shutting down and abandoning module SettingsEditor (476)
[2018.10.11-14.17.29:188][433]LogModuleManager: Shutting down and abandoning module ProjectLauncher (474)
[2018.10.11-14.17.29:188][433]LogModuleManager: Shutting down and abandoning module SessionFrontend (472)
[2018.10.11-14.17.29:188][433]LogModuleManager: Shutting down and abandoning module ProfilerClient (470)
[2018.10.11-14.17.29:188][433]LogModuleManager: Shutting down and abandoning module DeviceManager (468)
[2018.10.11-14.17.29:188][433]LogModuleManager: Shutting down and abandoning module TargetDeviceServices (467)
[2018.10.11-14.17.29:242][433]LogModuleManager: Shutting down and abandoning module AutomationController (464)
[2018.10.11-14.17.29:242][433]LogModuleManager: Shutting down and abandoning module AutomationWindow (462)
[2018.10.11-14.17.29:242][433]LogModuleManager: Shutting down and abandoning module Layers (460)
[2018.10.11-14.17.29:242][433]LogModuleManager: Shutting down and abandoning module ComponentVisualizers (458)
[2018.10.11-14.17.29:242][433]LogModuleManager: Shutting down and abandoning module DetailCustomizations (456)
[2018.10.11-14.17.29:242][433]LogModuleManager: Shutting down and abandoning module PackagesDialog (454)
[2018.10.11-14.17.29:242][433]LogModuleManager: Shutting down and abandoning module Persona (452)
[2018.10.11-14.17.29:243][433]LogModuleManager: Shutting down and abandoning module AdvancedPreviewScene (451)
[2018.10.11-14.17.29:243][433]LogModuleManager: Shutting down and abandoning module AnimGraph (449)
[2018.10.11-14.17.29:243][433]LogModuleManager: Shutting down and abandoning module Kismet (446)
[2018.10.11-14.17.29:243][433]LogModuleManager: Shutting down and abandoning module GraphEditor (444)
[2018.10.11-14.17.29:243][433]LogModuleManager: Shutting down and abandoning module ClassViewer (442)
[2018.10.11-14.17.29:244][433]LogModuleManager: Shutting down and abandoning module Toolbox (440)
[2018.10.11-14.17.29:244][433]LogModuleManager: Shutting down and abandoning module DesktopPlatform (439)
[2018.10.11-14.17.29:244][433]LogModuleManager: Shutting down and abandoning module ModuleUI (436)
[2018.10.11-14.17.29:244][433]LogModuleManager: Shutting down and abandoning module MovieSceneTools (434)
[2018.10.11-14.17.29:244][433]LogModuleManager: Shutting down and abandoning module OutputLog (432)
[2018.10.11-14.17.29:244][433]LogModuleManager: Shutting down and abandoning module GammaUI (430)
[2018.10.11-14.17.29:244][433]LogModuleManager: Shutting down and abandoning module Documentation (428)
[2018.10.11-14.17.29:244][433]LogModuleManager: Shutting down and abandoning module MovieSceneTracks (426)
[2018.10.11-14.17.29:244][433]LogModuleManager: Shutting down and abandoning module MovieScene (424)
[2018.10.11-14.17.29:244][433]LogModuleManager: Shutting down and abandoning module StreamingPauseRendering (422)
[2018.10.11-14.17.29:244][433]LogModuleManager: Shutting down and abandoning module LauncherPlatform (420)
[2018.10.11-14.17.29:244][433]LogModuleManager: Shutting down and abandoning module AnalyticsET (418)
[2018.10.11-14.17.29:244][433]LogModuleManager: Shutting down and abandoning module PortalServices (416)
[2018.10.11-14.17.29:244][433]LogModuleManager: Shutting down and abandoning module PortalRpc (414)
[2018.10.11-14.17.29:244][433]LogModuleManager: Shutting down and abandoning module MessagingRpc (412)
[2018.10.11-14.17.29:244][433]LogModuleManager: Shutting down and abandoning module AIModule (410)
[2018.10.11-14.17.29:244][433]LogModuleManager: Shutting down and abandoning module GameplayDebugger (409)
[2018.10.11-14.17.29:245][433]LogModuleManager: Shutting down and abandoning module AITestSuite (407)
[2018.10.11-14.17.29:245][433]LogModuleManager: Shutting down and abandoning module NavigationSystem (405)
[2018.10.11-14.17.29:245][433]LogModuleManager: Shutting down and abandoning module ProfilerService (402)
[2018.10.11-14.17.29:307][433]LogModuleManager: Shutting down and abandoning module TaskGraph (400)
[2018.10.11-14.17.29:307][433]LogModuleManager: Shutting down and abandoning module SteamVRController (398)
[2018.10.11-14.17.29:307][433]LogModuleManager: Shutting down and abandoning module ProceduralMeshComponentEditor (396)
[2018.10.11-14.17.29:307][433]LogModuleManager: Shutting down and abandoning module ProceduralMeshComponent (394)
[2018.10.11-14.17.29:307][433]LogModuleManager: Shutting down and abandoning module OculusInput (392)
[2018.10.11-14.17.29:307][433]LogModuleManager: Shutting down and abandoning module MobilePatchingUtils (390)
[2018.10.11-14.17.29:307][433]LogModuleManager: Shutting down and abandoning module EditableMesh (388)
[2018.10.11-14.17.29:307][433]LogModuleManager: Shutting down and abandoning module CustomMeshComponent (386)
[2018.10.11-14.17.29:307][433]LogModuleManager: Shutting down and abandoning module CableComponent (384)
[2018.10.11-14.17.29:307][433]LogModuleManager: Shutting down and abandoning module AudioCapture (382)
[2018.10.11-14.17.29:307][433]LogModuleManager: Shutting down and abandoning module ArchVisCharacter (380)
[2018.10.11-14.17.29:307][433]LogModuleManager: Shutting down and abandoning module AndroidPermission (378)
[2018.10.11-14.17.29:307][433]LogModuleManager: Shutting down and abandoning module NUTUnrealEngine4 (376)
[2018.10.11-14.17.29:307][433]LogModuleManager: Shutting down and abandoning module NetcodeUnitTest (374)
[2018.10.11-14.17.29:308][433]LogModuleManager: Shutting down and abandoning module MediaCompositingEditor (372)
[2018.10.11-14.17.29:308][433]LogModuleManager: Shutting down and abandoning module MediaCompositing (370)
[2018.10.11-14.17.29:308][433]LogModuleManager: Shutting down and abandoning module LinearTimecode (368)
[2018.10.11-14.17.29:308][433]LogModuleManager: Shutting down and abandoning module ImgMedia (366)
[2018.10.11-14.17.29:315][433]LogModuleManager: Shutting down and abandoning module HTML5Networking (364)
[2018.10.11-14.17.29:315][433]LogModuleManager: Shutting down and abandoning module GeometryCacheTracks (362)
[2018.10.11-14.17.29:315][433]LogModuleManager: Shutting down and abandoning module GeometryCacheSequencer (360)
[2018.10.11-14.17.29:315][433]LogModuleManager: Shutting down and abandoning module BackChannel (358)
[2018.10.11-14.17.29:315][433]LogModuleManager: Shutting down and abandoning module AppleVision (356)
[2018.10.11-14.17.29:315][433]LogModuleManager: Shutting down and abandoning module AppleImageUtils (354)
[2018.10.11-14.17.29:315][433]LogModuleManager: Shutting down and abandoning module AlembicImporter (352)
[2018.10.11-14.17.29:315][433]LogModuleManager: Shutting down and abandoning module AlembicLibrary (351)
[2018.10.11-14.17.29:315][433]LogModuleManager: Shutting down and abandoning module GeometryCache (350)
[2018.10.11-14.17.29:315][433]LogModuleManager: Shutting down and abandoning module GeometryCacheEd (349)
[2018.10.11-14.17.29:315][433]LogModuleManager: Shutting down and abandoning module DatasmithContentEditor (344)
[2018.10.11-14.17.29:315][433]LogModuleManager: Shutting down and abandoning module DatasmithContent (342)
[2018.10.11-14.17.29:317][433]LogModuleManager: Shutting down and abandoning module SpeedTreeImporter (340)
[2018.10.11-14.17.29:318][433]LogModuleManager: Shutting down and abandoning module PluginBrowser (338)
[2018.10.11-14.17.29:318][433]LogModuleManager: Shutting down and abandoning module MobileLauncherProfileWizard (336)
[2018.10.11-14.17.29:318][433]LogModuleManager: Shutting down and abandoning module PolygonModeling (334)
[2018.10.11-14.17.29:318][433]LogModuleManager: Shutting down and abandoning module MeshEditor (332)
[2018.10.11-14.17.29:318][433]LogModuleManager: Shutting down and abandoning module CryptoKeysOpenSSL (330)
[2018.10.11-14.17.29:318][433]LogModuleManager: Shutting down and abandoning module CryptoKeys (328)
[2018.10.11-14.17.29:318][433]LogModuleManager: Shutting down and abandoning module VisualStudioSourceCodeAccess (326)
[2018.10.11-14.17.29:318][433]LogModuleManager: Shutting down and abandoning module VisualStudioCodeSourceCodeAccess (324)
[2018.10.11-14.17.29:318][433]LogModuleManager: Shutting down and abandoning module UObjectPlugin (322)
[2018.10.11-14.17.29:318][433]LogModuleManager: Shutting down and abandoning module SubversionSourceControl (320)
[2018.10.11-14.17.29:318][433]LogModuleManager: Shutting down and abandoning module PerforceSourceControl (318)
[2018.10.11-14.17.29:318][433]LogModuleManager: Shutting down and abandoning module GitSourceControl (316)
[2018.10.11-14.17.29:319][433]LogModuleManager: Shutting down and abandoning module SourceControl (315)
[2018.10.11-14.17.29:319][433]LogModuleManager: Shutting down and abandoning module CLionSourceCodeAccess (312)
[2018.10.11-14.17.29:319][433]LogModuleManager: Shutting down and abandoning module LightPropagationVolumeEditor (310)
[2018.10.11-14.17.29:319][433]LogModuleManager: Shutting down and abandoning module PaperTiledImporter (308)
[2018.10.11-14.17.29:319][433]LogModuleManager: Shutting down and abandoning module PaperSpriteSheetImporter (306)
[2018.10.11-14.17.29:319][433]LogModuleManager: Shutting down and abandoning module Paper2DEditor (304)
[2018.10.11-14.17.29:319][433]LogModuleManager: Shutting down and abandoning module MeshPaint (303)
[2018.10.11-14.17.29:319][433]LogModuleManager: Shutting down and abandoning module FateFindWally (300)
[2018.10.11-14.17.29:319][433]LogModuleManager: Shutting down and abandoning module RuntimePhysXCooking (298)
[2018.10.11-14.17.29:319][433]LogModuleManager: Shutting down and abandoning module PhysXVehiclesEditor (296)
[2018.10.11-14.17.29:319][433]LogModuleManager: Shutting down and abandoning module PhysXVehicles (294)
[2018.10.11-14.17.29:319][433]LogModuleManager: Shutting down and abandoning module OculusEditor (292)
[2018.10.11-14.17.29:319][433]LogModuleManager: Shutting down and abandoning module LocationServicesBPLibrary (290)
[2018.10.11-14.17.29:319][433]LogModuleManager: Shutting down and abandoning module ImmediatePhysicsEditor (288)
[2018.10.11-14.17.29:319][433]LogModuleManager: Shutting down and abandoning module ImmediatePhysics (286)
[2018.10.11-14.17.29:319][433]LogModuleManager: Shutting down and abandoning module ActorSequence (284)
[2018.10.11-14.17.29:319][433]LogModuleManager: Shutting down and abandoning module UdpMessaging (282)
[2018.10.11-14.17.29:421][433]LogModuleManager: Shutting down and abandoning module TcpMessaging (280)
[2018.10.11-14.17.29:522][433]LogModuleManager: Shutting down and abandoning module MagicLeapAudio (278)
[2018.10.11-14.17.29:522][433]LogModuleManager: Shutting down and abandoning module GameplayTagsEditor (276)
[2018.10.11-14.17.29:522][433]LogModuleManager: Shutting down and abandoning module FacialAnimationEditor (274)
[2018.10.11-14.17.29:522][433]LogModuleManager: Shutting down and abandoning module FacialAnimation (272)
[2018.10.11-14.17.29:522][433]LogModuleManager: Shutting down and abandoning module DataValidation (270)
[2018.10.11-14.17.29:522][433]LogModuleManager: Shutting down and abandoning module AssetManagerEditor (268)
[2018.10.11-14.17.29:522][433]LogModuleManager: Shutting down and abandoning module LevelEditor (267)
[2018.10.11-14.17.29:524][433]LogModuleManager: Shutting down and abandoning module PixelInspectorModule (266)
[2018.10.11-14.17.29:524][433]LogModuleManager: Shutting down and abandoning module CommonMenuExtensions (264)
[2018.10.11-14.17.29:524][433]LogModuleManager: Shutting down and abandoning module MainFrame (262)
[2018.10.11-14.17.29:524][433]LogModuleManager: Shutting down and abandoning module HotReload (261)
[2018.10.11-14.17.29:525][433]LogModuleManager: Shutting down and abandoning module ContentBrowser (257)
[2018.10.11-14.17.29:527][433]LogModuleManager: Shutting down and abandoning module TreeMap (255)
[2018.10.11-14.17.29:527][433]LogModuleManager: Shutting down and abandoning module LightPropagationVolumeRuntime (252)
[2018.10.11-14.17.29:527][433]LogModuleManager: Shutting down and abandoning module AISupportModule (250)
[2018.10.11-14.17.29:527][433]LogModuleManager: Shutting down and abandoning module Paper2D (248)
[2018.10.11-14.17.29:527][433]LogModuleManager: Shutting down and abandoning module WindowsMoviePlayer (246)
[2018.10.11-14.17.29:527][433]LogModuleManager: Shutting down and abandoning module WmfMedia (244)
[2018.10.11-14.17.29:530][433]LogModuleManager: Shutting down and abandoning module Media (243)
[2018.10.11-14.17.29:537][433]LogModuleManager: Shutting down and abandoning module PacketHandler (240)
[2018.10.11-14.17.29:537][433]LogModuleManager: Shutting down and abandoning module ClothingSystemEditor (238)
[2018.10.11-14.17.29:537][433]LogModuleManager: Shutting down and abandoning module ClothingSystemRuntime (236)
[2018.10.11-14.17.29:537][433]LogModuleManager: Shutting down and abandoning module MediaAssets (234)
[2018.10.11-14.17.29:537][433]LogModuleManager: Shutting down and abandoning module Overlay (232)
[2018.10.11-14.17.29:537][433]LogModuleManager: Shutting down and abandoning module OverlayEditor (231)
[2018.10.11-14.17.29:537][433]LogModuleManager: Shutting down and abandoning module VREditor (228)
[2018.10.11-14.17.29:537][433]LogModuleManager: Shutting down and abandoning module StringTableEditor (226)
[2018.10.11-14.17.29:537][433]LogModuleManager: Shutting down and abandoning module GameplayTasksEditor (224)
[2018.10.11-14.17.29:537][433]LogModuleManager: Shutting down and abandoning module BehaviorTreeEditor (222)
[2018.10.11-14.17.29:537][433]LogModuleManager: Shutting down and abandoning module FunctionalTesting (220)
[2018.10.11-14.17.29:537][433]LogModuleManager: Shutting down and abandoning module CollisionAnalyzer (218)
[2018.10.11-14.17.29:538][433]LogModuleManager: Shutting down and abandoning module WorkspaceMenuStructure (217)
[2018.10.11-14.17.29:538][433]LogModuleManager: Shutting down and abandoning module UMG (214)
[2018.10.11-14.17.29:538][433]LogModuleManager: Shutting down and abandoning module UMGEditor (213)
[2018.10.11-14.17.29:538][433]LogModuleManager: Shutting down and abandoning module Sequencer (212)
[2018.10.11-14.17.29:538][433]LogModuleManager: Shutting down and abandoning module MessageLog (209)
[2018.10.11-14.17.29:538][433]LogModuleManager: Shutting down and abandoning module SlateReflector (204)
[2018.10.11-14.17.29:538][433]LogModuleManager: Shutting down and abandoning module Slate (202)
[2018.10.11-14.17.29:538][433]LogModuleManager: Shutting down and abandoning module EditorStyle (200)
[2018.10.11-14.17.29:542][433]LogModuleManager: Shutting down and abandoning module MRMesh (198)
[2018.10.11-14.17.29:542][433]LogModuleManager: Shutting down and abandoning module SourceCodeAccess (196)
[2018.10.11-14.17.29:542][433]LogModuleManager: Shutting down and abandoning module HeadMountedDisplay (194)
[2018.10.11-14.17.29:542][433]LogModuleManager: Shutting down and abandoning module XAudio2 (192)
[2018.10.11-14.17.29:542][433]LogModuleManager: Shutting down and abandoning module Networking (190)
[2018.10.11-14.17.29:542][433]LogModuleManager: Shutting down and abandoning module Core (188)
[2018.10.11-14.17.29:542][433]LogModuleManager: Shutting down and abandoning module LevelSequence (186)
[2018.10.11-14.17.29:542][433]LogModuleManager: Shutting down and abandoning module KismetCompiler (184)
[2018.10.11-14.17.29:542][433]LogModuleManager: Shutting down and abandoning module MeshUtilities (182)
[2018.10.11-14.17.29:543][433]LogModuleManager: Shutting down and abandoning module MeshMergeUtilities (181)
[2018.10.11-14.17.29:543][433]LogModuleManager: Shutting down and abandoning module MeshReductionInterface (180)
[2018.10.11-14.17.29:543][433]LogModuleManager: Shutting down and abandoning module SimplygonSwarm (179)
[2018.10.11-14.17.29:543][433]LogModuleManager: Shutting down and abandoning module ProxyLODMeshReduction (177)
[2018.10.11-14.17.29:543][433]LogModuleManager: Shutting down and abandoning module SimplygonMeshReduction (175)
[2018.10.11-14.17.29:543][433]LogModuleManager: Shutting down and abandoning module QuadricMeshReduction (173)
[2018.10.11-14.17.29:543][433]LogModuleManager: Shutting down and abandoning module MaterialBaking (169)
[2018.10.11-14.17.29:543][433]LogModuleManager: Shutting down and abandoning module DirectoryWatcher (165)
[2018.10.11-14.17.29:558][433]LogModuleManager: Shutting down and abandoning module DerivedDataCache (162)
[2018.10.11-14.17.29:560][433]LogDerivedDataCache: Shutdown
[2018.10.11-14.17.29:560][433]LogModuleManager: Shutting down and abandoning module XGEController (160)
[2018.10.11-14.17.29:560][433]LogXGEController: Cleaning working directory: C:/Users/mw2crt/AppData/Local/Temp/UnrealXGEWorkingDir/
[2018.10.11-14.17.29:560][433]LogModuleManager: Shutting down and abandoning module TargetPlatform (158)
[2018.10.11-14.17.29:560][433]LogModuleManager: Shutting down and abandoning module VulkanShaderFormat (157)
[2018.10.11-14.17.29:560][433]LogModuleManager: Shutting down and abandoning module ShaderFormatVectorVM (155)
[2018.10.11-14.17.29:560][433]LogModuleManager: Shutting down and abandoning module ShaderFormatOpenGL (153)
[2018.10.11-14.17.29:560][433]LogModuleManager: Shutting down and abandoning module ShaderFormatD3D (151)
[2018.10.11-14.17.29:560][433]LogModuleManager: Shutting down and abandoning module MetalShaderFormat (149)
[2018.10.11-14.17.29:560][433]LogModuleManager: Shutting down and abandoning module TextureFormatUncompressed (147)
[2018.10.11-14.17.29:561][433]LogModuleManager: Shutting down and abandoning module TextureFormatPVR (145)
[2018.10.11-14.17.29:561][433]LogModuleManager: Shutting down and abandoning module TextureFormatDXT (143)
[2018.10.11-14.17.29:561][433]LogModuleManager: Shutting down and abandoning module TextureFormatIntelISPCTexComp (141)
[2018.10.11-14.17.29:561][433]LogModuleManager: Shutting down and abandoning module TextureFormatASTC (139)
[2018.10.11-14.17.29:561][433]LogModuleManager: Shutting down and abandoning module ImageWrapper (138)
[2018.10.11-14.17.29:561][433]LogModuleManager: Shutting down and abandoning module TextureFormatAndroid (135)
[2018.10.11-14.17.29:561][433]LogModuleManager: Shutting down and abandoning module AudioFormatOpus (133)
[2018.10.11-14.17.29:561][433]LogModuleManager: Shutting down and abandoning module AudioFormatOgg (131)
[2018.10.11-14.17.29:561][433]LogModuleManager: Shutting down and abandoning module AudioFormatADPCM (129)
[2018.10.11-14.17.29:561][433]LogModuleManager: Shutting down and abandoning module LuminTargetPlatform (127)
[2018.10.11-14.17.29:561][433]LogModuleManager: Shutting down and abandoning module LinuxTargetPlatform (125)
[2018.10.11-14.17.29:561][433]LogModuleManager: Shutting down and abandoning module LinuxServerTargetPlatform (123)
[2018.10.11-14.17.29:561][433]LogModuleManager: Shutting down and abandoning module LinuxNoEditorTargetPlatform (121)
[2018.10.11-14.17.29:561][433]LogModuleManager: Shutting down and abandoning module LinuxClientTargetPlatform (119)
[2018.10.11-14.17.29:561][433]LogModuleManager: Shutting down and abandoning module TVOSTargetPlatform (117)
[2018.10.11-14.17.29:563][433]LogModuleManager: Shutting down and abandoning module Messaging (115)
[2018.10.11-14.17.29:563][433]LogModuleManager: Shutting down and abandoning module IOSTargetPlatform (113)
[2018.10.11-14.17.29:564][433]LogModuleManager: Shutting down and abandoning module HTML5TargetPlatform (111)
[2018.10.11-14.17.29:564][433]LogModuleManager: Shutting down and abandoning module AndroidTargetPlatform (109)
[2018.10.11-14.17.29:577][433]LogModuleManager: Shutting down and abandoning module WindowsTargetPlatform (107)
[2018.10.11-14.17.29:577][433]LogModuleManager: Shutting down and abandoning module WindowsServerTargetPlatform (105)
[2018.10.11-14.17.29:577][433]LogModuleManager: Shutting down and abandoning module WindowsNoEditorTargetPlatform (103)
[2018.10.11-14.17.29:577][433]LogModuleManager: Shutting down and abandoning module WindowsClientTargetPlatform (101)
[2018.10.11-14.17.29:577][433]LogModuleManager: Shutting down and abandoning module MacTargetPlatform (99)
[2018.10.11-14.17.29:577][433]LogModuleManager: Shutting down and abandoning module MacServerTargetPlatform (97)
[2018.10.11-14.17.29:577][433]LogModuleManager: Shutting down and abandoning module MacNoEditorTargetPlatform (95)
[2018.10.11-14.17.29:577][433]LogModuleManager: Shutting down and abandoning module MacClientTargetPlatform (93)
[2018.10.11-14.17.29:577][433]LogModuleManager: Shutting down and abandoning module AllDesktopTargetPlatform (91)
[2018.10.11-14.17.29:577][433]LogModuleManager: Shutting down and abandoning module InputCore (88)
[2018.10.11-14.17.29:577][433]LogModuleManager: Shutting down and abandoning module Settings (86)
[2018.10.11-14.17.29:577][433]LogModuleManager: Shutting down and abandoning module PhysXCooking (84)
[2018.10.11-14.17.29:578][433]LogModuleManager: Shutting down and abandoning module SteamVR (82)
[2018.10.11-14.17.29:578][433]LogModuleManager: Shutting down and abandoning module OculusHMD (80)
[2018.10.11-14.17.29:578][433]LogModuleManager: Shutting down and abandoning module ExampleDeviceProfileSelector (78)
[2018.10.11-14.17.29:578][433]LogModuleManager: Shutting down and abandoning module LauncherChunkInstaller (76)
[2018.10.11-14.17.29:578][433]LogModuleManager: Shutting down and abandoning module OnlineBlueprintSupport (74)
[2018.10.11-14.17.29:578][433]LogModuleManager: Shutting down and abandoning module OnlineSubsystem (70)
[2018.10.11-14.17.29:579][433]LogModuleManager: Shutting down and abandoning module XMPP (65)
[2018.10.11-14.17.29:579][433]LogModuleManager: Shutting down and abandoning module WebSockets (64)
[2018.10.11-14.17.29:612][433]LogModuleManager: Shutting down and abandoning module HTTP (61)
[2018.10.11-14.17.29:612][433]LogHttp: Display: Http module shutting down, but needs to wait on 1 outstanding Http requests:
[2018.10.11-14.17.29:612][433]LogHttp: Display: 	verb=[POST] url=[https://datarouter.ol.epicgames.com/datarouter/api/v1/public/data?SessionID=%7B0BB42B28-43A4-D907-5E6F-279620C6FA45%7D&AppID=UEEditor.Rocket.Release&AppVersion=4.20.3-4369336%2B%2B%2BUE4%2BRelease-4.20&UserID=1e12d23e457fc9b12b29d7917600c782%7C%7C6fa655e3-1d35-437e-89af-243b73a8f31f&AppEnvironment=datacollector-binary&UploadType=eteventstream] status=Processing
[2018.10.11-14.17.29:624][433]LogModuleManager: Shutting down and abandoning module SSL (60)
[2018.10.11-14.17.29:625][433]LogModuleManager: Shutting down and abandoning module MagicLeapEmulator (56)
[2018.10.11-14.17.29:625][433]LogModuleManager: Shutting down and abandoning module MagicLeapPrivileges (54)
[2018.10.11-14.17.29:625][433]LogModuleManager: Shutting down and abandoning module MagicLeapIdentity (52)
[2018.10.11-14.17.29:625][433]LogModuleManager: Shutting down and abandoning module MagicLeapHelperVulkan (50)
[2018.10.11-14.17.29:625][433]LogModuleManager: Shutting down and abandoning module MagicLeapHelperOpenGL (48)
[2018.10.11-14.17.29:625][433]LogModuleManager: Shutting down and abandoning module MagicLeapSecureStorage (46)
[2018.10.11-14.17.29:625][433]LogModuleManager: Shutting down and abandoning module MagicLeapGestures (44)
[2018.10.11-14.17.29:626][433]LogModuleManager: Shutting down and abandoning module MagicLeapEyeTracker (42)
[2018.10.11-14.17.29:626][433]LogModuleManager: Shutting down and abandoning module MagicLeapController (40)
[2018.10.11-14.17.29:626][433]LogSlate: Slate User Destroyed.  User Index 0, Is Virtual User: 0
[2018.10.11-14.17.29:626][433]LogModuleManager: Shutting down and abandoning module MagicLeap (38)
[2018.10.11-14.17.29:626][433]LogModuleManager: Shutting down and abandoning module AnimationModifiers (36)
[2018.10.11-14.17.29:626][433]LogModuleManager: Shutting down and abandoning module PropertyEditor (35)
[2018.10.11-14.17.29:626][433]LogModuleManager: Shutting down and abandoning module AudioEditor (32)
[2018.10.11-14.17.29:626][433]LogModuleManager: Shutting down and abandoning module TextureCompressor (30)
[2018.10.11-14.17.29:626][433]LogModuleManager: Shutting down and abandoning module ShaderCore (28)
[2018.10.11-14.17.29:626][433]LogModuleManager: Shutting down and abandoning module Landscape (26)
[2018.10.11-14.17.29:626][433]LogModuleManager: Shutting down and abandoning module SlateRHIRenderer (24)
[2018.10.11-14.17.29:626][433]LogModuleManager: Shutting down and abandoning module OpenGLDrv (22)
[2018.10.11-14.17.29:627][433]LogModuleManager: Shutting down and abandoning module D3D11RHI (20)
[2018.10.11-14.17.29:627][433]LogModuleManager: Shutting down and abandoning module AnimGraphRuntime (18)
[2018.10.11-14.17.29:627][433]LogModuleManager: Shutting down and abandoning module Renderer (16)
[2018.10.11-14.17.29:627][433]LogModuleManager: Shutting down and abandoning module Engine (14)
[2018.10.11-14.17.29:627][433]LogModuleManager: Shutting down and abandoning module CoreUObject (12)
[2018.10.11-14.17.29:627][433]LogModuleManager: Shutting down and abandoning module NetworkFile (10)
[2018.10.11-14.17.29:627][433]LogModuleManager: Shutting down and abandoning module CookedIterativeFile (8)
[2018.10.11-14.17.29:627][433]LogModuleManager: Shutting down and abandoning module StreamingFile (6)
[2018.10.11-14.17.29:627][433]LogModuleManager: Shutting down and abandoning module SandboxFile (4)
[2018.10.11-14.17.29:627][433]LogModuleManager: Shutting down and abandoning module PakFile (2)
[2018.10.11-14.17.29:635][433]LogExit: Exiting.
[2018.10.11-14.17.29:664][433]Log file closed, 10/11/18 15:17:29
