Log file open, 10/09/18 13:48:03
LogWindows: Failed to load 'aqProf.dll' (GetLastError=126)
LogWindows: File 'aqProf.dll' does not exist
LogWindows: Failed to load 'VtuneApi.dll' (GetLastError=126)
LogWindows: File 'VtuneApi.dll' does not exist
LogWindows: Failed to load 'VtuneApi32e.dll' (GetLastError=126)
LogWindows: File 'VtuneApi32e.dll' does not exist
LogInit: Display: Running engine for game: FateFindWally
LogPlatformFile: Not using cached read wrapper
LogTaskGraph: Started task graph with 5 named threads and 23 total threads with 3 sets of task threads.
LogStats: Stats thread started at 0.282191
LogD3D11RHI: Loaded GFSDK_Aftermath_Lib.x64.dll
LogICUInternationalization: Display: ICU TimeZone Detection - Raw Offset: +0:00, Platform Override: ''
LogPluginManager: Mounting plugin Paper2D
LogPluginManager: Mounting plugin AISupport
LogPluginManager: Mounting plugin LightPropagationVolume
LogPluginManager: Mounting plugin CLionSourceCodeAccess
LogPluginManager: Mounting plugin CodeLiteSourceCodeAccess
LogPluginManager: Mounting plugin GitSourceControl
LogPluginManager: Mounting plugin KDevelopSourceCodeAccess
LogPluginManager: Mounting plugin NullSourceCodeAccess
LogPluginManager: Mounting plugin PerforceSourceControl
LogPluginManager: Mounting plugin SubversionSourceControl
LogPluginManager: Mounting plugin UObjectPlugin
LogPluginManager: Mounting plugin VisualStudioCodeSourceCodeAccess
LogPluginManager: Mounting plugin VisualStudioSourceCodeAccess
LogPluginManager: Mounting plugin XCodeSourceCodeAccess
LogPluginManager: Mounting plugin AssetManagerEditor
LogPluginManager: Mounting plugin CryptoKeys
LogPluginManager: Mounting plugin DataValidation
LogPluginManager: Mounting plugin FacialAnimation
LogPluginManager: Mounting plugin GameplayTagsEditor
LogPluginManager: Mounting plugin MacGraphicsSwitching
LogPluginManager: Mounting plugin MeshEditor
LogPluginManager: Mounting plugin MobileLauncherProfileWizard
LogPluginManager: Mounting plugin PluginBrowser
LogPluginManager: Mounting plugin SpeedTreeImporter
LogPluginManager: Mounting plugin DatasmithContent
LogPluginManager: Mounting plugin AlembicImporter
LogPluginManager: Mounting plugin AppleImageUtils
LogPluginManager: Mounting plugin AppleVision
LogPluginManager: Mounting plugin BackChannel
LogPluginManager: Mounting plugin CharacterAI
LogPluginManager: Mounting plugin GeometryCache
LogPluginManager: Mounting plugin HTML5Networking
LogPluginManager: Mounting plugin ProxyLODPlugin
LogPluginManager: Mounting plugin MagicLeap
LogPluginManager: Mounting plugin MagicLeapEmulator
LogPluginManager: Mounting plugin MagicLeapMedia
LogPluginManager: Mounting plugin AndroidMedia
LogPluginManager: Mounting plugin AvfMedia
LogPluginManager: Mounting plugin ImgMedia
LogPluginManager: Mounting plugin LinearTimecode
LogPluginManager: Mounting plugin MediaCompositing
LogPluginManager: Mounting plugin MediaPlayerEditor
LogPluginManager: Mounting plugin WmfMedia
LogPluginManager: Mounting plugin TcpMessaging
LogPluginManager: Mounting plugin UdpMessaging
LogPluginManager: Mounting plugin ActorSequence
LogPluginManager: Mounting plugin LevelSequenceEditor
LogPluginManager: Mounting plugin MatineeToLevelSequence
LogPluginManager: Mounting plugin NetcodeUnitTest
LogPluginManager: Mounting plugin NUTUnrealEngine4
LogPluginManager: Mounting plugin OnlineSubsystemGooglePlay
LogPluginManager: Mounting plugin OnlineSubsystemIOS
LogPluginManager: Mounting plugin OnlineSubsystem
LogPluginManager: Mounting plugin OnlineSubsystemNull
LogPluginManager: Mounting plugin OnlineSubsystemUtils
LogPluginManager: Mounting plugin LauncherChunkInstaller
LogPluginManager: Mounting plugin AndroidDeviceProfileSelector
LogPluginManager: Mounting plugin AndroidMoviePlayer
LogPluginManager: Mounting plugin AndroidPermission
LogPluginManager: Mounting plugin AppleMoviePlayer
LogPluginManager: Mounting plugin ArchVisCharacter
LogPluginManager: Mounting plugin AudioCapture
LogPluginManager: Mounting plugin CableComponent
LogPluginManager: Mounting plugin CustomMeshComponent
LogPluginManager: Mounting plugin EditableMesh
LogPluginManager: Mounting plugin ExampleDeviceProfileSelector
LogPluginManager: Mounting plugin GoogleCloudMessaging
LogPluginManager: Mounting plugin ImmediatePhysics
LogPluginManager: Mounting plugin IOSDeviceProfileSelector
LogPluginManager: Mounting plugin LinuxDeviceProfileSelector
LogPluginManager: Mounting plugin LocationServicesBPLibrary
LogPluginManager: Mounting plugin MobilePatchingUtils
LogPluginManager: Mounting plugin OculusVR
LogPluginManager: Plugin shader directory ../../../Engine/Plugins/Runtime/Oculus/OculusVR/Shaders found
LogPluginManager: Mapping shader source directory ../../../Engine/Plugins/Runtime/Oculus/OculusVR/Shaders to virtual directory /Plugin/OculusVR
LogPluginManager: Mounting plugin PhysXVehicles
LogPluginManager: Mounting plugin ProceduralMeshComponent
LogPluginManager: Mounting plugin RuntimePhysXCooking
LogPluginManager: Mounting plugin SteamVR
LogPluginManager: Mounting plugin WindowsMoviePlayer
LogStreaming: Display: Took  0.175s to configure plugins.
LogInit: Using libcurl 7.55.1-DEV
LogInit:  - built for x86_64-pc-win32
LogInit:  - supports SSL with OpenSSL/1.0.2h
LogInit:  - supports HTTP deflate (compression) using libz 1.2.8
LogInit:  - other features:
LogInit:      CURL_VERSION_SSL
LogInit:      CURL_VERSION_LIBZ
LogInit:      CURL_VERSION_IPV6
LogInit:      CURL_VERSION_ASYNCHDNS
LogInit:      CURL_VERSION_LARGEFILE
LogInit:      CURL_VERSION_IDN
LogInit:  CurlRequestOptions (configurable via config and command line):
LogInit:  - bVerifyPeer = false  - Libcurl will NOT verify peer certificate
LogInit:  - bUseHttpProxy = false  - Libcurl will NOT use HTTP proxy
LogInit:  - bDontReuseConnections = false  - Libcurl will reuse connections
LogInit:  - CertBundlePath = nullptr  - Libcurl will use whatever was configured at build time.
LogInit:  - MaxHostConnections = 16  - Libcurl will limit the number of connections to a host
LogInit:  - LocalHostAddr = Default
LogInit:  - BufferSize = 65536
LogInit: WinSock: version 1.1 (2.2), MaxSocks=32767, MaxUdp=65467
LogHMD: Failed initializing OVRPlugin 1.25.0
LogInit: Build: ++UE4+Release-4.20-CL-4369336
LogInit: Engine Version: 4.20.3-4369336+++UE4+Release-4.20
LogInit: Compatible Engine Version: 4.20.0-4212847+++UE4+Release-4.20
LogInit: Net CL: 4212847
LogInit: OS: Windows 10 (), CPU: Intel(R) Core(TM) i7-4790K CPU @ 4.00GHz, GPU: NVIDIA GeForce GTX 980
LogInit: Compiled (64-bit): Sep 17 2018 12:26:19
LogInit: Compiled with Visual C++: 19.13.26129.00
LogInit: Build Configuration: Development
LogInit: Branch Name: ++UE4+Release-4.20
LogInit: Command Line:  
LogInit: Base Directory: D:/Program Files/Epic Games/UE_4.20/Engine/Binaries/Win64/
LogInit: Installed Engine Build: 1
LogDevObjectVersion: Number of dev versions registered: 20
LogDevObjectVersion:   Dev-Blueprints (B0D832E4-1F89-4F0D-ACCF-7EB736FD4AA2): 10
LogDevObjectVersion:   Dev-Build (E1C64328-A22C-4D53-A36C-8E866417BD8C): 0
LogDevObjectVersion:   Dev-Core (375EC13C-06E4-48FB-B500-84F0262A717E): 2
LogDevObjectVersion:   Dev-Editor (E4B068ED-F494-42E9-A231-DA0B2E46BB41): 24
LogDevObjectVersion:   Dev-Framework (CFFC743F-43B0-4480-9391-14DF171D2073): 34
LogDevObjectVersion:   Dev-Mobile (B02B49B5-BB20-44E9-A304-32B752E40360): 2
LogDevObjectVersion:   Dev-Networking (A4E4105C-59A1-49B5-A7C5-40C4547EDFEE): 0
LogDevObjectVersion:   Dev-Online (39C831C9-5AE6-47DC-9A44-9C173E1C8E7C): 0
LogDevObjectVersion:   Dev-Physics (78F01B33-EBEA-4F98-B9B4-84EACCB95AA2): 0
LogDevObjectVersion:   Dev-Platform (6631380F-2D4D-43E0-8009-CF276956A95A): 0
LogDevObjectVersion:   Dev-Rendering (12F88B9F-8875-4AFC-A67C-D90C383ABD29): 26
LogDevObjectVersion:   Dev-Sequencer (7B5AE74C-D270-4C10-A958-57980B212A5A): 9
LogDevObjectVersion:   Dev-VR (D7296918-1DD6-4BDD-9DE2-64A83CC13884): 2
LogDevObjectVersion:   Dev-LoadTimes (C2A15278-BFE7-4AFE-6C17-90FF531DF755): 1
LogDevObjectVersion:   Private-Geometry (6EACA3D4-40EC-4CC1-B786-8BED09428FC5): 3
LogDevObjectVersion:   Dev-AnimPhys (29E575DD-E0A3-4627-9D10-D276232CDCEA): 17
LogDevObjectVersion:   Dev-ReflectionCapture (6B266CEC-1EC7-4B8F-A30B-E4D90942FC07): 1
LogDevObjectVersion:   Dev-Automation (0DF73D61-A23F-47EA-B727-89E90C41499A): 1
LogDevObjectVersion:   FortniteMain (601D1886-AC64-4F84-AA16-D3DE0DEAC7D6): 12
LogDevObjectVersion:   Dev-Enterprise (9DFFBCD6-494F-0158-E221-12823C92A888): 1
LogStreaming: Display: Took  0.001s to delete old logs.
LogInit: Presizing for max 8388607 objects, including 0 objects not considered by GC, pre-allocating 0 bytes for permanent pool.
LogInit: Object subsystem initialized
[2018.10.09-12.48.04:345][  0]LogInit: Selected Device Profile: [Windows]
[2018.10.09-12.48.04:345][  0]LogInit: Applying CVar settings loaded from the selected device profile: [Windows]
[2018.10.09-12.48.04:372][  0]LogHAL: Display: Platform has ~ 16 GB [17112788992 / 17179869184 / 16], which maps to Larger [LargestMinGB=32, LargerMinGB=12, DefaultMinGB=8, SmallerMinGB=6, SmallestMinGB=0)
[2018.10.09-12.48.04:372][  0]LogInit: Setting Device Profile CVar: [[r.Vulkan.UseRealUBs:1]]
[2018.10.09-12.48.04:372][  0]LogInit: Going up to parent DeviceProfile []
[2018.10.09-12.48.04:372][  0]LogInit: Computer: DRAYNARUE-DESKT
[2018.10.09-12.48.04:372][  0]LogInit: User: matti
[2018.10.09-12.48.04:372][  0]LogInit: CPU Page size=4096, Cores=4
[2018.10.09-12.48.04:372][  0]LogInit: High frequency timer resolution =3.906258 MHz
[2018.10.09-12.48.04:372][  0]LogMemory: Memory total: Physical=15.9GB (16GB approx)
[2018.10.09-12.48.04:372][  0]LogMemory: Platform Memory Stats for Windows
[2018.10.09-12.48.04:372][  0]LogMemory: Process Physical Memory: 102.05 MB used, 102.05 MB peak
[2018.10.09-12.48.04:372][  0]LogMemory: Process Virtual Memory: 94.39 MB used, 94.39 MB peak
[2018.10.09-12.48.04:372][  0]LogMemory: Physical Memory: 7471.72 MB used,  8848.30 MB free, 16320.03 MB total
[2018.10.09-12.48.04:372][  0]LogMemory: Virtual Memory: 4641.09 MB used,  8848.30 MB free, 134217728.00 MB total
[2018.10.09-12.48.04:414][  0]LogInit: Using OS detected language (en-GB).
[2018.10.09-12.48.04:414][  0]LogInit: Using OS detected locale (en-GB).
[2018.10.09-12.48.04:417][  0]LogTextLocalizationManager: No specific localization for 'en-GB' exists, so the 'en' localization will be used.
[2018.10.09-12.48.04:760][  0]LogStreaming: Display: Took  0.346s to InitEngineTextLocalization.
[2018.10.09-12.48.04:760][  0]LogInit: Setting process to per monitor DPI aware
[2018.10.09-12.48.04:802][  0]LogSlate: New Slate User Created.  User Index 0, Is Virtual User: 0
[2018.10.09-12.48.04:803][  0]LogSlate: Slate User Registered.  User Index 0, Is Virtual User: 0
[2018.10.09-12.48.05:016][  0]LogHMD: Failed to initialize OpenVR with code 126
[2018.10.09-12.48.05:016][  0]LogD3D11RHI: D3D11 adapters:
[2018.10.09-12.48.05:087][  0]LogD3D11RHI:    0. 'NVIDIA GeForce GTX 980' (Feature Level 11_0)
[2018.10.09-12.48.05:087][  0]LogD3D11RHI:       4053/0/8160 MB DedicatedVideo/DedicatedSystem/SharedSystem, Outputs:1, VendorId:0x10de
[2018.10.09-12.48.05:090][  0]LogD3D11RHI:    1. 'Microsoft Basic Render Driver' (Feature Level 11_0)
[2018.10.09-12.48.05:090][  0]LogD3D11RHI:       0/0/8160 MB DedicatedVideo/DedicatedSystem/SharedSystem, Outputs:0, VendorId:0x1414
[2018.10.09-12.48.05:090][  0]LogD3D11RHI: Chosen D3D11 Adapter: 0
[2018.10.09-12.48.05:096][  0]LogD3D11RHI: Creating new Direct3DDevice
[2018.10.09-12.48.05:096][  0]LogD3D11RHI:     GPU DeviceId: 0x13c0 (for the marketing name, search the web for "GPU Device Id")
[2018.10.09-12.48.05:096][  0]LogWindows: EnumDisplayDevices:
[2018.10.09-12.48.05:096][  0]LogWindows:    0. 'NVIDIA GeForce GTX 980' (P:1 D:1)
[2018.10.09-12.48.05:096][  0]LogWindows:    1. 'NVIDIA GeForce GTX 980' (P:0 D:0)
[2018.10.09-12.48.05:097][  0]LogWindows:    2. 'NVIDIA GeForce GTX 980' (P:0 D:0)
[2018.10.09-12.48.05:097][  0]LogWindows:    3. 'NVIDIA GeForce GTX 980' (P:0 D:0)
[2018.10.09-12.48.05:097][  0]LogWindows: DebugString: FoundDriverCount:4 
[2018.10.09-12.48.05:097][  0]LogD3D11RHI:     Adapter Name: NVIDIA GeForce GTX 980
[2018.10.09-12.48.05:097][  0]LogD3D11RHI:   Driver Version: 416.16 (internal:25.21.14.1616, unified:416.16)
[2018.10.09-12.48.05:097][  0]LogD3D11RHI:      Driver Date: 10-2-2018
[2018.10.09-12.48.05:097][  0]LogRHI: Texture pool is 2837 MB (70% of 4053 MB)
[2018.10.09-12.48.05:139][  0]LogD3D11RHI: Async texture creation enabled
[2018.10.09-12.48.05:154][  0]LogD3D11RHI: GPU Timing Frequency: 1000.000000 (Debug: 2 2)
[2018.10.09-12.48.05:203][  0]LogShaderCompilers: Guid format shader working directory is -40 characters bigger than the processId version (../../../../../../GameDev/Projects/Unreal/FateFindWally/Fate-Find-Wally/FateFindWally/Intermediate/Shaders/WorkingDirectory/16020/).
[2018.10.09-12.48.05:204][  0]LogShaderCompilers: Cleaned the shader compiler working directory 'C:/Users/matti/AppData/Local/Temp/UnrealShaderWorkingDir/2DA8F4754C7F5A709621C5B2ED91191A/'.
[2018.10.09-12.48.05:599][  0]LogTemp: Display: Loaded TP AllDesktopTargetPlatform
[2018.10.09-12.48.05:611][  0]LogTemp: Display: Loaded TP MacClientTargetPlatform
[2018.10.09-12.48.05:624][  0]LogTemp: Display: Loaded TP MacNoEditorTargetPlatform
[2018.10.09-12.48.05:637][  0]LogTemp: Display: Loaded TP MacServerTargetPlatform
[2018.10.09-12.48.05:650][  0]LogTemp: Display: Loaded TP MacTargetPlatform
[2018.10.09-12.48.05:662][  0]LogTemp: Display: Loaded TP WindowsClientTargetPlatform
[2018.10.09-12.48.05:675][  0]LogTemp: Display: Loaded TP WindowsNoEditorTargetPlatform
[2018.10.09-12.48.05:691][  0]LogTemp: Display: Loaded TP WindowsServerTargetPlatform
[2018.10.09-12.48.05:699][  0]LogTemp: Display: Loaded TP WindowsTargetPlatform
[2018.10.09-12.48.05:767][  0]LogTemp: Display: Loaded TP AndroidTargetPlatform
[2018.10.09-12.48.05:767][  0]LogTemp: Display: Loaded TP AndroidTargetPlatform
[2018.10.09-12.48.05:767][  0]LogTemp: Display: Loaded TP AndroidTargetPlatform
[2018.10.09-12.48.05:767][  0]LogTemp: Display: Loaded TP AndroidTargetPlatform
[2018.10.09-12.48.05:767][  0]LogTemp: Display: Loaded TP AndroidTargetPlatform
[2018.10.09-12.48.05:767][  0]LogTemp: Display: Loaded TP AndroidTargetPlatform
[2018.10.09-12.48.05:767][  0]LogTemp: Display: Loaded TP AndroidTargetPlatform
[2018.10.09-12.48.05:767][  0]LogTemp: Display: Loaded TP AndroidTargetPlatform
[2018.10.09-12.48.05:767][  0]LogTemp: Display: Loaded TP AndroidTargetPlatform
[2018.10.09-12.48.05:767][  0]LogTemp: Display: Loaded TP AndroidTargetPlatform
[2018.10.09-12.48.05:767][  0]LogTemp: Display: Loaded TP AndroidTargetPlatform
[2018.10.09-12.48.05:767][  0]LogTemp: Display: Loaded TP AndroidTargetPlatform
[2018.10.09-12.48.05:767][  0]LogTemp: Display: Loaded TP AndroidTargetPlatform
[2018.10.09-12.48.05:767][  0]LogTemp: Display: Loaded TP AndroidTargetPlatform
[2018.10.09-12.48.05:767][  0]LogTemp: Display: Loaded TP AndroidTargetPlatform
[2018.10.09-12.48.05:767][  0]LogTemp: Display: Loaded TP AndroidTargetPlatform
[2018.10.09-12.48.05:767][  0]LogTemp: Display: Loaded TP AndroidTargetPlatform
[2018.10.09-12.48.05:767][  0]LogTemp: Display: Loaded TP AndroidTargetPlatform
[2018.10.09-12.48.05:769][  0]LogTemp: Display: Loaded TP HTML5TargetPlatform
[2018.10.09-12.48.05:834][  0]LogTemp: Display: Loaded TP IOSTargetPlatform
[2018.10.09-12.48.05:834][  0]LogTemp: Display: Loaded TP IOSTargetPlatform
[2018.10.09-12.48.05:856][  0]LogTemp: Display: Loaded TP TVOSTargetPlatform
[2018.10.09-12.48.05:856][  0]LogTemp: Display: Loaded TP TVOSTargetPlatform
[2018.10.09-12.48.05:868][  0]LogTemp: Display: Loaded TP LinuxClientTargetPlatform
[2018.10.09-12.48.05:880][  0]LogTemp: Display: Loaded TP LinuxNoEditorTargetPlatform
[2018.10.09-12.48.05:893][  0]LogTemp: Display: Loaded TP LinuxServerTargetPlatform
[2018.10.09-12.48.05:905][  0]LogTemp: Display: Loaded TP LinuxTargetPlatform
[2018.10.09-12.48.05:914][  0]LogTemp: Display: Loaded TP LuminTargetPlatform
[2018.10.09-12.48.05:914][  0]LogTargetPlatformManager: Display: Building Assets For Windows
[2018.10.09-12.48.06:007][  0]LogXGEController: Cleaning working directory: C:/Users/matti/AppData/Local/Temp/UnrealXGEWorkingDir/
[2018.10.09-12.48.06:008][  0]LogXGEController: Cannot use XGE Controller as Incredibuild is not installed on this machine.
[2018.10.09-12.48.06:008][  0]LogShaderCompilers: Cannot use XGE Shader Compiler as Incredibuild is not installed on this machine.
[2018.10.09-12.48.06:008][  0]LogShaderCompilers: Display: Using Local Shader Compiler.
[2018.10.09-12.48.06:586][  0]LogDerivedDataCache: Display: Max Cache Size: 512 MB
[2018.10.09-12.48.06:644][  0]LogDerivedDataCache: Loaded boot cache 0.06s 87MB C:/Users/matti/AppData/Local/UnrealEngine/4.20/DerivedDataCache/Boot.ddc.
[2018.10.09-12.48.06:644][  0]LogDerivedDataCache: Display: Loaded Boot cache: C:/Users/matti/AppData/Local/UnrealEngine/4.20/DerivedDataCache/Boot.ddc
[2018.10.09-12.48.06:645][  0]LogDerivedDataCache: FDerivedDataBackendGraph:  Pak pak cache file ../../../../../../GameDev/Projects/Unreal/FateFindWally/Fate-Find-Wally/FateFindWally/DerivedDataCache/DDC.ddp not found, will not use a pak cache.
[2018.10.09-12.48.06:645][  0]LogDerivedDataCache: Unable to find inner node Pak for hierarchical cache Hierarchy.
[2018.10.09-12.48.06:645][  0]LogDerivedDataCache: FDerivedDataBackendGraph:  CompressedPak pak cache file ../../../../../../GameDev/Projects/Unreal/FateFindWally/Fate-Find-Wally/FateFindWally/DerivedDataCache/Compressed.ddp not found, will not use a pak cache.
[2018.10.09-12.48.06:645][  0]LogDerivedDataCache: Unable to find inner node CompressedPak for hierarchical cache Hierarchy.
[2018.10.09-12.48.06:655][  0]LogDerivedDataCache: Display: Pak cache opened for reading ../../../Engine/DerivedDataCache/Compressed.ddp.
[2018.10.09-12.48.06:668][  0]LogDerivedDataCache: Using Local data cache path C:/Users/matti/AppData/Local/UnrealEngine/Common/DerivedDataCache: Writable
[2018.10.09-12.48.06:668][  0]LogDerivedDataCache: Shared data cache path not found in *engine.ini, will not use an Shared cache.
[2018.10.09-12.48.06:668][  0]LogDerivedDataCache: Unable to find inner node Shared for hierarchical cache Hierarchy.
[2018.10.09-12.48.06:684][  0]LogMaterial: Verifying Global Shaders for PCD3D_SM5
[2018.10.09-12.48.06:685][  0]LogSlate: Using FreeType 2.6.0
[2018.10.09-12.48.06:685][  0]LogSlate: SlateFontServices - WITH_FREETYPE: 1, WITH_HARFBUZZ: 1
[2018.10.09-12.48.06:776][  0]LogAssetRegistry: FAssetRegistry took 0.0252 seconds to start up
[2018.10.09-12.48.07:045][  0]LogInit: Selected Device Profile: [Windows]
[2018.10.09-12.48.07:166][  0]LogSimplygon: Simplygon DLL not present - disabling.
[2018.10.09-12.48.07:172][  0]LogMeshReduction: Using SimplygonSwarm for distributed automatic mesh merging
[2018.10.09-12.48.07:172][  0]LogMeshReduction: Using ProxyLODMeshReduction for automatic mesh merging
[2018.10.09-12.48.07:172][  0]LogMeshReduction: Using QuadricMeshReduction for automatic static mesh reduction
[2018.10.09-12.48.07:172][  0]LogMeshReduction: No automatic skeletal mesh reduction module available
[2018.10.09-12.48.07:184][  0]LogNetVersion: FateFindWally 1.0.0, NetCL: 4212847, EngineNetVer: 5, GameNetVer: 0 (Checksum: 1069516462)
[2018.10.09-12.48.07:710][  0]LogPackageLocalizationCache: Processed 11 localized package path(s) for 2 prioritized culture(s) in 0.159499 seconds
[2018.10.09-12.48.07:716][  0]LogUObjectArray: 38425 objects as part of root set at end of initial load.
[2018.10.09-12.48.07:716][  0]LogUObjectAllocator: 6690872 out of 0 bytes used by permanent object pool.
[2018.10.09-12.48.07:716][  0]LogUObjectArray: CloseDisregardForGC: 0/0 objects in disregard for GC pool
[2018.10.09-12.48.08:780][  0]LogTcpMessaging: Initializing TcpMessaging bridge
[2018.10.09-12.48.08:794][  0]LogUdpMessaging: Initializing bridge on interface 0.0.0.0:0 to multicast group 230.0.0.1:6666.
[2018.10.09-12.48.10:077][  0]SourceControl: Source control is disabled
[2018.10.09-12.48.10:077][  0]SourceControl: Source control is disabled
[2018.10.09-12.48.10:100][  0]SourceControl: Source control is disabled
[2018.10.09-12.48.10:114][  0]SourceControl: Source control is disabled
[2018.10.09-12.48.10:764][  0]LogAndroidPermission: UAndroidPermissionCallbackProxy::GetInstance
[2018.10.09-12.48.10:956][  0]LogOcInput: OculusInput pre-init called
[2018.10.09-12.48.11:076][  0]LogEngine: Initializing Engine...
[2018.10.09-12.48.11:110][  0]LogHMD: Failed to initialize OpenVR with code 126
[2018.10.09-12.48.11:111][  0]LogStats: UGameplayTagsManager::ConstructGameplayTagTree: ImportINI prefixes -  0.000 s
[2018.10.09-12.48.11:111][  0]LogStats: UGameplayTagsManager::ConstructGameplayTagTree: Construct from data asset -  0.000 s
[2018.10.09-12.48.11:111][  0]LogStats: UGameplayTagsManager::ConstructGameplayTagTree: ImportINI -  0.000 s
[2018.10.09-12.48.11:111][  0]LogStats: UGameplayTagsManager::ConstructGameplayTagTree: GameplayTagTreeChangedEvent.Broadcast -  0.000 s
[2018.10.09-12.48.11:294][  0]LogInit: Initializing FReadOnlyCVARCache
[2018.10.09-12.48.11:328][  0]LogAIModule: Creating AISystem for world Untitled
[2018.10.09-12.48.11:383][  0]LogInit: XAudio2 using 'DELL S2316H (NVIDIA High Definition Audio)' : 2 channels at 48 kHz using 16 bits per sample (channel mask 0x3)
[2018.10.09-12.48.11:420][  0]LogInit: FAudioDevice initialized.
[2018.10.09-12.48.11:420][  0]LogNetVersion: Set ProjectVersion to 1.0.0.0. Version Checksum will be recalculated on next use.
[2018.10.09-12.48.11:506][  0]LogDerivedDataCache: Saved boot cache 0.09s 89MB C:/Users/matti/AppData/Local/UnrealEngine/4.20/DerivedDataCache/Boot.ddc.
[2018.10.09-12.48.11:513][  0]LogInit: Texture streaming: Enabled
[2018.10.09-12.48.11:586][  0]LogEngineSessionManager: EngineSessionManager initialized
[2018.10.09-12.48.11:620][  0]LogInit: Transaction tracking system initialized
[2018.10.09-12.48.11:725][  0]BlueprintLog: New page: Editor Load
[2018.10.09-12.48.12:191][  0]LocalizationService: Localization service is disabled
[2018.10.09-12.48.12:618][  0]LogCook: Display: Max memory allowance for cook 16384mb min free memory 0mb
[2018.10.09-12.48.12:618][  0]LogCook: Display: Mobile HDR setting 1
[2018.10.09-12.48.12:618][  0]LogGameplayTags: Display: UGameplayTagsManager::DoneAddingNativeTags. DelegateIsBound: 0
[2018.10.09-12.48.12:618][  0]LogStats: UGameplayTagsManager::ConstructGameplayTagTree: ImportINI prefixes -  0.000 s
[2018.10.09-12.48.12:618][  0]LogStats: UGameplayTagsManager::ConstructGameplayTagTree: Construct from data asset -  0.000 s
[2018.10.09-12.48.12:618][  0]LogStats: UGameplayTagsManager::ConstructGameplayTagTree: ImportINI -  0.000 s
[2018.10.09-12.48.12:618][  0]LogStats: UGameplayTagsManager::ConstructGameplayTagTree: GameplayTagTreeChangedEvent.Broadcast -  0.000 s
[2018.10.09-12.48.13:059][  0]LogFileCache: Scanning file cache for directory 'D:/GameDev/Projects/Unreal/FateFindWally/Fate-Find-Wally/FateFindWally/Content/' took 0.02s
[2018.10.09-12.48.13:082][  0]SourceControl: Source control is disabled
[2018.10.09-12.48.13:082][  0]Cmd: MAP LOAD FILE="../../../../../../GameDev/Projects/Unreal/FateFindWally/Fate-Find-Wally/FateFindWally/Content/FirstPersonCPP/Maps/FirstPersonExampleMap.umap" TEMPLATE=0 SHOWPROGRESS=1 FEATURELEVEL=3
[2018.10.09-12.48.13:082][  0]LightingResults: New page: Lighting Build
[2018.10.09-12.48.13:086][  0]MapCheck: New page: Map Check
[2018.10.09-12.48.13:086][  0]LightingResults: New page: Lighting Build
[2018.10.09-12.48.13:168][  0]LogLinker: Warning: Can't find file '/Game/FirstPersonCPP/Maps/FirstPersonExampleMap_BuiltData'
[2018.10.09-12.48.13:168][  0]LogLinker: Warning: Can't find file for asset '/Game/FirstPersonCPP/Maps/FirstPersonExampleMap_BuiltData' while loading ../../../../../../GameDev/Projects/Unreal/FateFindWally/Fate-Find-Wally/FateFindWally/Content/FirstPersonCPP/Maps/FirstPersonExampleMap.umap.
[2018.10.09-12.48.13:168][  0]LoadErrors: Error: /Game/FirstPersonCPP/Maps/FirstPersonExampleMap : Can't find file for asset. /Game/FirstPersonCPP/Maps/FirstPersonExampleMap_BuiltData
[2018.10.09-12.48.13:173][  0]LogLinker: Warning: Can't find file '/Game/FirstPersonCPP/Maps/FirstPersonExampleMap_BuiltData'
[2018.10.09-12.48.13:173][  0]LogLinker: Warning: Can't find file for asset '/Game/FirstPersonCPP/Maps/FirstPersonExampleMap_BuiltData' while loading ../../../../../../GameDev/Projects/Unreal/FateFindWally/Fate-Find-Wally/FateFindWally/Content/FirstPersonCPP/Maps/FirstPersonExampleMap.umap.
[2018.10.09-12.48.13:173][  0]LoadErrors: Error: /Game/FirstPersonCPP/Maps/FirstPersonExampleMap : Can't find file for asset. /Game/FirstPersonCPP/Maps/FirstPersonExampleMap_BuiltData
[2018.10.09-12.48.13:269][  0]LogLinker: Warning: Can't find file '/Game/FirstPersonCPP/Maps/FirstPersonExampleMap_BuiltData'
[2018.10.09-12.48.13:269][  0]LogLinker: Warning: Can't find file for asset '/Game/FirstPersonCPP/Maps/FirstPersonExampleMap_BuiltData' while loading NULL.
[2018.10.09-12.48.13:269][  0]LogLinker: Warning: Can't find file '/Game/FirstPersonCPP/Maps/FirstPersonExampleMap_BuiltData'
[2018.10.09-12.48.13:269][  0]LogLinker: Warning: Can't find file for asset '/Game/FirstPersonCPP/Maps/FirstPersonExampleMap_BuiltData' while loading NULL.
[2018.10.09-12.48.13:299][  0]LogLinker: Warning: Can't find file '/Game/FirstPersonCPP/Maps/FirstPersonExampleMap_BuiltData'
[2018.10.09-12.48.13:299][  0]LoadErrors: Failed to load /Game/FirstPersonCPP/Maps/FirstPersonExampleMap_BuiltData.FirstPersonExampleMap_BuiltData Referenced by PersistentLevel
[2018.10.09-12.48.13:300][  0]LogLinker: Warning: Can't find file for asset '/Game/FirstPersonCPP/Maps/FirstPersonExampleMap_BuiltData' while loading NULL.
[2018.10.09-12.48.13:300][  0]LoadErrors: Failed to load /Game/FirstPersonCPP/Maps/FirstPersonExampleMap_BuiltData.FirstPersonExampleMap_BuiltData Referenced by PersistentLevel
[2018.10.09-12.48.13:589][  0]LogAIModule: Creating AISystem for world FirstPersonExampleMap
[2018.10.09-12.48.13:767][  0]LogEditorServer: Finished looking for orphan Actors (0.000 secs)
[2018.10.09-12.48.13:787][  0]Cmd: MAP CHECKDEP NOCLEARLOG
[2018.10.09-12.48.13:849][  0]MapCheck: Map check complete: 0 Error(s), 0 Warning(s), took 61.63ms to complete.
[2018.10.09-12.48.13:849][  0]LogFileHelpers: Loading map 'FirstPersonExampleMap' took 0.767
[2018.10.09-12.48.14:048][  0]LogSlate: Updating window title bar state: overlay mode, drag disabled, window buttons hidden, title bar hidden
[2018.10.09-12.48.14:056][  0]LogSlate: Updating window title bar state: overlay mode, drag disabled, window buttons hidden, title bar hidden
[2018.10.09-12.48.14:062][  0]LogSlate: Updating window title bar state: overlay mode, drag disabled, window buttons hidden, title bar hidden
[2018.10.09-12.48.14:068][  0]LogSlate: Updating window title bar state: overlay mode, drag disabled, window buttons hidden, title bar hidden
[2018.10.09-12.48.14:110][  0]LogCollectionManager: Loaded 0 collections in 0.003151 seconds
[2018.10.09-12.48.14:155][  0]LogFileCache: Scanning file cache for directory 'D:/GameDev/Projects/Unreal/FateFindWally/Fate-Find-Wally/FateFindWally/Saved/Collections/' took 0.01s
[2018.10.09-12.48.14:155][  0]LogFileCache: Scanning file cache for directory 'D:/GameDev/Projects/Unreal/FateFindWally/Fate-Find-Wally/FateFindWally/Content/Developers/matti/Collections/' took 0.01s
[2018.10.09-12.48.14:155][  0]LogFileCache: Scanning file cache for directory 'D:/GameDev/Projects/Unreal/FateFindWally/Fate-Find-Wally/FateFindWally/Content/Collections/' took 0.01s
[2018.10.09-12.48.14:155][  0]LogCollectionManager: Rebuilt the GUID cache for 0 collections in 0.000000 seconds
[2018.10.09-12.48.14:164][  0]LogContentBrowser: Native class hierarchy populated in 0.0085 seconds. Added 2576 classes and 605 folders.
[2018.10.09-12.48.14:174][  0]LogContentBrowser: Native class hierarchy updated for 'WidgetCarousel' in 0.0004 seconds. Added 0 classes and 0 folders.
[2018.10.09-12.48.15:075][  0]LogContentBrowser: Native class hierarchy updated for 'AddContentDialog' in 0.0005 seconds. Added 0 classes and 0 folders.
[2018.10.09-12.48.15:132][  0]LogContentBrowser: Native class hierarchy updated for 'SceneOutliner' in 0.0006 seconds. Added 1 classes and 2 folders.
[2018.10.09-12.48.15:148][  0]LogSlate: Took 0.000310 seconds to synchronously load lazily loaded font '../../../Engine/Content/Slate/Fonts/Roboto-Regular.ttf' (155K)
[2018.10.09-12.48.15:150][  0]LogSlate: Took 0.000286 seconds to synchronously load lazily loaded font '../../../Engine/Content/Slate/Fonts/Roboto-Bold.ttf' (160K)
[2018.10.09-12.48.15:198][  0]LogSlate: Took 0.020925 seconds to synchronously load lazily loaded font '../../../Engine/Content/Editor/Slate/Fonts/FontAwesome.ttf' (139K)
[2018.10.09-12.48.15:392][  0]LogRenderer: Reallocating scene render targets to support 1208x600 Format 10 NumSamples 1 (Frame:1).
[2018.10.09-12.48.15:595][  0]LogSlate: FSceneViewport::OnFocusLost() reason 2
[2018.10.09-12.48.15:632][  0]LogSlate: Window 'Tutorials' being destroyed
[2018.10.09-12.48.15:677][  0]LogContentBrowser: Native class hierarchy updated for 'HierarchicalLODOutliner' in 0.0006 seconds. Added 0 classes and 0 folders.
[2018.10.09-12.48.15:677][  0]LogLoad: (Engine Initialization) Total time: 14.48 seconds
[2018.10.09-12.48.15:677][  0]LogLoad: (Engine Initialization) Total Blueprint compile time: 0.00 seconds
[2018.10.09-12.48.15:692][  0]LogWindowsTextInputMethodSystem: Display: IME system now deactivated.
[2018.10.09-12.48.15:738][  0]LogContentStreaming: Texture pool size now 1000 MB
[2018.10.09-12.48.15:742][  0]LogSlate: FSceneViewport::OnFocusLost() reason 2
[2018.10.09-12.48.15:778][  0]LogSlate: Took 0.015064 seconds to synchronously load lazily loaded font '../../../Engine/Content/Slate/Fonts/Roboto-Light.ttf' (167K)
[2018.10.09-12.48.15:839][  1]LogAssetRegistry: Asset discovery search completed in 9.0847 seconds
[2018.10.09-12.48.15:840][  1]LogCollectionManager: Rebuilt the object cache for 0 collections in 0.000000 seconds (found 0 objects)
[2018.10.09-12.48.15:840][  1]LogCollectionManager: Fixed up redirectors for 0 collections in 0.000041 seconds (updated 0 objects)
[2018.10.09-12.48.26:364][242]LogSlate: Window 'Message Log' being destroyed
[2018.10.09-12.48.26:367][242]LogSlate: Window 'Message Log' being destroyed
[2018.10.09-12.48.27:268][350]LogSlate: FSceneViewport::OnFocusLost() reason 0
[2018.10.09-12.48.27:401][366]MapCheck: New page: Map Check
[2018.10.09-12.48.27:412][366]Cmd: MAP REBUILD ALLVISIBLE
[2018.10.09-12.48.27:412][366]LogEditorServer: Rebuildmap Clear paths rebuilt
[2018.10.09-12.48.27:574][366]LogMaterial: Display: Missing cached shader map for material FDebugViewModeMaterialProxy CubeMaterialOverride, compiling. 
[2018.10.09-12.48.27:619][366]LogShaderCompilers: Display: Shaders left to compile 1
[2018.10.09-12.48.27:619][366]LogMaterial: Display: Missing cached shader map for material FDebugViewModeMaterialProxy AntiAliasedTextMaterialTranslucent, compiling. 
[2018.10.09-12.48.27:624][366]LogMaterial: Display: Missing cached shader map for material FDebugViewModeMaterialProxy MaterialInstanceDynamic_0, compiling. 
[2018.10.09-12.48.27:630][366]LogMaterial: Display: Missing cached shader map for material FDebugViewModeMaterialProxy CubeMaterial, compiling. 
[2018.10.09-12.48.27:636][366]LogMaterial: Display: Missing cached shader map for material FDebugViewModeMaterialProxy WorldGridMaterial, compiling. Is special engine material.
[2018.10.09-12.48.27:642][366]LogMaterial: Display: Missing cached shader map for material FDebugViewModeMaterialProxy M_Door, compiling. 
[2018.10.09-12.48.27:649][366]LogMaterial: Display: Missing cached shader map for material FDebugViewModeMaterialProxy M_Glass, compiling. 
[2018.10.09-12.48.27:655][366]LogMaterial: Display: Missing cached shader map for material FDebugViewModeMaterialProxy M_Basic_Floor, compiling. 
[2018.10.09-12.48.27:661][366]LogMaterial: Display: Missing cached shader map for material FDebugViewModeMaterialProxy M_Basic_Wall, compiling. 
[2018.10.09-12.48.27:667][366]LogMaterial: Display: Missing cached shader map for material FDebugViewModeMaterialProxy M_Bush, compiling. 
[2018.10.09-12.48.27:673][366]LogMaterial: Display: Missing cached shader map for material FDebugViewModeMaterialProxy M_UE4Man_Body, compiling. 
[2018.10.09-12.48.27:680][366]LogMaterial: Display: Missing cached shader map for material FDebugViewModeMaterialProxy M_FPGun, compiling. 
[2018.10.09-12.48.27:688][366]LogMaterial: Display: Missing cached shader map for material FDebugViewModeMaterialProxy MatineeCam_mat, compiling. 
[2018.10.09-12.48.29:487][366]LogShaderCompilers: Display: Shaders left to compile 12
[2018.10.09-12.48.29:488][366]LogShaderCompilers: Display: Shaders left to compile 11
[2018.10.09-12.48.29:488][366]LogShaderCompilers: Display: Shaders left to compile 10
[2018.10.09-12.48.29:488][366]LogShaderCompilers: Display: Shaders left to compile 9
[2018.10.09-12.48.29:488][366]LogShaderCompilers: Display: Shaders left to compile 8
[2018.10.09-12.48.29:488][366]LogShaderCompilers: Display: Shaders left to compile 7
[2018.10.09-12.48.29:488][366]LogShaderCompilers: Display: Shaders left to compile 6
[2018.10.09-12.48.29:488][366]LogShaderCompilers: Display: Shaders left to compile 5
[2018.10.09-12.48.29:488][366]LogShaderCompilers: Display: Shaders left to compile 4
[2018.10.09-12.48.29:488][366]LogShaderCompilers: Display: Shaders left to compile 3
[2018.10.09-12.48.29:488][366]LogShaderCompilers: Display: Shaders left to compile 2
[2018.10.09-12.48.29:488][366]LogShaderCompilers: Display: Shaders left to compile 1
[2018.10.09-12.48.29:488][366]TextureStreamingBuild: Display: Compiling optional shaders took 1.921 seconds.
[2018.10.09-12.48.29:538][366]LogLevel: Display: Export Material TexCoord Scales took 0.051 seconds.
[2018.10.09-12.48.29:580][366]TextureStreamingBuild: Display: Build Texture Streaming took 0.034 seconds.
[2018.10.09-12.48.29:600][366]LightingResults: New page: Lighting Build - 9 Oct 2018 14:48:29
[2018.10.09-12.48.29:745][366]LogSwarmInterface: [OpenConnection] Registering TCP channel ...
[2018.10.09-12.48.29:893][366]LogSwarmInterface: [OpenConnection] Connecting to agent ...
[2018.10.09-12.48.29:924][366]LogSwarmInterface: [TryOpenConnection] Testing the Agent
[2018.10.09-12.48.30:494][366]LogSwarmInterface: [TryOpenConnection] Opening Connection to Agent
[2018.10.09-12.48.30:494][366]LogSwarmInterface: [TryOpenConnection] Local Process ID is 16020
[2018.10.09-12.48.35:605][366]LogStaticLightingSystem: Running Lightmass w/ ImmediateImport mode ENABLED
[2018.10.09-12.48.35:605][366]LogStaticLightingSystem: Running Lightmass w/ ImmediateProcess mode ENABLED
[2018.10.09-12.48.35:605][366]LogStaticLightingSystem: Running Lightmass w/ Sorting mode ENABLED
[2018.10.09-12.48.35:605][366]LogStaticLightingSystem: Running Lightmass w/ Mapping paddings ENABLED
[2018.10.09-12.48.35:605][366]LogStaticLightingSystem: Running Lightmass w/ Mapping debug paddings DISABLED
[2018.10.09-12.48.35:820][366]Cmd: MAP CHECK DONTDISPLAYDIALOG
[2018.10.09-12.48.35:820][366]MapCheck: New page: FirstPersonExampleMap - 9 Oct 2018 14:48:35
[2018.10.09-12.48.35:821][366]MapCheck: Error: WorldInfo_0 Maps need lighting rebuilt 
[2018.10.09-12.48.35:899][366]MapCheck: Map check complete: 1 Error(s), 0 Warning(s), took 78.995ms to complete.
[2018.10.09-12.48.35:922][366]LogEditorBuildUtils: Build time 0:08
[2018.10.09-12.48.35:938][366]LogMaterial: Display: Missing cached shader map for material FLightmassMaterialRenderer MaterialInstanceDynamic_0, compiling. 
[2018.10.09-12.48.35:947][366]LogMaterial: Display: Missing cached shader map for material FLightmassMaterialRenderer MaterialInstanceDynamic_0, compiling. 
[2018.10.09-12.48.36:008][366]LogShaderCompilers: Display: Shaders left to compile 4
[2018.10.09-12.48.36:025][367]LogMaterial: Display: Missing cached shader map for material FLightmassMaterialRenderer CubeMaterial, compiling. 
[2018.10.09-12.48.36:032][367]LogShaderCompilers: Display: Shaders left to compile 2
[2018.10.09-12.48.36:032][367]LogMaterial: Display: Missing cached shader map for material FLightmassMaterialRenderer CubeMaterial, compiling. 
[2018.10.09-12.48.36:059][367]LogShaderCompilers: Display: Shaders left to compile 2
[2018.10.09-12.48.36:072][368]LogMaterial: Display: Missing cached shader map for material FLightmassMaterialRenderer M_Door, compiling. 
[2018.10.09-12.48.36:079][368]LogShaderCompilers: Display: Shaders left to compile 2
[2018.10.09-12.48.36:079][368]LogMaterial: Display: Missing cached shader map for material FLightmassMaterialRenderer M_Door, compiling. 
[2018.10.09-12.48.36:123][369]LogMaterial: Display: Missing cached shader map for material FLightmassMaterialRenderer M_Glass, compiling. 
[2018.10.09-12.48.36:131][369]LogMaterial: Display: Missing cached shader map for material FLightmassMaterialRenderer M_Glass, compiling. 
[2018.10.09-12.48.36:154][370]LogMaterial: Display: Missing cached shader map for material FLightmassMaterialRenderer M_Basic_Floor, compiling. 
[2018.10.09-12.48.36:161][370]LogMaterial: Display: Missing cached shader map for material FLightmassMaterialRenderer M_Basic_Floor, compiling. 
[2018.10.09-12.48.36:184][371]LogMaterial: Display: Missing cached shader map for material FLightmassMaterialRenderer M_Basic_Wall, compiling. 
[2018.10.09-12.48.36:192][371]LogMaterial: Display: Missing cached shader map for material FLightmassMaterialRenderer M_Basic_Wall, compiling. 
[2018.10.09-12.48.36:224][372]LogMaterial: Display: Missing cached shader map for material FLightmassMaterialRenderer M_Bush, compiling. 
[2018.10.09-12.48.36:232][372]LogMaterial: Display: Missing cached shader map for material FLightmassMaterialRenderer M_Bush, compiling. 
[2018.10.09-12.48.36:240][372]LogMaterial: Display: Missing cached shader map for material FLightmassMaterialRenderer M_Bush, compiling. 
[2018.10.09-12.48.36:272][373]LogMaterial: Display: Missing cached shader map for material FLightmassMaterialRenderer WorldGridMaterial, compiling. Is special engine material.
[2018.10.09-12.48.36:280][373]LogMaterial: Display: Missing cached shader map for material FLightmassMaterialRenderer WorldGridMaterial, compiling. Is special engine material.
[2018.10.09-12.48.38:263][374]LogShaderCompilers: Display: Shaders left to compile 24
[2018.10.09-12.48.38:263][374]LogShaderCompilers: Display: Shaders left to compile 14
[2018.10.09-12.48.38:263][374]LogShaderCompilers: Display: Shaders left to compile 4
[2018.10.09-12.48.52:369][218]Job is a success!
[2018.10.09-12.48.52:713][219]LogSlate: Took 0.000252 seconds to synchronously load lazily loaded font '../../../Engine/Content/Slate/Fonts/Roboto-Light.ttf' (167K)
[2018.10.09-12.48.52:786][219]LogVolumetricLightmapImport: Imported Volumetric Lightmap in 0.054s
[2018.10.09-12.48.52:786][219]LogVolumetricLightmapImport:      Indirection Texture 16x16x16 = 0.0Mb
[2018.10.09-12.48.52:786][219]LogVolumetricLightmapImport:      BrickData 1040x5x5 = 1.0Mb (trimmed 0.7Mb due to 0.010000 MinBrickError)
[2018.10.09-12.48.52:786][219]LogVolumetricLightmapImport:      Bricks at Level
[2018.10.09-12.48.52:786][219]LogVolumetricLightmapImport:          0: 0.5% covering 100.0% of volume
[2018.10.09-12.48.52:786][219]LogVolumetricLightmapImport:          1: 5.8% covering 18.8% of volume
[2018.10.09-12.48.52:787][219]LogVolumetricLightmapImport:          2: 93.8% covering 4.8% of volume
[2018.10.09-12.48.53:706][219]LogTexture: Display: Building textures: LQ_Lightmap_0_2 (DXT1, 1024X1024)
[2018.10.09-12.48.53:706][219]LogTexture: Display: Building textures: HQ_Lightmap0_2 (AutoDXT, 1024X1024)
[2018.10.09-12.48.53:706][219]LogTexture: Display: Building textures: LQ_Lightmap_0_1 (DXT1, 2048X2048)
[2018.10.09-12.48.53:706][219]LogTexture: Display: Building textures: SkyOcclusion0_2 (AutoDXT, 1024X512)
[2018.10.09-12.48.53:706][219]LogTexture: Display: Building textures: HQ_Lightmap0_1 (AutoDXT, 2048X2048)
[2018.10.09-12.48.53:706][219]LogTexture: Display: Building textures: SkyOcclusion0_1 (AutoDXT, 2048X1024)
[2018.10.09-12.48.53:706][219]LogTexture: Display: Building textures: SkyOcclusion0_3 (AutoDXT, 64X32)
[2018.10.09-12.48.53:706][219]LogTexture: Display: Building textures: HQ_Lightmap0_3 (AutoDXT, 64X64)
[2018.10.09-12.48.53:706][219]LogTexture: Display: Building textures: LQ_Lightmap_0_3 (DXT1, 64X64)
[2018.10.09-12.48.53:901][219]LogTexture: Display: Building textures: ShadowMapTexture2D_3 (G8, 32X32)
[2018.10.09-12.48.53:902][219]LogTexture: Display: Building textures: ShadowMapTexture2D_1 (BGRA8, 256X512)
[2018.10.09-12.48.53:902][219]LogTexture: Display: Building textures: ShadowMapTexture2D_2 (BGRA8, 1024X256)
[2018.10.09-12.48.53:902][219]LogTexture: Display: Building textures: ShadowMapTexture2D_0 (BGRA8, 1024X1024)
[2018.10.09-12.48.53:958][219]Lightmass on DRAYNARUE-DESKT: 13.9 sec total, 171 ms importing, 41 ms setup, 3.08 sec photons, 10.5 sec processing, 0 ms extra exporting [178/178 mappings]. Threads: 1:13 min total, 18.3 sec processing.
[2018.10.09-12.48.53:997][219]LogStaticLightingSystem: Illumination: 24.0 sec (772 ms encoding lightmaps, 194 ms encoding shadowmaps)
[2018.10.09-12.48.53:997][219]LogStaticLightingSystem: Lightmap texture memory:  13.3 MB (10.7 MB streaming, 2.7 MB non-streaming), 6 textures
[2018.10.09-12.48.53:997][219]LogStaticLightingSystem: Shadowmap texture memory: 7.3 MB (6.7 MB streaming, 0.7 MB non-streaming), 4 textures
[2018.10.09-12.48.54:601][219]DumpUnbuiltLightIteractions
[2018.10.09-12.48.54:601][219]Lights with unbuilt interactions: 0
[2018.10.09-12.48.54:601][219]
[2018.10.09-12.48.54:601][219]Primitives with unbuilt interactions: 0
[2018.10.09-12.48.54:690][220]Cmd: MAP CHECK NOTIFYRESULTS
[2018.10.09-12.48.54:690][220]MapCheck: New page: FirstPersonExampleMap - 9 Oct 2018 14:48:54
[2018.10.09-12.48.54:757][220]MapCheck: Map check complete: 0 Error(s), 0 Warning(s), took 66.748ms to complete.
[2018.10.09-12.49.31:843][916]LogSavePackage: Moving '../../../../../../GameDev/Projects/Unreal/FateFindWally/Fate-Find-Wally/FateFindWally/Saved/FirstPersonExampleMap80B0CADD49CA6A8DB08678AE0DDA987A.tmp' to '../../../../../../GameDev/Projects/Unreal/FateFindWally/Fate-Find-Wally/FateFindWally/Content/FirstPersonCPP/Maps/FirstPersonExampleMap.umap'
[2018.10.09-12.49.31:870][916]LogFileHelpers: Saving map 'FirstPersonExampleMap' took 0.475
[2018.10.09-12.49.32:156][916]LogSavePackage: Moving '../../../../../../GameDev/Projects/Unreal/FateFindWally/Fate-Find-Wally/FateFindWally/Saved/FirstPersonExampleMap_BuiltData1EB7538F410D74664EB6FF9DFD42FAEA.tmp' to '../../../../../../GameDev/Projects/Unreal/FateFindWally/Fate-Find-Wally/FateFindWally/Content/FirstPersonCPP/Maps/FirstPersonExampleMap_BuiltData.uasset'
[2018.10.09-12.51.05:810][627]LogSlate: FSceneViewport::OnFocusLost() reason 0
[2018.10.09-12.52.04:476][ 44]LogSlate: FSceneViewport::OnFocusLost() reason 0
[2018.10.09-12.52.04:559][ 54]LogTemp: Repeating last play command: Selected Viewport
[2018.10.09-12.52.04:570][ 54]LogBlueprintUserMessages: Early PlayInEditor Detection: Level '/Game/FirstPersonCPP/Maps/FirstPersonExampleMap.FirstPersonExampleMap:PersistentLevel' has LevelScriptBlueprint '/Game/FirstPersonCPP/Maps/FirstPersonExampleMap.FirstPersonExampleMap:PersistentLevel.FirstPersonExampleMap' with GeneratedClass '/Game/FirstPersonCPP/Maps/FirstPersonExampleMap.FirstPersonExampleMap_C' with ClassGeneratedBy '/Game/FirstPersonCPP/Maps/FirstPersonExampleMap.FirstPersonExampleMap:PersistentLevel.FirstPersonExampleMap'
[2018.10.09-12.52.04:570][ 54]LogPlayLevel: PlayLevel: No blueprints needed recompiling
[2018.10.09-12.52.04:583][ 54]PIE: New page: PIE session: FirstPersonExampleMap (9 Oct 2018 14:52:04)
[2018.10.09-12.52.04:585][ 54]LogPlayLevel: Creating play world package: /Game/FirstPersonCPP/Maps/UEDPIE_0_FirstPersonExampleMap
[2018.10.09-12.52.04:626][ 54]LogPlayLevel: PIE: StaticDuplicateObject took: (0.041043s)
[2018.10.09-12.52.04:627][ 54]LogAIModule: Creating AISystem for world FirstPersonExampleMap
[2018.10.09-12.52.04:628][ 54]LogPlayLevel: PIE: World Init took: (0.001265s)
[2018.10.09-12.52.04:628][ 54]LogPlayLevel: PIE: Created PIE world by copying editor world from /Game/FirstPersonCPP/Maps/FirstPersonExampleMap.FirstPersonExampleMap to /Game/FirstPersonCPP/Maps/UEDPIE_0_FirstPersonExampleMap.FirstPersonExampleMap (0.042599s)
[2018.10.09-12.52.04:713][ 54]LogInit: XAudio2 using 'DELL S2316H (NVIDIA High Definition Audio)' : 2 channels at 48 kHz using 16 bits per sample (channel mask 0x3)
[2018.10.09-12.52.04:724][ 54]LogInit: FAudioDevice initialized.
[2018.10.09-12.52.04:777][ 54]LogLoad: Game class is 'FateFindWallyGameMode'
[2018.10.09-12.52.04:806][ 54]LogWorld: Bringing World /Game/FirstPersonCPP/Maps/UEDPIE_0_FirstPersonExampleMap.FirstPersonExampleMap up for play (max tick rate 0) at 2018.10.09-13.52.04
[2018.10.09-12.52.04:818][ 54]LogWorld: Bringing up level for play took: 0.028141
[2018.10.09-12.52.04:872][ 54]LogContentBrowser: Native class hierarchy updated for 'MovieSceneCapture' in 0.0005 seconds. Added 10 classes and 0 folders.
[2018.10.09-12.52.04:874][ 54]PIE: Play in editor start time for /Game/FirstPersonCPP/Maps/UEDPIE_0_FirstPersonExampleMap -0.166
[2018.10.09-12.52.04:874][ 54]LogBlueprintUserMessages: Late PlayInEditor Detection: Level '/Game/FirstPersonCPP/Maps/FirstPersonExampleMap.FirstPersonExampleMap:PersistentLevel' has LevelScriptBlueprint '/Game/FirstPersonCPP/Maps/FirstPersonExampleMap.FirstPersonExampleMap:PersistentLevel.FirstPersonExampleMap' with GeneratedClass '/Game/FirstPersonCPP/Maps/FirstPersonExampleMap.FirstPersonExampleMap_C' with ClassGeneratedBy '/Game/FirstPersonCPP/Maps/FirstPersonExampleMap.FirstPersonExampleMap:PersistentLevel.FirstPersonExampleMap'
[2018.10.09-12.52.46:982][843]LogSlate: FSceneViewport::OnFocusLost() reason 2
[2018.10.09-12.52.54:925][349]LogSlate: FSceneViewport::OnFocusLost() reason 2
[2018.10.09-12.52.55:251][368]LogBlueprintUserMessages: Early EndPlayMap Detection: Level '/Game/FirstPersonCPP/Maps/FirstPersonExampleMap.FirstPersonExampleMap:PersistentLevel' has LevelScriptBlueprint '/Game/FirstPersonCPP/Maps/FirstPersonExampleMap.FirstPersonExampleMap:PersistentLevel.FirstPersonExampleMap' with GeneratedClass '/Game/FirstPersonCPP/Maps/FirstPersonExampleMap.FirstPersonExampleMap_C' with ClassGeneratedBy '/Game/FirstPersonCPP/Maps/FirstPersonExampleMap.FirstPersonExampleMap:PersistentLevel.FirstPersonExampleMap'
[2018.10.09-12.52.55:251][368]LogSlate: Updating window title bar state: overlay mode, drag disabled, window buttons hidden, title bar hidden
[2018.10.09-12.52.55:282][368]LogPlayLevel: Display: Shutting down PIE online subsystems
[2018.10.09-12.52.55:282][368]LogBlueprintUserMessages: Late EndPlayMap Detection: Level '/Game/FirstPersonCPP/Maps/FirstPersonExampleMap.FirstPersonExampleMap:PersistentLevel' has LevelScriptBlueprint '/Game/FirstPersonCPP/Maps/FirstPersonExampleMap.FirstPersonExampleMap:PersistentLevel.FirstPersonExampleMap' with GeneratedClass '/Game/FirstPersonCPP/Maps/FirstPersonExampleMap.FirstPersonExampleMap_C' with ClassGeneratedBy '/Game/FirstPersonCPP/Maps/FirstPersonExampleMap.FirstPersonExampleMap:PersistentLevel.FirstPersonExampleMap'
[2018.10.09-12.52.55:317][368]LogSlate: Updating window title bar state: overlay mode, drag disabled, window buttons hidden, title bar hidden
[2018.10.09-12.52.55:359][370]LogPlayLevel: Display: Destroying online subsystem :Context_2
