Log file open, 10/11/18 15:42:11
LogWindows: Failed to load 'aqProf.dll' (GetLastError=126)
LogWindows: File 'aqProf.dll' does not exist
LogWindows: Failed to load 'VtuneApi.dll' (GetLastError=126)
LogWindows: File 'VtuneApi.dll' does not exist
LogWindows: Failed to load 'VtuneApi32e.dll' (GetLastError=126)
LogWindows: File 'VtuneApi32e.dll' does not exist
LogInit: Display: Running engine for game: FateFindWally
LogPlatformFile: Not using cached read wrapper
LogTaskGraph: Started task graph with 5 named threads and 23 total threads with 3 sets of task threads.
LogStats: Stats thread started at 0.273575
LogD3D11RHI: Loaded GFSDK_Aftermath_Lib.x64.dll
LogICUInternationalization: Display: ICU TimeZone Detection - Raw Offset: +0:00, Platform Override: ''
LogPluginManager: Mounting plugin Paper2D
LogPluginManager: Mounting plugin AISupport
LogPluginManager: Mounting plugin LightPropagationVolume
LogPluginManager: Mounting plugin CLionSourceCodeAccess
LogPluginManager: Mounting plugin CodeLiteSourceCodeAccess
LogPluginManager: Mounting plugin GitSourceControl
LogPluginManager: Mounting plugin KDevelopSourceCodeAccess
LogPluginManager: Mounting plugin NullSourceCodeAccess
LogPluginManager: Mounting plugin PerforceSourceControl
LogPluginManager: Mounting plugin SubversionSourceControl
LogPluginManager: Mounting plugin UObjectPlugin
LogPluginManager: Mounting plugin VisualStudioCodeSourceCodeAccess
LogPluginManager: Mounting plugin VisualStudioSourceCodeAccess
LogPluginManager: Mounting plugin XCodeSourceCodeAccess
LogPluginManager: Mounting plugin AssetManagerEditor
LogPluginManager: Mounting plugin CryptoKeys
LogPluginManager: Mounting plugin DataValidation
LogPluginManager: Mounting plugin FacialAnimation
LogPluginManager: Mounting plugin GameplayTagsEditor
LogPluginManager: Mounting plugin MacGraphicsSwitching
LogPluginManager: Mounting plugin MeshEditor
LogPluginManager: Mounting plugin MobileLauncherProfileWizard
LogPluginManager: Mounting plugin PluginBrowser
LogPluginManager: Mounting plugin SpeedTreeImporter
LogPluginManager: Mounting plugin DatasmithContent
LogPluginManager: Mounting plugin AlembicImporter
LogPluginManager: Mounting plugin AppleImageUtils
LogPluginManager: Mounting plugin AppleVision
LogPluginManager: Mounting plugin BackChannel
LogPluginManager: Mounting plugin CharacterAI
LogPluginManager: Mounting plugin GeometryCache
LogPluginManager: Mounting plugin HTML5Networking
LogPluginManager: Mounting plugin ProxyLODPlugin
LogPluginManager: Mounting plugin MagicLeap
LogPluginManager: Mounting plugin MagicLeapEmulator
LogPluginManager: Mounting plugin MagicLeapMedia
LogPluginManager: Mounting plugin AndroidMedia
LogPluginManager: Mounting plugin AvfMedia
LogPluginManager: Mounting plugin ImgMedia
LogPluginManager: Mounting plugin LinearTimecode
LogPluginManager: Mounting plugin MediaCompositing
LogPluginManager: Mounting plugin MediaPlayerEditor
LogPluginManager: Mounting plugin WmfMedia
LogPluginManager: Mounting plugin TcpMessaging
LogPluginManager: Mounting plugin UdpMessaging
LogPluginManager: Mounting plugin ActorSequence
LogPluginManager: Mounting plugin LevelSequenceEditor
LogPluginManager: Mounting plugin MatineeToLevelSequence
LogPluginManager: Mounting plugin NetcodeUnitTest
LogPluginManager: Mounting plugin NUTUnrealEngine4
LogPluginManager: Mounting plugin OnlineSubsystemGooglePlay
LogPluginManager: Mounting plugin OnlineSubsystemIOS
LogPluginManager: Mounting plugin OnlineSubsystem
LogPluginManager: Mounting plugin OnlineSubsystemNull
LogPluginManager: Mounting plugin OnlineSubsystemUtils
LogPluginManager: Mounting plugin LauncherChunkInstaller
LogPluginManager: Mounting plugin AndroidDeviceProfileSelector
LogPluginManager: Mounting plugin AndroidMoviePlayer
LogPluginManager: Mounting plugin AndroidPermission
LogPluginManager: Mounting plugin AppleMoviePlayer
LogPluginManager: Mounting plugin ArchVisCharacter
LogPluginManager: Mounting plugin AudioCapture
LogPluginManager: Mounting plugin CableComponent
LogPluginManager: Mounting plugin CustomMeshComponent
LogPluginManager: Mounting plugin EditableMesh
LogPluginManager: Mounting plugin ExampleDeviceProfileSelector
LogPluginManager: Mounting plugin GoogleCloudMessaging
LogPluginManager: Mounting plugin ImmediatePhysics
LogPluginManager: Mounting plugin IOSDeviceProfileSelector
LogPluginManager: Mounting plugin LinuxDeviceProfileSelector
LogPluginManager: Mounting plugin LocationServicesBPLibrary
LogPluginManager: Mounting plugin MobilePatchingUtils
LogPluginManager: Mounting plugin OculusVR
LogPluginManager: Plugin shader directory ../../../Engine/Plugins/Runtime/Oculus/OculusVR/Shaders found
LogPluginManager: Mapping shader source directory ../../../Engine/Plugins/Runtime/Oculus/OculusVR/Shaders to virtual directory /Plugin/OculusVR
LogPluginManager: Mounting plugin PhysXVehicles
LogPluginManager: Mounting plugin ProceduralMeshComponent
LogPluginManager: Mounting plugin RuntimePhysXCooking
LogPluginManager: Mounting plugin SteamVR
LogPluginManager: Mounting plugin WindowsMoviePlayer
LogStreaming: Display: Took  0.132s to configure plugins.
LogInit: Using libcurl 7.55.1-DEV
LogInit:  - built for x86_64-pc-win32
LogInit:  - supports SSL with OpenSSL/1.0.2h
LogInit:  - supports HTTP deflate (compression) using libz 1.2.8
LogInit:  - other features:
LogInit:      CURL_VERSION_SSL
LogInit:      CURL_VERSION_LIBZ
LogInit:      CURL_VERSION_IPV6
LogInit:      CURL_VERSION_ASYNCHDNS
LogInit:      CURL_VERSION_LARGEFILE
LogInit:      CURL_VERSION_IDN
LogInit:  CurlRequestOptions (configurable via config and command line):
LogInit:  - bVerifyPeer = false  - Libcurl will NOT verify peer certificate
LogInit:  - bUseHttpProxy = false  - Libcurl will NOT use HTTP proxy
LogInit:  - bDontReuseConnections = false  - Libcurl will reuse connections
LogInit:  - CertBundlePath = nullptr  - Libcurl will use whatever was configured at build time.
LogInit:  - MaxHostConnections = 16  - Libcurl will limit the number of connections to a host
LogInit:  - LocalHostAddr = Default
LogInit:  - BufferSize = 65536
LogInit: WinSock: version 1.1 (2.2), MaxSocks=32767, MaxUdp=65467
LogInit: Build: ++UE4+Release-4.20-CL-4369336
LogInit: Engine Version: 4.20.3-4369336+++UE4+Release-4.20
LogInit: Compatible Engine Version: 4.20.0-4212847+++UE4+Release-4.20
LogInit: Net CL: 4212847
LogInit: OS: Windows 10 (), CPU: Intel(R) Core(TM) i7-4790 CPU @ 3.60GHz, GPU: NVIDIA GeForce GTX 780
LogInit: Compiled (64-bit): Sep 17 2018 12:26:19
LogInit: Compiled with Visual C++: 19.13.26129.00
LogInit: Build Configuration: Development
LogInit: Branch Name: ++UE4+Release-4.20
LogInit: Command Line:  
LogInit: Base Directory: C:/Program Files/Epic Games/UE_4.20/Engine/Binaries/Win64/
LogInit: Installed Engine Build: 1
LogDevObjectVersion: Number of dev versions registered: 20
LogDevObjectVersion:   Dev-Blueprints (B0D832E4-1F89-4F0D-ACCF-7EB736FD4AA2): 10
LogDevObjectVersion:   Dev-Build (E1C64328-A22C-4D53-A36C-8E866417BD8C): 0
LogDevObjectVersion:   Dev-Core (375EC13C-06E4-48FB-B500-84F0262A717E): 2
LogDevObjectVersion:   Dev-Editor (E4B068ED-F494-42E9-A231-DA0B2E46BB41): 24
LogDevObjectVersion:   Dev-Framework (CFFC743F-43B0-4480-9391-14DF171D2073): 34
LogDevObjectVersion:   Dev-Mobile (B02B49B5-BB20-44E9-A304-32B752E40360): 2
LogDevObjectVersion:   Dev-Networking (A4E4105C-59A1-49B5-A7C5-40C4547EDFEE): 0
LogDevObjectVersion:   Dev-Online (39C831C9-5AE6-47DC-9A44-9C173E1C8E7C): 0
LogDevObjectVersion:   Dev-Physics (78F01B33-EBEA-4F98-B9B4-84EACCB95AA2): 0
LogDevObjectVersion:   Dev-Platform (6631380F-2D4D-43E0-8009-CF276956A95A): 0
LogDevObjectVersion:   Dev-Rendering (12F88B9F-8875-4AFC-A67C-D90C383ABD29): 26
LogDevObjectVersion:   Dev-Sequencer (7B5AE74C-D270-4C10-A958-57980B212A5A): 9
LogDevObjectVersion:   Dev-VR (D7296918-1DD6-4BDD-9DE2-64A83CC13884): 2
LogDevObjectVersion:   Dev-LoadTimes (C2A15278-BFE7-4AFE-6C17-90FF531DF755): 1
LogDevObjectVersion:   Private-Geometry (6EACA3D4-40EC-4CC1-B786-8BED09428FC5): 3
LogDevObjectVersion:   Dev-AnimPhys (29E575DD-E0A3-4627-9D10-D276232CDCEA): 17
LogDevObjectVersion:   Dev-ReflectionCapture (6B266CEC-1EC7-4B8F-A30B-E4D90942FC07): 1
LogDevObjectVersion:   Dev-Automation (0DF73D61-A23F-47EA-B727-89E90C41499A): 1
LogDevObjectVersion:   FortniteMain (601D1886-AC64-4F84-AA16-D3DE0DEAC7D6): 12
LogDevObjectVersion:   Dev-Enterprise (9DFFBCD6-494F-0158-E221-12823C92A888): 1
LogStreaming: Display: Took  0.001s to delete old logs.
LogInit: Presizing for max 8388607 objects, including 0 objects not considered by GC, pre-allocating 0 bytes for permanent pool.
LogInit: Object subsystem initialized
[2018.10.11-14.42.11:978][  0]LogInit: Selected Device Profile: [Windows]
[2018.10.11-14.42.11:978][  0]LogInit: Applying CVar settings loaded from the selected device profile: [Windows]
[2018.10.11-14.42.12:005][  0]LogHAL: Display: Platform has ~ 16 GB [17080971264 / 17179869184 / 16], which maps to Larger [LargestMinGB=32, LargerMinGB=12, DefaultMinGB=8, SmallerMinGB=6, SmallestMinGB=0)
[2018.10.11-14.42.12:005][  0]LogInit: Setting Device Profile CVar: [[r.Vulkan.UseRealUBs:1]]
[2018.10.11-14.42.12:005][  0]LogInit: Going up to parent DeviceProfile []
[2018.10.11-14.42.12:005][  0]LogInit: Computer: AMTX222-24
[2018.10.11-14.42.12:005][  0]LogInit: User: mw2crt
[2018.10.11-14.42.12:005][  0]LogInit: CPU Page size=4096, Cores=4
[2018.10.11-14.42.12:005][  0]LogInit: High frequency timer resolution =3.507504 MHz
[2018.10.11-14.42.12:006][  0]LogMemory: Memory total: Physical=15.9GB (16GB approx)
[2018.10.11-14.42.12:006][  0]LogMemory: Platform Memory Stats for Windows
[2018.10.11-14.42.12:006][  0]LogMemory: Process Physical Memory: 99.84 MB used, 99.84 MB peak
[2018.10.11-14.42.12:006][  0]LogMemory: Process Virtual Memory: 91.05 MB used, 91.05 MB peak
[2018.10.11-14.42.12:006][  0]LogMemory: Physical Memory: 4332.51 MB used,  11957.17 MB free, 16289.68 MB total
[2018.10.11-14.42.12:006][  0]LogMemory: Virtual Memory: 4641.32 MB used,  11957.17 MB free, 134217728.00 MB total
[2018.10.11-14.42.12:023][  0]LogInit: Using OS detected language (en-GB).
[2018.10.11-14.42.12:023][  0]LogInit: Using OS detected locale (en-GB).
[2018.10.11-14.42.12:023][  0]LogTextLocalizationManager: No specific localization for 'en-GB' exists, so the 'en' localization will be used.
[2018.10.11-14.42.12:349][  0]LogStreaming: Display: Took  0.326s to InitEngineTextLocalization.
[2018.10.11-14.42.12:349][  0]LogInit: Setting process to per monitor DPI aware
[2018.10.11-14.42.12:379][  0]LogSlate: New Slate User Created.  User Index 0, Is Virtual User: 0
[2018.10.11-14.42.12:379][  0]LogSlate: Slate User Registered.  User Index 0, Is Virtual User: 0
[2018.10.11-14.42.12:537][  0]LogHMD: Failed to initialize OpenVR with code 110
[2018.10.11-14.42.12:537][  0]LogD3D11RHI: D3D11 adapters:
[2018.10.11-14.42.12:580][  0]LogD3D11RHI:    0. 'NVIDIA GeForce GTX 780' (Feature Level 11_0)
[2018.10.11-14.42.12:580][  0]LogD3D11RHI:       3029/0/8144 MB DedicatedVideo/DedicatedSystem/SharedSystem, Outputs:2, VendorId:0x10de
[2018.10.11-14.42.12:582][  0]LogD3D11RHI:    1. 'Microsoft Basic Render Driver' (Feature Level 11_0)
[2018.10.11-14.42.12:582][  0]LogD3D11RHI:       0/0/8144 MB DedicatedVideo/DedicatedSystem/SharedSystem, Outputs:0, VendorId:0x1414
[2018.10.11-14.42.12:582][  0]LogD3D11RHI: Chosen D3D11 Adapter: 0
[2018.10.11-14.42.12:586][  0]LogD3D11RHI: Creating new Direct3DDevice
[2018.10.11-14.42.12:586][  0]LogD3D11RHI:     GPU DeviceId: 0x1004 (for the marketing name, search the web for "GPU Device Id")
[2018.10.11-14.42.12:586][  0]LogWindows: EnumDisplayDevices:
[2018.10.11-14.42.12:586][  0]LogWindows:    0. 'NVIDIA GeForce GTX 780' (P:1 D:1)
[2018.10.11-14.42.12:586][  0]LogWindows:    1. 'NVIDIA GeForce GTX 780' (P:0 D:1)
[2018.10.11-14.42.12:586][  0]LogWindows:    2. 'NVIDIA GeForce GTX 780' (P:0 D:0)
[2018.10.11-14.42.12:586][  0]LogWindows:    3. 'NVIDIA GeForce GTX 780' (P:0 D:0)
[2018.10.11-14.42.12:586][  0]LogWindows: DebugString: FoundDriverCount:4 
[2018.10.11-14.42.12:586][  0]LogD3D11RHI:     Adapter Name: NVIDIA GeForce GTX 780
[2018.10.11-14.42.12:586][  0]LogD3D11RHI:   Driver Version: 399.07 (internal:24.21.13.9907, unified:399.07)
[2018.10.11-14.42.12:586][  0]LogD3D11RHI:      Driver Date: 8-21-2018
[2018.10.11-14.42.12:586][  0]LogRHI: Texture pool is 2120 MB (70% of 3029 MB)
[2018.10.11-14.42.12:613][  0]LogD3D11RHI: Async texture creation enabled
[2018.10.11-14.42.12:629][  0]LogD3D11RHI: GPU Timing Frequency: 1000.000000 (Debug: 2 2)
[2018.10.11-14.42.12:630][  0]LogShaderCompilers: Guid format shader working directory is -23 characters bigger than the processId version (../../../../../../Temp/MatthewWest/Wally/Fate-Find-Wally/FateFindWally/Intermediate/Shaders/WorkingDirectory/8504/).
[2018.10.11-14.42.12:631][  0]LogShaderCompilers: Cleaned the shader compiler working directory 'C:/Users/mw2crt/AppData/Local/Temp/UnrealShaderWorkingDir/62EB42E940B52FC8BF56C89E56A55DB1/'.
[2018.10.11-14.42.12:911][  0]LogTemp: Display: Loaded TP AllDesktopTargetPlatform
[2018.10.11-14.42.12:923][  0]LogTemp: Display: Loaded TP MacClientTargetPlatform
[2018.10.11-14.42.12:935][  0]LogTemp: Display: Loaded TP MacNoEditorTargetPlatform
[2018.10.11-14.42.12:946][  0]LogTemp: Display: Loaded TP MacServerTargetPlatform
[2018.10.11-14.42.12:958][  0]LogTemp: Display: Loaded TP MacTargetPlatform
[2018.10.11-14.42.12:970][  0]LogTemp: Display: Loaded TP WindowsClientTargetPlatform
[2018.10.11-14.42.12:982][  0]LogTemp: Display: Loaded TP WindowsNoEditorTargetPlatform
[2018.10.11-14.42.12:994][  0]LogTemp: Display: Loaded TP WindowsServerTargetPlatform
[2018.10.11-14.42.12:999][  0]LogTemp: Display: Loaded TP WindowsTargetPlatform
[2018.10.11-14.42.13:069][  0]LogTemp: Display: Loaded TP AndroidTargetPlatform
[2018.10.11-14.42.13:069][  0]LogTemp: Display: Loaded TP AndroidTargetPlatform
[2018.10.11-14.42.13:069][  0]LogTemp: Display: Loaded TP AndroidTargetPlatform
[2018.10.11-14.42.13:069][  0]LogTemp: Display: Loaded TP AndroidTargetPlatform
[2018.10.11-14.42.13:069][  0]LogTemp: Display: Loaded TP AndroidTargetPlatform
[2018.10.11-14.42.13:069][  0]LogTemp: Display: Loaded TP AndroidTargetPlatform
[2018.10.11-14.42.13:069][  0]LogTemp: Display: Loaded TP AndroidTargetPlatform
[2018.10.11-14.42.13:069][  0]LogTemp: Display: Loaded TP AndroidTargetPlatform
[2018.10.11-14.42.13:069][  0]LogTemp: Display: Loaded TP AndroidTargetPlatform
[2018.10.11-14.42.13:069][  0]LogTemp: Display: Loaded TP AndroidTargetPlatform
[2018.10.11-14.42.13:069][  0]LogTemp: Display: Loaded TP AndroidTargetPlatform
[2018.10.11-14.42.13:069][  0]LogTemp: Display: Loaded TP AndroidTargetPlatform
[2018.10.11-14.42.13:069][  0]LogTemp: Display: Loaded TP AndroidTargetPlatform
[2018.10.11-14.42.13:069][  0]LogTemp: Display: Loaded TP AndroidTargetPlatform
[2018.10.11-14.42.13:069][  0]LogTemp: Display: Loaded TP AndroidTargetPlatform
[2018.10.11-14.42.13:069][  0]LogTemp: Display: Loaded TP AndroidTargetPlatform
[2018.10.11-14.42.13:069][  0]LogTemp: Display: Loaded TP AndroidTargetPlatform
[2018.10.11-14.42.13:069][  0]LogTemp: Display: Loaded TP AndroidTargetPlatform
[2018.10.11-14.42.13:070][  0]LogTemp: Display: Loaded TP HTML5TargetPlatform
[2018.10.11-14.42.13:126][  0]LogTemp: Display: Loaded TP IOSTargetPlatform
[2018.10.11-14.42.13:126][  0]LogTemp: Display: Loaded TP IOSTargetPlatform
[2018.10.11-14.42.13:147][  0]LogTemp: Display: Loaded TP TVOSTargetPlatform
[2018.10.11-14.42.13:147][  0]LogTemp: Display: Loaded TP TVOSTargetPlatform
[2018.10.11-14.42.13:158][  0]LogTemp: Display: Loaded TP LinuxClientTargetPlatform
[2018.10.11-14.42.13:169][  0]LogTemp: Display: Loaded TP LinuxNoEditorTargetPlatform
[2018.10.11-14.42.13:180][  0]LogTemp: Display: Loaded TP LinuxServerTargetPlatform
[2018.10.11-14.42.13:191][  0]LogTemp: Display: Loaded TP LinuxTargetPlatform
[2018.10.11-14.42.13:198][  0]LogTemp: Display: Loaded TP LuminTargetPlatform
[2018.10.11-14.42.13:198][  0]LogTargetPlatformManager: Display: Building Assets For Windows
[2018.10.11-14.42.13:246][  0]LogXGEController: Cleaning working directory: C:/Users/mw2crt/AppData/Local/Temp/UnrealXGEWorkingDir/
[2018.10.11-14.42.13:246][  0]LogXGEController: Cannot use XGE Controller as Incredibuild is not installed on this machine.
[2018.10.11-14.42.13:246][  0]LogShaderCompilers: Cannot use XGE Shader Compiler as Incredibuild is not installed on this machine.
[2018.10.11-14.42.13:246][  0]LogShaderCompilers: Display: Using Local Shader Compiler.
[2018.10.11-14.42.13:888][  0]LogDerivedDataCache: Display: Max Cache Size: 512 MB
[2018.10.11-14.42.13:939][  0]LogDerivedDataCache: Loaded boot cache 0.05s 73MB C:/Users/mw2crt/AppData/Local/UnrealEngine/4.20/DerivedDataCache/Boot.ddc.
[2018.10.11-14.42.13:940][  0]LogDerivedDataCache: Display: Loaded Boot cache: C:/Users/mw2crt/AppData/Local/UnrealEngine/4.20/DerivedDataCache/Boot.ddc
[2018.10.11-14.42.13:940][  0]LogDerivedDataCache: FDerivedDataBackendGraph:  Pak pak cache file ../../../../../../Temp/MatthewWest/Wally/Fate-Find-Wally/FateFindWally/DerivedDataCache/DDC.ddp not found, will not use a pak cache.
[2018.10.11-14.42.13:940][  0]LogDerivedDataCache: Unable to find inner node Pak for hierarchical cache Hierarchy.
[2018.10.11-14.42.13:940][  0]LogDerivedDataCache: FDerivedDataBackendGraph:  CompressedPak pak cache file ../../../../../../Temp/MatthewWest/Wally/Fate-Find-Wally/FateFindWally/DerivedDataCache/Compressed.ddp not found, will not use a pak cache.
[2018.10.11-14.42.13:940][  0]LogDerivedDataCache: Unable to find inner node CompressedPak for hierarchical cache Hierarchy.
[2018.10.11-14.42.13:951][  0]LogDerivedDataCache: Display: Pak cache opened for reading ../../../Engine/DerivedDataCache/Compressed.ddp.
[2018.10.11-14.42.13:963][  0]LogDerivedDataCache: Using Local data cache path C:/Users/mw2crt/AppData/Local/UnrealEngine/Common/DerivedDataCache: Writable
[2018.10.11-14.42.13:963][  0]LogDerivedDataCache: Shared data cache path not found in *engine.ini, will not use an Shared cache.
[2018.10.11-14.42.13:963][  0]LogDerivedDataCache: Unable to find inner node Shared for hierarchical cache Hierarchy.
[2018.10.11-14.42.13:979][  0]LogMaterial: Verifying Global Shaders for PCD3D_SM5
[2018.10.11-14.42.13:981][  0]LogSlate: Using FreeType 2.6.0
[2018.10.11-14.42.13:981][  0]LogSlate: SlateFontServices - WITH_FREETYPE: 1, WITH_HARFBUZZ: 1
[2018.10.11-14.42.14:047][  0]LogAssetRegistry: FAssetRegistry took 0.0259 seconds to start up
[2018.10.11-14.42.14:342][  0]LogInit: Selected Device Profile: [Windows]
[2018.10.11-14.42.14:451][  0]LogSimplygon: Simplygon DLL not present - disabling.
[2018.10.11-14.42.14:454][  0]LogMeshReduction: Using SimplygonSwarm for distributed automatic mesh merging
[2018.10.11-14.42.14:454][  0]LogMeshReduction: Using ProxyLODMeshReduction for automatic mesh merging
[2018.10.11-14.42.14:454][  0]LogMeshReduction: Using QuadricMeshReduction for automatic static mesh reduction
[2018.10.11-14.42.14:454][  0]LogMeshReduction: No automatic skeletal mesh reduction module available
[2018.10.11-14.42.14:470][  0]LogNetVersion: FateFindWally 1.0.0, NetCL: 4212847, EngineNetVer: 5, GameNetVer: 0 (Checksum: 1069516462)
[2018.10.11-14.42.14:928][  0]LogPackageLocalizationCache: Processed 11 localized package path(s) for 2 prioritized culture(s) in 0.126488 seconds
[2018.10.11-14.42.14:933][  0]LogUObjectArray: 38425 objects as part of root set at end of initial load.
[2018.10.11-14.42.14:933][  0]LogUObjectAllocator: 6690872 out of 0 bytes used by permanent object pool.
[2018.10.11-14.42.14:933][  0]LogUObjectArray: CloseDisregardForGC: 0/0 objects in disregard for GC pool
[2018.10.11-14.42.15:641][  0]LogTcpMessaging: Initializing TcpMessaging bridge
[2018.10.11-14.42.15:654][  0]LogUdpMessaging: Initializing bridge on interface 0.0.0.0:0 to multicast group 230.0.0.1:6666.
[2018.10.11-14.42.15:970][  0]SourceControl: Source control is disabled
[2018.10.11-14.42.15:970][  0]SourceControl: Source control is disabled
[2018.10.11-14.42.15:971][  0]SourceControl: Source control is disabled
[2018.10.11-14.42.15:971][  0]SourceControl: Source control is disabled
[2018.10.11-14.42.16:142][  0]LogAndroidPermission: UAndroidPermissionCallbackProxy::GetInstance
[2018.10.11-14.42.16:183][  0]LogOcInput: OculusInput pre-init called
[2018.10.11-14.42.16:240][  0]LogEngine: Initializing Engine...
[2018.10.11-14.42.16:241][  0]LogHMD: Failed to initialize OpenVR with code 110
[2018.10.11-14.42.16:242][  0]LogStats: UGameplayTagsManager::ConstructGameplayTagTree: ImportINI prefixes -  0.000 s
[2018.10.11-14.42.16:242][  0]LogStats: UGameplayTagsManager::ConstructGameplayTagTree: Construct from data asset -  0.000 s
[2018.10.11-14.42.16:242][  0]LogStats: UGameplayTagsManager::ConstructGameplayTagTree: ImportINI -  0.000 s
[2018.10.11-14.42.16:242][  0]LogStats: UGameplayTagsManager::ConstructGameplayTagTree: GameplayTagTreeChangedEvent.Broadcast -  0.000 s
[2018.10.11-14.42.16:422][  0]LogInit: Initializing FReadOnlyCVARCache
[2018.10.11-14.42.16:432][  0]LogAIModule: Creating AISystem for world Untitled
[2018.10.11-14.42.16:444][  0]LogInit: XAudio2 using 'Speakers (High Definition Audio Device)' : 2 channels at 48 kHz using 16 bits per sample (channel mask 0x3)
[2018.10.11-14.42.16:461][  0]LogInit: FAudioDevice initialized.
[2018.10.11-14.42.16:461][  0]LogNetVersion: Set ProjectVersion to 1.0.0.0. Version Checksum will be recalculated on next use.
[2018.10.11-14.42.16:611][  0]LogDerivedDataCache: Saved boot cache 0.15s 73MB C:/Users/mw2crt/AppData/Local/UnrealEngine/4.20/DerivedDataCache/Boot.ddc.
[2018.10.11-14.42.16:619][  0]LogInit: Texture streaming: Enabled
[2018.10.11-14.42.16:632][  0]LogEngineSessionManager: EngineSessionManager initialized
[2018.10.11-14.42.16:641][  0]LogInit: Transaction tracking system initialized
[2018.10.11-14.42.16:660][  0]BlueprintLog: New page: Editor Load
[2018.10.11-14.42.16:754][  0]LocalizationService: Localization service is disabled
[2018.10.11-14.42.16:969][  0]LogCook: Display: Max memory allowance for cook 16384mb min free memory 0mb
[2018.10.11-14.42.16:969][  0]LogCook: Display: Mobile HDR setting 1
[2018.10.11-14.42.16:969][  0]LogGameplayTags: Display: UGameplayTagsManager::DoneAddingNativeTags. DelegateIsBound: 0
[2018.10.11-14.42.16:969][  0]LogStats: UGameplayTagsManager::ConstructGameplayTagTree: ImportINI prefixes -  0.000 s
[2018.10.11-14.42.16:969][  0]LogStats: UGameplayTagsManager::ConstructGameplayTagTree: Construct from data asset -  0.000 s
[2018.10.11-14.42.16:969][  0]LogStats: UGameplayTagsManager::ConstructGameplayTagTree: ImportINI -  0.000 s
[2018.10.11-14.42.16:969][  0]LogStats: UGameplayTagsManager::ConstructGameplayTagTree: GameplayTagTreeChangedEvent.Broadcast -  0.000 s
[2018.10.11-14.42.17:042][  0]LogFileCache: Scanning file cache for directory 'C:/Temp/MatthewWest/Wally/Fate-Find-Wally/FateFindWally/Content/' took 0.01s
[2018.10.11-14.42.17:073][  0]SourceControl: Source control is disabled
[2018.10.11-14.42.17:074][  0]Cmd: MAP LOAD FILE="../../../../../../Temp/MatthewWest/Wally/Fate-Find-Wally/FateFindWally/Content/FirstPersonCPP/Maps/FirstPersonExampleMap.umap" TEMPLATE=0 SHOWPROGRESS=1 FEATURELEVEL=3
[2018.10.11-14.42.17:074][  0]LightingResults: New page: Lighting Build
[2018.10.11-14.42.17:076][  0]MapCheck: New page: Map Check
[2018.10.11-14.42.17:076][  0]LightingResults: New page: Lighting Build
[2018.10.11-14.42.17:405][  0]LogAIModule: Creating AISystem for world FirstPersonExampleMap
[2018.10.11-14.42.17:426][  0]LogEditorServer: Finished looking for orphan Actors (0.000 secs)
[2018.10.11-14.42.17:449][  0]Cmd: MAP CHECKDEP NOCLEARLOG
[2018.10.11-14.42.17:511][  0]MapCheck: Map check complete: 0 Error(s), 0 Warning(s), took 61.901ms to complete.
[2018.10.11-14.42.17:511][  0]LogFileHelpers: Loading map 'FirstPersonExampleMap' took 0.437
[2018.10.11-14.42.17:601][  0]LogSlate: Updating window title bar state: overlay mode, drag disabled, window buttons hidden, title bar hidden
[2018.10.11-14.42.17:608][  0]LogSlate: Updating window title bar state: overlay mode, drag disabled, window buttons hidden, title bar hidden
[2018.10.11-14.42.17:615][  0]LogSlate: Updating window title bar state: overlay mode, drag disabled, window buttons hidden, title bar hidden
[2018.10.11-14.42.17:622][  0]LogSlate: Updating window title bar state: overlay mode, drag disabled, window buttons hidden, title bar hidden
[2018.10.11-14.42.17:628][  0]LogCollectionManager: Loaded 0 collections in 0.001319 seconds
[2018.10.11-14.42.17:670][  0]LogFileCache: Scanning file cache for directory 'C:/Temp/MatthewWest/Wally/Fate-Find-Wally/FateFindWally/Saved/Collections/' took 0.01s
[2018.10.11-14.42.17:670][  0]LogFileCache: Scanning file cache for directory 'C:/Temp/MatthewWest/Wally/Fate-Find-Wally/FateFindWally/Content/Developers/mw2crt/Collections/' took 0.01s
[2018.10.11-14.42.17:670][  0]LogFileCache: Scanning file cache for directory 'C:/Temp/MatthewWest/Wally/Fate-Find-Wally/FateFindWally/Content/Collections/' took 0.01s
[2018.10.11-14.42.17:670][  0]LogCollectionManager: Rebuilt the GUID cache for 0 collections in 0.000000 seconds
[2018.10.11-14.42.17:680][  0]LogContentBrowser: Native class hierarchy populated in 0.0094 seconds. Added 2577 classes and 605 folders.
[2018.10.11-14.42.17:686][  0]LogContentBrowser: Native class hierarchy updated for 'WidgetCarousel' in 0.0003 seconds. Added 0 classes and 0 folders.
[2018.10.11-14.42.17:727][  0]LogContentBrowser: Native class hierarchy updated for 'AddContentDialog' in 0.0003 seconds. Added 0 classes and 0 folders.
[2018.10.11-14.42.17:731][  0]LogContentBrowser: Native class hierarchy updated for 'SceneOutliner' in 0.0004 seconds. Added 1 classes and 2 folders.
[2018.10.11-14.42.17:747][  0]LogSlate: Took 0.000186 seconds to synchronously load lazily loaded font '../../../Engine/Content/Slate/Fonts/Roboto-Regular.ttf' (155K)
[2018.10.11-14.42.17:749][  0]LogSlate: Took 0.000147 seconds to synchronously load lazily loaded font '../../../Engine/Content/Slate/Fonts/Roboto-Bold.ttf' (160K)
[2018.10.11-14.42.17:754][  0]LogSlate: Took 0.000192 seconds to synchronously load lazily loaded font '../../../Engine/Content/Editor/Slate/Fonts/FontAwesome.ttf' (139K)
[2018.10.11-14.42.17:834][  0]LogRenderer: Reallocating scene render targets to support 1208x576 Format 10 NumSamples 1 (Frame:1).
[2018.10.11-14.42.17:899][  0]LogSlate: Took 0.000228 seconds to synchronously load lazily loaded font '../../../Engine/Content/Slate/Fonts/Roboto-Light.ttf' (167K)
[2018.10.11-14.42.18:004][  0]LogContentBrowser: Native class hierarchy updated for 'HierarchicalLODOutliner' in 0.0003 seconds. Added 0 classes and 0 folders.
[2018.10.11-14.42.18:005][  0]LogLoad: (Engine Initialization) Total time: 7.58 seconds
[2018.10.11-14.42.18:005][  0]LogLoad: (Engine Initialization) Total Blueprint compile time: 0.00 seconds
[2018.10.11-14.42.18:014][  0]LogWindowsTextInputMethodSystem: Display: IME system now deactivated.
[2018.10.11-14.42.18:034][  0]LogContentStreaming: Texture pool size now 1000 MB
[2018.10.11-14.42.18:058][  1]LogAssetRegistry: Asset discovery search completed in 4.0336 seconds
[2018.10.11-14.42.18:059][  1]LogCollectionManager: Rebuilt the object cache for 0 collections in 0.000000 seconds (found 0 objects)
[2018.10.11-14.42.18:059][  1]LogCollectionManager: Fixed up redirectors for 0 collections in 0.000032 seconds (updated 0 objects)
[2018.10.11-14.42.21:476][400]LogSlate: FSceneViewport::OnFocusLost() reason 0
[2018.10.11-14.42.21:647][420]LogSlate: Took 0.000164 seconds to synchronously load lazily loaded font '../../../Engine/Content/Slate/Fonts/Roboto-Light.ttf' (167K)
[2018.10.11-14.42.21:653][420]LogAssetEditorManager: Opening Asset editor for Class /Script/FateFindWally.Wally
[2018.10.11-14.58.44:827][598]LogEditorViewport: Clicking on Actor (LMB): StaticMeshActor (EditorCube17)
[2018.10.11-14.58.48:149][972]LogSlate: Took 0.000237 seconds to synchronously load lazily loaded font '../../../Engine/Content/Slate/Fonts/Roboto-Italic.ttf' (157K)
[2018.10.11-15.00.13:248][185]LogSlate: FSceneViewport::OnFocusLost() reason 0
[2018.10.11-15.00.31:080][901]LogSlate: Took 0.000246 seconds to synchronously load lazily loaded font '../../../Engine/Content/Slate/Fonts/Roboto-BoldCondensed.ttf' (158K)
[2018.10.11-15.01.05:057][964]LogAssetEditorManager: Opening Asset editor for Blueprint /Game/FirstPersonCPP/Blueprints/WallyBP.WallyBP
[2018.10.11-15.01.05:605][964]LogContentBrowser: Native class hierarchy updated for 'BlueprintGraph' in 0.0006 seconds. Added 116 classes and 0 folders.
[2018.10.11-15.01.06:569][964]LogSlate: Window 'Add Blueprint Class' being destroyed
[2018.10.11-15.01.46:995][126]LogSlate: Window 'WallyBP*' being destroyed
[2018.10.11-15.01.46:997][126]LogSlate: Window 'WallyBP*' being destroyed
[2018.10.11-15.01.53:892][612]LogSlate: Window 'Delete Assets' being destroyed
[2018.10.11-15.02.02:990][297]Candidate modules for hot reload:
[2018.10.11-15.02.02:990][297]  FateFindWally
[2018.10.11-15.02.02:990][297]Launching UnrealBuildTool... [C:/Program Files/Epic Games/UE_4.20/Engine/Binaries/DotNET/UnrealBuildTool.exe  -ModuleWithSuffix=FateFindWally,3250 Win64 Development -TargetType=Editor -Project="../../../../../../Temp/MatthewWest/Wally/Fate-Find-Wally/FateFindWally/FateFindWally.uproject" -canskiplink "C:/Temp/MatthewWest/Wally/Fate-Find-Wally/FateFindWally/FateFindWally.uproject" ]
[2018.10.11-15.02.02:998][297]Warning: Starting HotReload took  0.0s.
[2018.10.11-15.02.14:741][704]CompilerResultsLog: New page: Compilation - 11 Oct 2018 17:02:14
[2018.10.11-15.02.14:741][704]CompilerResultsLog: Using 'git status' to determine working set for adaptive non-unity build.
[2018.10.11-15.02.14:741][704]CompilerResultsLog: Compiling game modules for hot reload
[2018.10.11-15.02.14:741][704]CompilerResultsLog: Parsing headers for FateFindWallyEditor
[2018.10.11-15.02.14:741][704]CompilerResultsLog:   Running UnrealHeaderTool "C:\Temp\MatthewWest\Wally\Fate-Find-Wally\FateFindWally\FateFindWally.uproject" "C:\Temp\MatthewWest\Wally\Fate-Find-Wally\FateFindWally\Intermediate\Build\Win64\FateFindWallyEditor\Development\FateFindWallyEditor.uhtmanifest" -LogCmds="loginit warning, logexit warning, logdatabase error" -Unattended -WarningsAsErrors -installed
[2018.10.11-15.02.14:741][704]CompilerResultsLog: Error: C:/Temp/MatthewWest/Wally/Fate-Find-Wally/FateFindWally/Source/FateFindWally/Wally.h(20)  : Error: Missing '*' in Expected a pointer type
[2018.10.11-15.02.14:741][704]CompilerResultsLog: UnrealHeaderTool failed for target 'FateFindWallyEditor' (platform: Win64, module info: C:\Temp\MatthewWest\Wally\Fate-Find-Wally\FateFindWally\Intermediate\Build\Win64\FateFindWallyEditor\Development\FateFindWallyEditor.uhtmanifest).
[2018.10.11-15.02.14:741][704]LogMainFrame: MainFrame: Module compiling took 11.756 seconds
[2018.10.11-15.02.14:741][704]Warning: HotReload failed, recompile failed
[2018.10.11-15.02.22:570][627]LogVSAccessor: Warning: Couldn't goto line number '20' in 'C:/Temp/MatthewWest/Wally/Fate-Find-Wally/FateFindWally/Source/FateFindWally/Wally.h'
[2018.10.11-15.02.57:357][453]Candidate modules for hot reload:
[2018.10.11-15.02.57:357][453]  FateFindWally
[2018.10.11-15.02.57:357][453]Launching UnrealBuildTool... [C:/Program Files/Epic Games/UE_4.20/Engine/Binaries/DotNET/UnrealBuildTool.exe  -ModuleWithSuffix=FateFindWally,688 Win64 Development -TargetType=Editor -Project="../../../../../../Temp/MatthewWest/Wally/Fate-Find-Wally/FateFindWally/FateFindWally.uproject" -canskiplink "C:/Temp/MatthewWest/Wally/Fate-Find-Wally/FateFindWally/FateFindWally.uproject" ]
[2018.10.11-15.02.57:380][453]Warning: Starting HotReload took  0.0s.
[2018.10.11-15.03.11:387][116]CompilerResultsLog: New page: Compilation - 11 Oct 2018 17:03:11
[2018.10.11-15.03.11:387][116]CompilerResultsLog: Using 'git status' to determine working set for adaptive non-unity build.
[2018.10.11-15.03.11:388][116]CompilerResultsLog: Compiling game modules for hot reload
[2018.10.11-15.03.11:388][116]CompilerResultsLog: Parsing headers for FateFindWallyEditor
[2018.10.11-15.03.11:388][116]CompilerResultsLog:   Running UnrealHeaderTool "C:\Temp\MatthewWest\Wally\Fate-Find-Wally\FateFindWally\FateFindWally.uproject" "C:\Temp\MatthewWest\Wally\Fate-Find-Wally\FateFindWally\Intermediate\Build\Win64\FateFindWallyEditor\Development\FateFindWallyEditor.uhtmanifest" -LogCmds="loginit warning, logexit warning, logdatabase error" -Unattended -WarningsAsErrors -installed
[2018.10.11-15.03.11:388][116]CompilerResultsLog: Reflection code generated for FateFindWallyEditor in 10.1713797 seconds
[2018.10.11-15.03.11:388][116]CompilerResultsLog: Building 5 actions with 8 processes...
[2018.10.11-15.03.11:388][116]CompilerResultsLog:   [1/5] FateFindWally.init.gen.cpp
[2018.10.11-15.03.11:388][116]CompilerResultsLog:   [2/5] Wally.cpp
[2018.10.11-15.03.11:388][116]CompilerResultsLog:   [3/5] Wally.gen.cpp
[2018.10.11-15.03.11:388][116]CompilerResultsLog:   [4/5] UE4Editor-FateFindWally-688.lib
[2018.10.11-15.03.11:388][116]CompilerResultsLog:      Creating library C:\Temp\MatthewWest\Wally\Fate-Find-Wally\FateFindWally\Intermediate\Build\Win64\UE4Editor\Development\FateFindWally\UE4Editor-FateFindWally-688.lib and object C:\Temp\MatthewWest\Wally\Fate-Find-Wally\FateFindWally\Intermediate\Build\Win64\UE4Editor\Development\FateFindWally\UE4Editor-FateFindWally-688.exp
[2018.10.11-15.03.11:388][116]CompilerResultsLog:   [5/5] UE4Editor-FateFindWally-688.dll
[2018.10.11-15.03.11:388][116]CompilerResultsLog:      Creating library C:\Temp\MatthewWest\Wally\Fate-Find-Wally\FateFindWally\Intermediate\Build\Win64\UE4Editor\Development\FateFindWally\UE4Editor-FateFindWally-688.suppressed.lib and object C:\Temp\MatthewWest\Wally\Fate-Find-Wally\FateFindWally\Intermediate\Build\Win64\UE4Editor\Development\FateFindWally\UE4Editor-FateFindWally-688.suppressed.exp
[2018.10.11-15.03.11:388][116]CompilerResultsLog: Total build time: 13.74 seconds (Parallel executor: 1.79 seconds)
[2018.10.11-15.03.11:388][116]LogMainFrame: MainFrame: Module compiling took 14.035 seconds
[2018.10.11-15.03.11:441][116]LogClass: Could not find existing class Wally in package /Script/FateFindWally for HotReload, assuming new class
[2018.10.11-15.03.11:451][116]LogHotReload: Re-instancing Wally after hot-reload.
[2018.10.11-15.03.11:670][116]LogContentBrowser: Native class hierarchy updated for 'FateFindWally' in 0.0004 seconds. Added 5 classes and 2 folders.
[2018.10.11-15.03.11:673][116]Display: HotReload successful (1 functions remapped  0 scriptstructs remapped)
[2018.10.11-15.03.12:077][116]LogContentBrowser: Native class hierarchy populated in 0.0093 seconds. Added 2578 classes and 607 folders.
[2018.10.11-15.03.12:079][116]Display: HotReload took 14.7s.
[2018.10.11-15.03.14:780][438]LogSlate: Window 'Message Log' being destroyed
[2018.10.11-15.03.14:783][438]LogSlate: Window 'Message Log' being destroyed
[2018.10.11-15.03.30:490][315]LogAssetEditorManager: Opening Asset editor for Blueprint /Game/FirstPersonCPP/Blueprints/WallyBP.WallyBP
[2018.10.11-15.03.30:822][315]LogSlate: Window 'Add Blueprint Class' being destroyed
[2018.10.11-15.04.40:004][309]LogSlate: FSceneViewport::OnFocusLost() reason 0
[2018.10.11-15.05.03:224][ 15]LogSlate: Window 'WallyBP*' being destroyed
[2018.10.11-15.05.03:227][ 15]LogSlate: Window 'WallyBP*' being destroyed
[2018.10.11-15.05.09:827][523]LogSlate: Window 'Delete Assets' being destroyed
[2018.10.11-15.05.15:797][212]LogEditor: Attempting to add actor of class 'Wally' to level at -2280.00,345.00,165.00
[2018.10.11-15.05.17:441][406]LogEditor: Attempting to add actor of class 'Wally' to level at -1935.00,450.00,170.00
[2018.10.11-15.05.24:200][211]LogSlate: FSceneViewport::OnFocusLost() reason 0
[2018.10.11-15.05.37:709][824]LogEditorActor: Deleted Actor: Wally
[2018.10.11-15.05.37:731][824]LogEditorActor: Deleted 1 Actors (0.056 secs)
[2018.10.11-15.06.00:339][787]Candidate modules for hot reload:
[2018.10.11-15.06.00:339][787]  FateFindWally
[2018.10.11-15.06.00:339][787]Launching UnrealBuildTool... [C:/Program Files/Epic Games/UE_4.20/Engine/Binaries/DotNET/UnrealBuildTool.exe  -ModuleWithSuffix=FateFindWally,4327 Win64 Development -TargetType=Editor -Project="../../../../../../Temp/MatthewWest/Wally/Fate-Find-Wally/FateFindWally/FateFindWally.uproject" -canskiplink "C:/Temp/MatthewWest/Wally/Fate-Find-Wally/FateFindWally/FateFindWally.uproject" ]
[2018.10.11-15.06.00:361][787]Warning: Starting HotReload took  0.0s.
[2018.10.11-15.06.02:206][  9]CompilerResultsLog: New page: Compilation - 11 Oct 2018 17:06:02
[2018.10.11-15.06.02:206][  9]CompilerResultsLog: Using 'git status' to determine working set for adaptive non-unity build.
[2018.10.11-15.06.02:206][  9]CompilerResultsLog: Compiling game modules for hot reload
[2018.10.11-15.06.02:206][  9]CompilerResultsLog: Target is up to date
[2018.10.11-15.06.02:206][  9]CompilerResultsLog: Total build time: 1.60 seconds (NoActionsToExecute executor: 0.00 seconds)
[2018.10.11-15.06.02:206][  9]LogMainFrame: MainFrame: Module compiling took 1.872 seconds
[2018.10.11-15.06.02:471][  9]LogContentBrowser: Native class hierarchy populated in 0.0096 seconds. Added 2578 classes and 607 folders.
[2018.10.11-15.06.02:471][  9]Display: HotReload took  2.1s.
[2018.10.11-15.06.04:861][295]LogEditor: Attempting to add actor of class 'Wally' to level at -2220.00,470.00,170.00
[2018.10.11-15.06.06:702][515]LogEditor: Attempting to add actor of class 'Wally' to level at -1910.00,540.00,170.00
[2018.10.11-15.06.11:400][ 76]LogSlate: FSceneViewport::OnFocusLost() reason 0
[2018.10.11-15.06.13:320][305]LogEditorActor: Deleted Actor: Wally
[2018.10.11-15.06.13:384][305]LogEditorActor: Deleted 1 Actors (0.076 secs)
[2018.10.11-15.06.22:657][413]LogAssetEditorManager: Opening Asset editor for Blueprint /Game/FirstPersonCPP/Blueprints/WallyBP.WallyBP
[2018.10.11-15.06.22:977][413]LogSlate: Window 'Add Blueprint Class' being destroyed
[2018.10.11-15.06.37:080][ 78]LogSlate: Window 'WallyBP*' being destroyed
[2018.10.11-15.06.37:083][ 78]LogSlate: Window 'WallyBP*' being destroyed
[2018.10.11-15.07.01:670][  3]LogAssetEditorManager: Opening Asset editor for Blueprint /Game/FirstPersonCPP/Blueprints/WallyBP.WallyBP
[2018.10.11-15.07.08:997][848]LogSlate: Window 'WallyBP*' being destroyed
[2018.10.11-15.07.08:999][848]LogSlate: Window 'WallyBP*' being destroyed
[2018.10.11-15.07.10:225][985]LogAssetEditorManager: Opening Asset editor for Blueprint /Game/FirstPersonCPP/Blueprints/WallyBP.WallyBP
[2018.10.11-15.07.12:446][218]LogSlate: Window 'WallyBP*' being destroyed
[2018.10.11-15.07.12:508][218]LogAssetEditorManager: Opening Asset editor for Blueprint /Game/FirstPersonCPP/Blueprints/WallyBP.WallyBP
[2018.10.11-15.07.21:497][249]LogSlate: Window 'WallyBP*' being destroyed
[2018.10.11-15.07.21:500][249]LogSlate: Window 'WallyBP*' being destroyed
[2018.10.11-15.07.22:660][381]LogAssetEditorManager: Opening Asset editor for Blueprint /Game/FirstPersonCPP/Blueprints/WallyBP.WallyBP
[2018.10.11-15.07.28:094][995]LogSlate: Window 'WallyBP*' being destroyed
[2018.10.11-15.07.28:097][995]LogSlate: Window 'WallyBP*' being destroyed
[2018.10.11-15.07.29:510][157]LogAssetEditorManager: Opening Asset editor for Blueprint /Game/FirstPersonCPP/Blueprints/WallyBP.WallyBP
[2018.10.11-15.07.55:120][160]LogSlate: Window 'WallyBP*' being destroyed
[2018.10.11-15.07.55:123][160]LogSlate: Window 'WallyBP*' being destroyed
[2018.10.11-15.08.01:835][444]Candidate modules for hot reload:
[2018.10.11-15.08.01:835][444]  FateFindWally
[2018.10.11-15.08.01:835][444]Launching UnrealBuildTool... [C:/Program Files/Epic Games/UE_4.20/Engine/Binaries/DotNET/UnrealBuildTool.exe  -ModuleWithSuffix=FateFindWally,9946 Win64 Development -TargetType=Editor -Project="../../../../../../Temp/MatthewWest/Wally/Fate-Find-Wally/FateFindWally/FateFindWally.uproject" -canskiplink "C:/Temp/MatthewWest/Wally/Fate-Find-Wally/FateFindWally/FateFindWally.uproject" ]
[2018.10.11-15.08.01:843][444]Warning: Starting HotReload took  0.0s.
[2018.10.11-15.08.03:603][656]CompilerResultsLog: New page: Compilation - 11 Oct 2018 17:08:03
[2018.10.11-15.08.03:603][656]CompilerResultsLog: Using 'git status' to determine working set for adaptive non-unity build.
[2018.10.11-15.08.03:604][656]CompilerResultsLog: Compiling game modules for hot reload
[2018.10.11-15.08.03:604][656]CompilerResultsLog: Target is up to date
[2018.10.11-15.08.03:604][656]CompilerResultsLog: Total build time: 1.51 seconds (NoActionsToExecute executor: 0.00 seconds)
[2018.10.11-15.08.03:604][656]LogMainFrame: MainFrame: Module compiling took 1.773 seconds
[2018.10.11-15.08.03:892][656]LogContentBrowser: Native class hierarchy populated in 0.0097 seconds. Added 2578 classes and 607 folders.
[2018.10.11-15.08.03:892][656]Display: HotReload took  2.1s.
[2018.10.11-15.08.05:332][828]LogAssetEditorManager: Opening Asset editor for Blueprint /Game/FirstPersonCPP/Blueprints/WallyBP.WallyBP
[2018.10.11-15.08.21:708][717]LogSlate: Window 'WallyBP*' being destroyed
[2018.10.11-15.08.21:711][717]LogSlate: Window 'WallyBP*' being destroyed
[2018.10.11-15.08.36:149][438]LogAssetEditorManager: Opening Asset editor for Blueprint /Game/MyWallyBP.MyWallyBP
[2018.10.11-15.08.36:416][438]LogSlate: Window 'Add Blueprint Class' being destroyed
[2018.10.11-15.08.52:946][400]LogSlate: Window 'MyWallyBP*' being destroyed
[2018.10.11-15.08.52:949][400]LogSlate: Window 'MyWallyBP*' being destroyed
[2018.10.11-15.08.54:335][557]LogAssetEditorManager: Opening Asset editor for Blueprint /Game/MyWallyBP.MyWallyBP
[2018.10.11-15.09.05:086][738]LogSlate: Window 'MyWallyBP*' being destroyed
[2018.10.11-15.09.05:089][738]LogSlate: Window 'MyWallyBP*' being destroyed
[2018.10.11-15.09.09:778][280]LogSlate: FSceneViewport::OnFocusLost() reason 0
[2018.10.11-15.09.48:244][400]Candidate modules for hot reload:
[2018.10.11-15.09.48:244][400]  FateFindWally
[2018.10.11-15.09.48:244][400]Launching UnrealBuildTool... [C:/Program Files/Epic Games/UE_4.20/Engine/Binaries/DotNET/UnrealBuildTool.exe  -ModuleWithSuffix=FateFindWally,2201 Win64 Development -TargetType=Editor -Project="../../../../../../Temp/MatthewWest/Wally/Fate-Find-Wally/FateFindWally/FateFindWally.uproject" -canskiplink "C:/Temp/MatthewWest/Wally/Fate-Find-Wally/FateFindWally/FateFindWally.uproject" ]
[2018.10.11-15.09.48:255][400]Warning: Starting HotReload took  0.0s.
[2018.10.11-15.10.00:329][847]CompilerResultsLog: New page: Compilation - 11 Oct 2018 17:10:00
[2018.10.11-15.10.00:329][847]CompilerResultsLog: Using 'git status' to determine working set for adaptive non-unity build.
[2018.10.11-15.10.00:329][847]CompilerResultsLog: Compiling game modules for hot reload
[2018.10.11-15.10.00:329][847]CompilerResultsLog: Parsing headers for FateFindWallyEditor
[2018.10.11-15.10.00:329][847]CompilerResultsLog:   Running UnrealHeaderTool "C:\Temp\MatthewWest\Wally\Fate-Find-Wally\FateFindWally\FateFindWally.uproject" "C:\Temp\MatthewWest\Wally\Fate-Find-Wally\FateFindWally\Intermediate\Build\Win64\FateFindWallyEditor\Development\FateFindWallyEditor.uhtmanifest" -LogCmds="loginit warning, logexit warning, logdatabase error" -Unattended -WarningsAsErrors -installed
[2018.10.11-15.10.00:329][847]CompilerResultsLog: Error: C:/Temp/MatthewWest/Wally/Fate-Find-Wally/FateFindWally/Source/FateFindWally/Wally.h(15)  : LogCompile: Error: BlueprintReadWrite should not be used on private members
[2018.10.11-15.10.00:329][847]CompilerResultsLog: UnrealHeaderTool failed for target 'FateFindWallyEditor' (platform: Win64, module info: C:\Temp\MatthewWest\Wally\Fate-Find-Wally\FateFindWally\Intermediate\Build\Win64\FateFindWallyEditor\Development\FateFindWallyEditor.uhtmanifest).
[2018.10.11-15.10.00:329][847]LogMainFrame: MainFrame: Module compiling took 12.090 seconds
[2018.10.11-15.10.00:329][847]Warning: HotReload failed, recompile failed
[2018.10.11-15.10.17:272][877]LogSlate: Window 'Message Log' being destroyed
[2018.10.11-15.10.17:276][877]LogSlate: Window 'Message Log' being destroyed
[2018.10.11-15.10.39:781][295]Candidate modules for hot reload:
[2018.10.11-15.10.39:781][295]  FateFindWally
[2018.10.11-15.10.39:781][295]Launching UnrealBuildTool... [C:/Program Files/Epic Games/UE_4.20/Engine/Binaries/DotNET/UnrealBuildTool.exe  -ModuleWithSuffix=FateFindWally,7704 Win64 Development -TargetType=Editor -Project="../../../../../../Temp/MatthewWest/Wally/Fate-Find-Wally/FateFindWally/FateFindWally.uproject" -canskiplink "C:/Temp/MatthewWest/Wally/Fate-Find-Wally/FateFindWally/FateFindWally.uproject" ]
[2018.10.11-15.10.39:788][295]Warning: Starting HotReload took  0.0s.
[2018.10.11-15.10.52:657][837]CompilerResultsLog: New page: Compilation - 11 Oct 2018 17:10:52
[2018.10.11-15.10.52:657][837]CompilerResultsLog: Using 'git status' to determine working set for adaptive non-unity build.
[2018.10.11-15.10.52:657][837]CompilerResultsLog: Compiling game modules for hot reload
[2018.10.11-15.10.52:657][837]CompilerResultsLog: Parsing headers for FateFindWallyEditor
[2018.10.11-15.10.52:657][837]CompilerResultsLog:   Running UnrealHeaderTool "C:\Temp\MatthewWest\Wally\Fate-Find-Wally\FateFindWally\FateFindWally.uproject" "C:\Temp\MatthewWest\Wally\Fate-Find-Wally\FateFindWally\Intermediate\Build\Win64\FateFindWallyEditor\Development\FateFindWallyEditor.uhtmanifest" -LogCmds="loginit warning, logexit warning, logdatabase error" -Unattended -WarningsAsErrors -installed
[2018.10.11-15.10.52:657][837]CompilerResultsLog: Error: C:/Temp/MatthewWest/Wally/Fate-Find-Wally/FateFindWally/Source/FateFindWally/Wally.h(15)  : LogCompile: Error: Unknown variable specifier 'BlueprintEditable'
[2018.10.11-15.10.52:657][837]CompilerResultsLog: Error: C:/Temp/MatthewWest/Wally/Fate-Find-Wally/FateFindWally/Source/FateFindWally/Wally.h(16)  : LogCompile: Error: Property has a Category set but is not exposed to the editor or Blueprints with EditAnywhere, BlueprintReadWrite, VisibleAnywhere, BlueprintReadOnly, BlueprintAssignable, BlueprintCallable keywords.
[2018.10.11-15.10.52:657][837]CompilerResultsLog: UnrealHeaderTool failed for target 'FateFindWallyEditor' (platform: Win64, module info: C:\Temp\MatthewWest\Wally\Fate-Find-Wally\FateFindWally\Intermediate\Build\Win64\FateFindWallyEditor\Development\FateFindWallyEditor.uhtmanifest).
[2018.10.11-15.10.52:657][837]LogMainFrame: MainFrame: Module compiling took 12.882 seconds
[2018.10.11-15.10.52:657][837]Warning: HotReload failed, recompile failed
[2018.10.11-15.12.49:815][588]LogSavePackage: Moving '../../../../../../Temp/MatthewWest/Wally/Fate-Find-Wally/FateFindWally/Saved/FirstPersonExampleMap_Auto198D2F5A64D7240F57C07EDB4391DA331.tmp' to '../../../../../../Temp/MatthewWest/Wally/Fate-Find-Wally/FateFindWally/Saved/Autosaves/Game/FirstPersonCPP/Maps/FirstPersonExampleMap_Auto1.umap'
[2018.10.11-15.12.49:829][588]LogFileHelpers: Editor autosave (incl. sublevels) for '/Game/FirstPersonCPP/Maps/FirstPersonExampleMap' took 0.739
[2018.10.11-15.12.49:829][588]LogFileHelpers: Editor autosave (incl. sublevels) for all levels took 0.739
[2018.10.11-15.12.49:838][588]OBJ SavePackage: Generating thumbnails for [0] asset(s) in package [/Game/FirstPersonCPP/Blueprints/WallyBP] ([1] browsable assets)...
[2018.10.11-15.12.49:838][588]OBJ SavePackage: Finished generating thumbnails for package [/Game/FirstPersonCPP/Blueprints/WallyBP]
[2018.10.11-15.12.49:852][588]LogSavePackage: Moving '../../../../../../Temp/MatthewWest/Wally/Fate-Find-Wally/FateFindWally/Saved/WallyBP_Auto1201B8FBE463BFC106AD4A5AB8207BC9A.tmp' to '../../../../../../Temp/MatthewWest/Wally/Fate-Find-Wally/FateFindWally/Saved/Autosaves/Game/FirstPersonCPP/Blueprints/WallyBP_Auto1.uasset'
[2018.10.11-15.12.49:856][588]OBJ SavePackage: Generating thumbnails for [0] asset(s) in package [/Game/MyWallyBP] ([1] browsable assets)...
[2018.10.11-15.12.49:856][588]OBJ SavePackage: Finished generating thumbnails for package [/Game/MyWallyBP]
[2018.10.11-15.12.49:856][588]Cmd: OBJ SAVEPACKAGE PACKAGE="/Game/MyWallyBP" FILE="../../../../../../Temp/MatthewWest/Wally/Fate-Find-Wally/FateFindWally/Saved/Autosaves/Game/MyWallyBP_Auto1.uasset" SILENT=false AUTOSAVING=true
[2018.10.11-15.12.49:871][588]LogSavePackage: Moving '../../../../../../Temp/MatthewWest/Wally/Fate-Find-Wally/FateFindWally/Saved/MyWallyBP_Auto168A92C7D45CB54D50EC22ABD06F7719B.tmp' to '../../../../../../Temp/MatthewWest/Wally/Fate-Find-Wally/FateFindWally/Saved/Autosaves/Game/MyWallyBP_Auto1.uasset'
[2018.10.11-15.12.49:874][588]LogFileHelpers: Auto-saving content packages took 0.045
[2018.10.11-15.13.16:363][901]LogSlate: Window 'Message Log' being destroyed
[2018.10.11-15.13.16:366][901]LogSlate: Window 'Message Log' being destroyed
[2018.10.11-15.13.49:289][701]Running C:/Program Files/Epic Games/UE_4.20/Engine/Binaries/DotNET/UnrealBuildTool.exe Win64 Development -TargetType=Editor -Project="C:/Temp/MatthewWest/Wally/Fate-Find-Wally/FateFindWally/FateFindWally.uproject" -invalidatemakefilesonly
[2018.10.11-15.13.50:003][701]Invalidating makefiles only in this run.
[2018.10.11-15.13.50:119][701]Candidate modules for hot reload:
[2018.10.11-15.13.50:119][701]  FateFindWally
[2018.10.11-15.13.50:119][701]Launching UnrealBuildTool... [C:/Program Files/Epic Games/UE_4.20/Engine/Binaries/DotNET/UnrealBuildTool.exe  -ModuleWithSuffix=FateFindWally,1976 Win64 Development -TargetType=Editor -Project="../../../../../../Temp/MatthewWest/Wally/Fate-Find-Wally/FateFindWally/FateFindWally.uproject" -canskiplink "C:/Temp/MatthewWest/Wally/Fate-Find-Wally/FateFindWally/FateFindWally.uproject" ]
[2018.10.11-15.14.04:376][701]CompilerResultsLog: New page: Compilation - 11 Oct 2018 17:14:04
[2018.10.11-15.14.04:376][701]CompilerResultsLog: Using 'git status' to determine working set for adaptive non-unity build.
[2018.10.11-15.14.04:376][701]CompilerResultsLog: Creating makefile for hot reloading FateFindWallyEditor (no existing makefile)
[2018.10.11-15.14.04:376][701]CompilerResultsLog: Compiling game modules for hot reload
[2018.10.11-15.14.04:376][701]CompilerResultsLog: Using Visual Studio 2017 14.15.26726 toolchain (C:\Program Files (x86)\Microsoft Visual Studio\2017\Enterprise\VC\Tools\MSVC\14.15.26726) and Windows 10.0.15063.0 SDK (C:\Program Files (x86)\Windows Kits\10).
[2018.10.11-15.14.04:376][701]CompilerResultsLog: Parsing headers for FateFindWallyEditor
[2018.10.11-15.14.04:376][701]CompilerResultsLog:   Running UnrealHeaderTool "C:\Temp\MatthewWest\Wally\Fate-Find-Wally\FateFindWally\FateFindWally.uproject" "C:\Temp\MatthewWest\Wally\Fate-Find-Wally\FateFindWally\Intermediate\Build\Win64\FateFindWallyEditor\Development\FateFindWallyEditor.uhtmanifest" -LogCmds="loginit warning, logexit warning, logdatabase error" -Unattended -WarningsAsErrors -installed
[2018.10.11-15.14.04:376][701]CompilerResultsLog: Error: C:/Temp/MatthewWest/Wally/Fate-Find-Wally/FateFindWally/Source/FateFindWally/Wally.h(15)  : LogCompile: Error: BlueprintReadWrite should not be used on private members
[2018.10.11-15.14.04:376][701]CompilerResultsLog: Error: UnrealHeaderTool failed for target 'FateFindWallyEditor' (platform: Win64, module info: C:\Temp\MatthewWest\Wally\Fate-Find-Wally\FateFindWally\Intermediate\Build\Win64\FateFindWallyEditor\Development\FateFindWallyEditor.uhtmanifest, exit code: OtherCompilationError (5)).
[2018.10.11-15.14.04:376][701]LogMainFrame: MainFrame: Module compiling took 14.261 seconds
[2018.10.11-15.14.04:376][701]Warning: HotReload failed, recompile failed
[2018.10.11-15.14.04:379][701]Warning: RebindPackages failed because compilation failed.
[2018.10.11-15.14.16:726][701]LogSlate: Window 'Message' being destroyed
[2018.10.11-15.14.16:731][701]LogSlate: Window 'Add C++ Class' being destroyed
[2018.10.11-15.14.18:634][918]LogEditorViewport: Clicking on Actor (LMB): StaticMeshActor (Floor)
[2018.10.11-15.14.19:789][ 50]LogEditorViewport: Clicking on Actor (LMB): MyWallyBP_C (MyWallyBP)
[2018.10.11-15.14.20:669][151]Cmd: DELETE
[2018.10.11-15.14.20:669][151]Cmd: ACTOR DELETE
[2018.10.11-15.14.20:852][151]LogEditorActor: Deleted Actor: MyWallyBP_C
[2018.10.11-15.14.20:899][151]LogEditorActor: Deleted 1 Actors (0.074 secs)
[2018.10.11-15.14.53:175][593]LogSlate: FSceneViewport::OnFocusLost() reason 2
[2018.10.11-15.14.57:437][870]LogSlate: Window 'Delete Assets' being destroyed
[2018.10.11-15.15.19:138][928]LogSlate: Window 'Save Content' being destroyed
[2018.10.11-15.15.19:166][928]LogSavePackage: Moving '../../../../../../Temp/MatthewWest/Wally/Fate-Find-Wally/FateFindWally/Saved/WallyBP772D6BF44198B8BA46AD3DAF40E02B60.tmp' to '../../../../../../Temp/MatthewWest/Wally/Fate-Find-Wally/FateFindWally/Content/FirstPersonCPP/Blueprints/WallyBP.uasset'
[2018.10.11-15.15.19:771][928]LogSavePackage: Moving '../../../../../../Temp/MatthewWest/Wally/Fate-Find-Wally/FateFindWally/Saved/FirstPersonExampleMap18DA0FDB49D4FB01B6A12F883D8B4600.tmp' to '../../../../../../Temp/MatthewWest/Wally/Fate-Find-Wally/FateFindWally/Content/FirstPersonCPP/Maps/FirstPersonExampleMap.umap'
[2018.10.11-15.15.19:804][928]LogFileHelpers: Saving map 'FirstPersonExampleMap' took 0.628
[2018.10.11-15.15.19:871][928]LogSlate: Window 'FateFindWally - Unreal Editor' being destroyed
[2018.10.11-15.15.19:871][928]LogWindowsTextInputMethodSystem: Display: IME system now deactivated.
[2018.10.11-15.15.20:042][929]Cmd: QUIT_EDITOR
[2018.10.11-15.15.20:071][929]LogExit: Preparing to exit.
[2018.10.11-15.15.20:758][929]LogExit: Editor shut down
[2018.10.11-15.15.20:759][929]LogExit: Transaction tracking system shut down
[2018.10.11-15.15.20:940][929]LogExit: Object subsystem successfully closed.
[2018.10.11-15.15.20:962][929]LogShaderCompilers: Display: Shaders left to compile 0
[2018.10.11-15.15.20:965][929]LogD3D11RHI: Shutdown
[2018.10.11-15.15.20:965][929]LogD3D11RHI: CleanupD3DDevice
[2018.10.11-15.15.20:969][929]LogD3D11RHI: ~FD3D11DynamicRHI
[2018.10.11-15.15.20:997][929]LogModuleManager: Shutting down and abandoning module FateFindWally (615)
[2018.10.11-15.15.20:997][929]LogModuleManager: Shutting down and abandoning module BlueprintGraph (614)
[2018.10.11-15.15.20:997][929]LogModuleManager: Shutting down and abandoning module HierarchicalLODOutliner (612)
[2018.10.11-15.15.20:997][929]LogModuleManager: Shutting down and abandoning module SceneOutliner (610)
[2018.10.11-15.15.20:997][929]LogModuleManager: Shutting down and abandoning module AddContentDialog (608)
[2018.10.11-15.15.20:999][929]LogModuleManager: Shutting down and abandoning module WidgetCarousel (607)
[2018.10.11-15.15.20:999][929]LogModuleManager: Shutting down and abandoning module EditorWidgets (604)
[2018.10.11-15.15.20:999][929]LogModuleManager: Shutting down and abandoning module CollectionManager (602)
[2018.10.11-15.15.21:000][929]LogModuleManager: Shutting down and abandoning module StatsViewer (600)
[2018.10.11-15.15.21:000][929]LogModuleManager: Shutting down and abandoning module FoliageEdit (598)
[2018.10.11-15.15.21:000][929]LogModuleManager: Shutting down and abandoning module LandscapeEditor (596)
[2018.10.11-15.15.21:000][929]LogModuleManager: Shutting down and abandoning module MeshPaintMode (594)
[2018.10.11-15.15.21:000][929]LogModuleManager: Shutting down and abandoning module SceneDepthPickerMode (592)
[2018.10.11-15.15.21:000][929]LogModuleManager: Shutting down and abandoning module ActorPickerMode (590)
[2018.10.11-15.15.21:000][929]LogModuleManager: Shutting down and abandoning module GeometryMode (588)
[2018.10.11-15.15.21:000][929]LogModuleManager: Shutting down and abandoning module TextureAlignMode (586)
[2018.10.11-15.15.21:000][929]LogModuleManager: Shutting down and abandoning module BspMode (584)
[2018.10.11-15.15.21:000][929]LogModuleManager: Shutting down and abandoning module PIEPreviewDeviceProfileSelector (582)
[2018.10.11-15.15.21:001][929]LogModuleManager: Shutting down and abandoning module SequenceRecorderSections (580)
[2018.10.11-15.15.21:001][929]LogModuleManager: Shutting down and abandoning module AutomationWorker (578)
[2018.10.11-15.15.21:001][929]LogModuleManager: Shutting down and abandoning module AudioCaptureEditor (576)
[2018.10.11-15.15.21:001][929]LogModuleManager: Shutting down and abandoning module SequenceRecorder (575)
[2018.10.11-15.15.21:001][929]LogModuleManager: Shutting down and abandoning module MatineeToLevelSequence (572)
[2018.10.11-15.15.21:001][929]LogModuleManager: Shutting down and abandoning module LevelSequenceEditor (570)
[2018.10.11-15.15.21:001][929]LogModuleManager: Shutting down and abandoning module PlacementMode (569)
[2018.10.11-15.15.21:001][929]LogModuleManager: Shutting down and abandoning module MaterialEditor (568)
[2018.10.11-15.15.21:001][929]LogModuleManager: Shutting down and abandoning module WmfMediaFactory (564)
[2018.10.11-15.15.21:001][929]LogModuleManager: Shutting down and abandoning module WmfMediaEditor (562)
[2018.10.11-15.15.21:001][929]LogModuleManager: Shutting down and abandoning module MediaPlayerEditor (560)
[2018.10.11-15.15.21:001][929]LogModuleManager: Shutting down and abandoning module OpenExrWrapper (558)
[2018.10.11-15.15.21:002][929]LogModuleManager: Shutting down and abandoning module ImgMediaFactory (556)
[2018.10.11-15.15.21:002][929]LogModuleManager: Shutting down and abandoning module ImgMediaEditor (554)
[2018.10.11-15.15.21:002][929]LogModuleManager: Shutting down and abandoning module AvfMediaFactory (552)
[2018.10.11-15.15.21:002][929]LogModuleManager: Shutting down and abandoning module AvfMediaEditor (550)
[2018.10.11-15.15.21:002][929]LogModuleManager: Shutting down and abandoning module AndroidMediaFactory (548)
[2018.10.11-15.15.21:002][929]LogModuleManager: Shutting down and abandoning module AndroidMediaEditor (546)
[2018.10.11-15.15.21:002][929]LogModuleManager: Shutting down and abandoning module MagicLeapCameraPreviewFactory (544)
[2018.10.11-15.15.21:002][929]LogModuleManager: Shutting down and abandoning module MagicLeapMediaFactory (542)
[2018.10.11-15.15.21:002][929]LogModuleManager: Shutting down and abandoning module MagicLeapMediaEditor (540)
[2018.10.11-15.15.21:002][929]LogModuleManager: Shutting down and abandoning module CharacterAI (538)
[2018.10.11-15.15.21:002][929]LogModuleManager: Shutting down and abandoning module SmartSnapping (536)
[2018.10.11-15.15.21:002][929]LogModuleManager: Shutting down and abandoning module SessionServices (534)
[2018.10.11-15.15.21:002][929]LogModuleManager: Shutting down and abandoning module ViewportSnapping (532)
[2018.10.11-15.15.21:002][929]LogModuleManager: Shutting down and abandoning module ViewportInteraction (530)
[2018.10.11-15.15.21:002][929]LogModuleManager: Shutting down and abandoning module ClothPainter (528)
[2018.10.11-15.15.21:002][929]LogModuleManager: Shutting down and abandoning module SkeletalMeshEditor (527)
[2018.10.11-15.15.21:002][929]LogModuleManager: Shutting down and abandoning module LogVisualizer (524)
[2018.10.11-15.15.21:002][929]LogModuleManager: Shutting down and abandoning module IntroTutorials (522)
[2018.10.11-15.15.21:002][929]LogModuleManager: Shutting down and abandoning module GameProjectGeneration (521)
[2018.10.11-15.15.21:002][929]LogModuleManager: Shutting down and abandoning module LuminPlatformEditor (518)
[2018.10.11-15.15.21:002][929]LogModuleManager: Shutting down and abandoning module IOSPlatformEditor (516)
[2018.10.11-15.15.21:003][929]LogModuleManager: Shutting down and abandoning module HTML5PlatformEditor (514)
[2018.10.11-15.15.21:003][929]LogModuleManager: Shutting down and abandoning module AndroidPlatformEditor (512)
[2018.10.11-15.15.21:003][929]LogModuleManager: Shutting down and abandoning module AndroidDeviceDetection (511)
[2018.10.11-15.15.21:882][929]LogModuleManager: Shutting down and abandoning module WindowsPlatformEditor (508)
[2018.10.11-15.15.21:882][929]LogModuleManager: Shutting down and abandoning module LuminRuntimeSettings (506)
[2018.10.11-15.15.21:882][929]LogModuleManager: Shutting down and abandoning module IOSRuntimeSettings (504)
[2018.10.11-15.15.21:882][929]LogModuleManager: Shutting down and abandoning module AndroidRuntimeSettings (502)
[2018.10.11-15.15.21:882][929]LogModuleManager: Shutting down and abandoning module InputBindingEditor (500)
[2018.10.11-15.15.21:882][929]LogModuleManager: Shutting down and abandoning module MergeActors (498)
[2018.10.11-15.15.21:882][929]LogModuleManager: Shutting down and abandoning module LocalizationDashboard (496)
[2018.10.11-15.15.21:882][929]LogModuleManager: Shutting down and abandoning module LocalizationService (495)
[2018.10.11-15.15.21:882][929]LogModuleManager: Shutting down and abandoning module HardwareTargeting (492)
[2018.10.11-15.15.21:882][929]LogModuleManager: Shutting down and abandoning module DeviceProfileEditor (490)
[2018.10.11-15.15.21:882][929]LogModuleManager: Shutting down and abandoning module UndoHistory (488)
[2018.10.11-15.15.21:882][929]LogModuleManager: Shutting down and abandoning module XmlParser (486)
[2018.10.11-15.15.21:882][929]LogModuleManager: Shutting down and abandoning module Blutility (484)
[2018.10.11-15.15.21:882][929]LogModuleManager: Shutting down and abandoning module ProjectSettingsViewer (482)
[2018.10.11-15.15.21:882][929]LogModuleManager: Shutting down and abandoning module ProjectTargetPlatformEditor (481)
[2018.10.11-15.15.21:883][929]LogModuleManager: Shutting down and abandoning module EditorSettingsViewer (478)
[2018.10.11-15.15.21:883][929]LogModuleManager: Shutting down and abandoning module SettingsEditor (476)
[2018.10.11-15.15.21:883][929]LogModuleManager: Shutting down and abandoning module ProjectLauncher (474)
[2018.10.11-15.15.21:883][929]LogModuleManager: Shutting down and abandoning module SessionFrontend (472)
[2018.10.11-15.15.21:883][929]LogModuleManager: Shutting down and abandoning module ProfilerClient (470)
[2018.10.11-15.15.21:883][929]LogModuleManager: Shutting down and abandoning module DeviceManager (468)
[2018.10.11-15.15.21:883][929]LogModuleManager: Shutting down and abandoning module TargetDeviceServices (467)
[2018.10.11-15.15.21:938][929]LogModuleManager: Shutting down and abandoning module AutomationController (464)
[2018.10.11-15.15.21:938][929]LogModuleManager: Shutting down and abandoning module AutomationWindow (462)
[2018.10.11-15.15.21:938][929]LogModuleManager: Shutting down and abandoning module Layers (460)
[2018.10.11-15.15.21:938][929]LogModuleManager: Shutting down and abandoning module ComponentVisualizers (458)
[2018.10.11-15.15.21:938][929]LogModuleManager: Shutting down and abandoning module DetailCustomizations (456)
[2018.10.11-15.15.21:938][929]LogModuleManager: Shutting down and abandoning module PackagesDialog (454)
[2018.10.11-15.15.21:938][929]LogModuleManager: Shutting down and abandoning module Persona (452)
[2018.10.11-15.15.21:938][929]LogModuleManager: Shutting down and abandoning module AdvancedPreviewScene (451)
[2018.10.11-15.15.21:939][929]LogModuleManager: Shutting down and abandoning module AnimGraph (449)
[2018.10.11-15.15.21:939][929]LogModuleManager: Shutting down and abandoning module Kismet (446)
[2018.10.11-15.15.21:948][929]LogModuleManager: Shutting down and abandoning module GraphEditor (444)
[2018.10.11-15.15.21:948][929]LogModuleManager: Shutting down and abandoning module ClassViewer (442)
[2018.10.11-15.15.21:950][929]LogModuleManager: Shutting down and abandoning module Toolbox (440)
[2018.10.11-15.15.21:950][929]LogModuleManager: Shutting down and abandoning module DesktopPlatform (439)
[2018.10.11-15.15.21:950][929]LogModuleManager: Shutting down and abandoning module ModuleUI (436)
[2018.10.11-15.15.21:950][929]LogModuleManager: Shutting down and abandoning module MovieSceneTools (434)
[2018.10.11-15.15.21:950][929]LogModuleManager: Shutting down and abandoning module OutputLog (432)
[2018.10.11-15.15.21:951][929]LogModuleManager: Shutting down and abandoning module GammaUI (430)
[2018.10.11-15.15.21:951][929]LogModuleManager: Shutting down and abandoning module Documentation (428)
[2018.10.11-15.15.21:951][929]LogModuleManager: Shutting down and abandoning module MovieSceneTracks (426)
[2018.10.11-15.15.21:951][929]LogModuleManager: Shutting down and abandoning module MovieScene (424)
[2018.10.11-15.15.21:951][929]LogModuleManager: Shutting down and abandoning module StreamingPauseRendering (422)
[2018.10.11-15.15.21:951][929]LogModuleManager: Shutting down and abandoning module LauncherPlatform (420)
[2018.10.11-15.15.21:951][929]LogModuleManager: Shutting down and abandoning module AnalyticsET (418)
[2018.10.11-15.15.21:951][929]LogModuleManager: Shutting down and abandoning module PortalServices (416)
[2018.10.11-15.15.21:951][929]LogModuleManager: Shutting down and abandoning module PortalRpc (414)
[2018.10.11-15.15.21:951][929]LogModuleManager: Shutting down and abandoning module MessagingRpc (412)
[2018.10.11-15.15.21:951][929]LogModuleManager: Shutting down and abandoning module AIModule (410)
[2018.10.11-15.15.21:951][929]LogModuleManager: Shutting down and abandoning module GameplayDebugger (409)
[2018.10.11-15.15.21:951][929]LogModuleManager: Shutting down and abandoning module AITestSuite (407)
[2018.10.11-15.15.21:951][929]LogModuleManager: Shutting down and abandoning module NavigationSystem (405)
[2018.10.11-15.15.21:951][929]LogModuleManager: Shutting down and abandoning module ProfilerService (402)
[2018.10.11-15.15.22:145][929]LogModuleManager: Shutting down and abandoning module TaskGraph (400)
[2018.10.11-15.15.22:145][929]LogModuleManager: Shutting down and abandoning module SteamVRController (398)
[2018.10.11-15.15.22:145][929]LogModuleManager: Shutting down and abandoning module ProceduralMeshComponentEditor (396)
[2018.10.11-15.15.22:145][929]LogModuleManager: Shutting down and abandoning module ProceduralMeshComponent (394)
[2018.10.11-15.15.22:145][929]LogModuleManager: Shutting down and abandoning module OculusInput (392)
[2018.10.11-15.15.22:145][929]LogModuleManager: Shutting down and abandoning module MobilePatchingUtils (390)
[2018.10.11-15.15.22:145][929]LogModuleManager: Shutting down and abandoning module EditableMesh (388)
[2018.10.11-15.15.22:145][929]LogModuleManager: Shutting down and abandoning module CustomMeshComponent (386)
[2018.10.11-15.15.22:145][929]LogModuleManager: Shutting down and abandoning module CableComponent (384)
[2018.10.11-15.15.22:145][929]LogModuleManager: Shutting down and abandoning module AudioCapture (382)
[2018.10.11-15.15.22:145][929]LogModuleManager: Shutting down and abandoning module ArchVisCharacter (380)
[2018.10.11-15.15.22:145][929]LogModuleManager: Shutting down and abandoning module AndroidPermission (378)
[2018.10.11-15.15.22:145][929]LogModuleManager: Shutting down and abandoning module NUTUnrealEngine4 (376)
[2018.10.11-15.15.22:145][929]LogModuleManager: Shutting down and abandoning module NetcodeUnitTest (374)
[2018.10.11-15.15.22:145][929]LogModuleManager: Shutting down and abandoning module MediaCompositingEditor (372)
[2018.10.11-15.15.22:145][929]LogModuleManager: Shutting down and abandoning module MediaCompositing (370)
[2018.10.11-15.15.22:146][929]LogModuleManager: Shutting down and abandoning module LinearTimecode (368)
[2018.10.11-15.15.22:146][929]LogModuleManager: Shutting down and abandoning module ImgMedia (366)
[2018.10.11-15.15.22:151][929]LogModuleManager: Shutting down and abandoning module HTML5Networking (364)
[2018.10.11-15.15.22:151][929]LogModuleManager: Shutting down and abandoning module GeometryCacheTracks (362)
[2018.10.11-15.15.22:151][929]LogModuleManager: Shutting down and abandoning module GeometryCacheSequencer (360)
[2018.10.11-15.15.22:151][929]LogModuleManager: Shutting down and abandoning module BackChannel (358)
[2018.10.11-15.15.22:151][929]LogModuleManager: Shutting down and abandoning module AppleVision (356)
[2018.10.11-15.15.22:151][929]LogModuleManager: Shutting down and abandoning module AppleImageUtils (354)
[2018.10.11-15.15.22:151][929]LogModuleManager: Shutting down and abandoning module AlembicImporter (352)
[2018.10.11-15.15.22:152][929]LogModuleManager: Shutting down and abandoning module AlembicLibrary (351)
[2018.10.11-15.15.22:152][929]LogModuleManager: Shutting down and abandoning module GeometryCache (350)
[2018.10.11-15.15.22:152][929]LogModuleManager: Shutting down and abandoning module GeometryCacheEd (349)
[2018.10.11-15.15.22:152][929]LogModuleManager: Shutting down and abandoning module DatasmithContentEditor (344)
[2018.10.11-15.15.22:152][929]LogModuleManager: Shutting down and abandoning module DatasmithContent (342)
[2018.10.11-15.15.22:153][929]LogModuleManager: Shutting down and abandoning module SpeedTreeImporter (340)
[2018.10.11-15.15.22:153][929]LogModuleManager: Shutting down and abandoning module PluginBrowser (338)
[2018.10.11-15.15.22:153][929]LogModuleManager: Shutting down and abandoning module MobileLauncherProfileWizard (336)
[2018.10.11-15.15.22:153][929]LogModuleManager: Shutting down and abandoning module PolygonModeling (334)
[2018.10.11-15.15.22:153][929]LogModuleManager: Shutting down and abandoning module MeshEditor (332)
[2018.10.11-15.15.22:153][929]LogModuleManager: Shutting down and abandoning module CryptoKeysOpenSSL (330)
[2018.10.11-15.15.22:153][929]LogModuleManager: Shutting down and abandoning module CryptoKeys (328)
[2018.10.11-15.15.22:153][929]LogModuleManager: Shutting down and abandoning module VisualStudioSourceCodeAccess (326)
[2018.10.11-15.15.22:153][929]LogModuleManager: Shutting down and abandoning module VisualStudioCodeSourceCodeAccess (324)
[2018.10.11-15.15.22:153][929]LogModuleManager: Shutting down and abandoning module UObjectPlugin (322)
[2018.10.11-15.15.22:153][929]LogModuleManager: Shutting down and abandoning module SubversionSourceControl (320)
[2018.10.11-15.15.22:153][929]LogModuleManager: Shutting down and abandoning module PerforceSourceControl (318)
[2018.10.11-15.15.22:153][929]LogModuleManager: Shutting down and abandoning module GitSourceControl (316)
[2018.10.11-15.15.22:154][929]LogModuleManager: Shutting down and abandoning module SourceControl (315)
[2018.10.11-15.15.22:154][929]LogModuleManager: Shutting down and abandoning module CLionSourceCodeAccess (312)
[2018.10.11-15.15.22:154][929]LogModuleManager: Shutting down and abandoning module LightPropagationVolumeEditor (310)
[2018.10.11-15.15.22:154][929]LogModuleManager: Shutting down and abandoning module PaperTiledImporter (308)
[2018.10.11-15.15.22:154][929]LogModuleManager: Shutting down and abandoning module PaperSpriteSheetImporter (306)
[2018.10.11-15.15.22:154][929]LogModuleManager: Shutting down and abandoning module Paper2DEditor (304)
[2018.10.11-15.15.22:154][929]LogModuleManager: Shutting down and abandoning module MeshPaint (303)
[2018.10.11-15.15.22:154][929]LogModuleManager: Shutting down and abandoning module RuntimePhysXCooking (298)
[2018.10.11-15.15.22:154][929]LogModuleManager: Shutting down and abandoning module PhysXVehiclesEditor (296)
[2018.10.11-15.15.22:154][929]LogModuleManager: Shutting down and abandoning module PhysXVehicles (294)
[2018.10.11-15.15.22:154][929]LogModuleManager: Shutting down and abandoning module OculusEditor (292)
[2018.10.11-15.15.22:154][929]LogModuleManager: Shutting down and abandoning module LocationServicesBPLibrary (290)
[2018.10.11-15.15.22:154][929]LogModuleManager: Shutting down and abandoning module ImmediatePhysicsEditor (288)
[2018.10.11-15.15.22:154][929]LogModuleManager: Shutting down and abandoning module ImmediatePhysics (286)
[2018.10.11-15.15.22:154][929]LogModuleManager: Shutting down and abandoning module ActorSequence (284)
[2018.10.11-15.15.22:154][929]LogModuleManager: Shutting down and abandoning module UdpMessaging (282)
[2018.10.11-15.15.22:256][929]LogModuleManager: Shutting down and abandoning module TcpMessaging (280)
[2018.10.11-15.15.22:357][929]LogModuleManager: Shutting down and abandoning module MagicLeapAudio (278)
[2018.10.11-15.15.22:357][929]LogModuleManager: Shutting down and abandoning module GameplayTagsEditor (276)
[2018.10.11-15.15.22:357][929]LogModuleManager: Shutting down and abandoning module FacialAnimationEditor (274)
[2018.10.11-15.15.22:357][929]LogModuleManager: Shutting down and abandoning module FacialAnimation (272)
[2018.10.11-15.15.22:357][929]LogModuleManager: Shutting down and abandoning module DataValidation (270)
[2018.10.11-15.15.22:357][929]LogModuleManager: Shutting down and abandoning module AssetManagerEditor (268)
[2018.10.11-15.15.22:357][929]LogModuleManager: Shutting down and abandoning module LevelEditor (267)
[2018.10.11-15.15.22:360][929]LogModuleManager: Shutting down and abandoning module PixelInspectorModule (266)
[2018.10.11-15.15.22:360][929]LogModuleManager: Shutting down and abandoning module CommonMenuExtensions (264)
[2018.10.11-15.15.22:360][929]LogModuleManager: Shutting down and abandoning module MainFrame (262)
[2018.10.11-15.15.22:360][929]LogModuleManager: Shutting down and abandoning module HotReload (261)
[2018.10.11-15.15.22:362][929]LogModuleManager: Shutting down and abandoning module ContentBrowser (257)
[2018.10.11-15.15.22:365][929]LogModuleManager: Shutting down and abandoning module TreeMap (255)
[2018.10.11-15.15.22:365][929]LogModuleManager: Shutting down and abandoning module LightPropagationVolumeRuntime (252)
[2018.10.11-15.15.22:365][929]LogModuleManager: Shutting down and abandoning module AISupportModule (250)
[2018.10.11-15.15.22:365][929]LogModuleManager: Shutting down and abandoning module Paper2D (248)
[2018.10.11-15.15.22:365][929]LogModuleManager: Shutting down and abandoning module WindowsMoviePlayer (246)
[2018.10.11-15.15.22:365][929]LogModuleManager: Shutting down and abandoning module WmfMedia (244)
[2018.10.11-15.15.22:370][929]LogModuleManager: Shutting down and abandoning module Media (243)
[2018.10.11-15.15.22:377][929]LogModuleManager: Shutting down and abandoning module PacketHandler (240)
[2018.10.11-15.15.22:378][929]LogModuleManager: Shutting down and abandoning module ClothingSystemEditor (238)
[2018.10.11-15.15.22:378][929]LogModuleManager: Shutting down and abandoning module ClothingSystemRuntime (236)
[2018.10.11-15.15.22:378][929]LogModuleManager: Shutting down and abandoning module MediaAssets (234)
[2018.10.11-15.15.22:378][929]LogModuleManager: Shutting down and abandoning module Overlay (232)
[2018.10.11-15.15.22:378][929]LogModuleManager: Shutting down and abandoning module OverlayEditor (231)
[2018.10.11-15.15.22:378][929]LogModuleManager: Shutting down and abandoning module VREditor (228)
[2018.10.11-15.15.22:378][929]LogModuleManager: Shutting down and abandoning module StringTableEditor (226)
[2018.10.11-15.15.22:378][929]LogModuleManager: Shutting down and abandoning module GameplayTasksEditor (224)
[2018.10.11-15.15.22:378][929]LogModuleManager: Shutting down and abandoning module BehaviorTreeEditor (222)
[2018.10.11-15.15.22:378][929]LogModuleManager: Shutting down and abandoning module FunctionalTesting (220)
[2018.10.11-15.15.22:378][929]LogModuleManager: Shutting down and abandoning module CollisionAnalyzer (218)
[2018.10.11-15.15.22:378][929]LogModuleManager: Shutting down and abandoning module WorkspaceMenuStructure (217)
[2018.10.11-15.15.22:379][929]LogModuleManager: Shutting down and abandoning module UMG (214)
[2018.10.11-15.15.22:379][929]LogModuleManager: Shutting down and abandoning module UMGEditor (213)
[2018.10.11-15.15.22:379][929]LogModuleManager: Shutting down and abandoning module Sequencer (212)
[2018.10.11-15.15.22:379][929]LogModuleManager: Shutting down and abandoning module MessageLog (209)
[2018.10.11-15.15.22:379][929]LogModuleManager: Shutting down and abandoning module SlateReflector (204)
[2018.10.11-15.15.22:379][929]LogModuleManager: Shutting down and abandoning module Slate (202)
[2018.10.11-15.15.22:380][929]LogModuleManager: Shutting down and abandoning module EditorStyle (200)
[2018.10.11-15.15.22:385][929]LogModuleManager: Shutting down and abandoning module MRMesh (198)
[2018.10.11-15.15.22:385][929]LogModuleManager: Shutting down and abandoning module SourceCodeAccess (196)
[2018.10.11-15.15.22:386][929]LogModuleManager: Shutting down and abandoning module HeadMountedDisplay (194)
[2018.10.11-15.15.22:386][929]LogModuleManager: Shutting down and abandoning module XAudio2 (192)
[2018.10.11-15.15.22:386][929]LogModuleManager: Shutting down and abandoning module Networking (190)
[2018.10.11-15.15.22:386][929]LogModuleManager: Shutting down and abandoning module Core (188)
[2018.10.11-15.15.22:386][929]LogModuleManager: Shutting down and abandoning module LevelSequence (186)
[2018.10.11-15.15.22:386][929]LogModuleManager: Shutting down and abandoning module KismetCompiler (184)
[2018.10.11-15.15.22:386][929]LogModuleManager: Shutting down and abandoning module MeshUtilities (182)
[2018.10.11-15.15.22:386][929]LogModuleManager: Shutting down and abandoning module MeshMergeUtilities (181)
[2018.10.11-15.15.22:386][929]LogModuleManager: Shutting down and abandoning module MeshReductionInterface (180)
[2018.10.11-15.15.22:386][929]LogModuleManager: Shutting down and abandoning module SimplygonSwarm (179)
[2018.10.11-15.15.22:386][929]LogModuleManager: Shutting down and abandoning module ProxyLODMeshReduction (177)
[2018.10.11-15.15.22:386][929]LogModuleManager: Shutting down and abandoning module SimplygonMeshReduction (175)
[2018.10.11-15.15.22:386][929]LogModuleManager: Shutting down and abandoning module QuadricMeshReduction (173)
[2018.10.11-15.15.22:386][929]LogModuleManager: Shutting down and abandoning module MaterialBaking (169)
[2018.10.11-15.15.22:387][929]LogModuleManager: Shutting down and abandoning module DirectoryWatcher (165)
[2018.10.11-15.15.22:387][929]LogModuleManager: Shutting down and abandoning module DerivedDataCache (162)
[2018.10.11-15.15.22:473][929]LogDerivedDataCache: Shutdown
[2018.10.11-15.15.22:474][929]LogModuleManager: Shutting down and abandoning module XGEController (160)
[2018.10.11-15.15.22:474][929]LogXGEController: Cleaning working directory: C:/Users/mw2crt/AppData/Local/Temp/UnrealXGEWorkingDir/
[2018.10.11-15.15.22:474][929]LogModuleManager: Shutting down and abandoning module TargetPlatform (158)
[2018.10.11-15.15.22:474][929]LogModuleManager: Shutting down and abandoning module VulkanShaderFormat (157)
[2018.10.11-15.15.22:474][929]LogModuleManager: Shutting down and abandoning module ShaderFormatVectorVM (155)
[2018.10.11-15.15.22:474][929]LogModuleManager: Shutting down and abandoning module ShaderFormatOpenGL (153)
[2018.10.11-15.15.22:474][929]LogModuleManager: Shutting down and abandoning module ShaderFormatD3D (151)
[2018.10.11-15.15.22:474][929]LogModuleManager: Shutting down and abandoning module MetalShaderFormat (149)
[2018.10.11-15.15.22:475][929]LogModuleManager: Shutting down and abandoning module TextureFormatUncompressed (147)
[2018.10.11-15.15.22:475][929]LogModuleManager: Shutting down and abandoning module TextureFormatPVR (145)
[2018.10.11-15.15.22:475][929]LogModuleManager: Shutting down and abandoning module TextureFormatDXT (143)
[2018.10.11-15.15.22:475][929]LogModuleManager: Shutting down and abandoning module TextureFormatIntelISPCTexComp (141)
[2018.10.11-15.15.22:475][929]LogModuleManager: Shutting down and abandoning module TextureFormatASTC (139)
[2018.10.11-15.15.22:475][929]LogModuleManager: Shutting down and abandoning module ImageWrapper (138)
[2018.10.11-15.15.22:475][929]LogModuleManager: Shutting down and abandoning module TextureFormatAndroid (135)
[2018.10.11-15.15.22:475][929]LogModuleManager: Shutting down and abandoning module AudioFormatOpus (133)
[2018.10.11-15.15.22:475][929]LogModuleManager: Shutting down and abandoning module AudioFormatOgg (131)
[2018.10.11-15.15.22:475][929]LogModuleManager: Shutting down and abandoning module AudioFormatADPCM (129)
[2018.10.11-15.15.22:475][929]LogModuleManager: Shutting down and abandoning module LuminTargetPlatform (127)
[2018.10.11-15.15.22:476][929]LogModuleManager: Shutting down and abandoning module LinuxTargetPlatform (125)
[2018.10.11-15.15.22:476][929]LogModuleManager: Shutting down and abandoning module LinuxServerTargetPlatform (123)
[2018.10.11-15.15.22:476][929]LogModuleManager: Shutting down and abandoning module LinuxNoEditorTargetPlatform (121)
[2018.10.11-15.15.22:476][929]LogModuleManager: Shutting down and abandoning module LinuxClientTargetPlatform (119)
[2018.10.11-15.15.22:476][929]LogModuleManager: Shutting down and abandoning module TVOSTargetPlatform (117)
[2018.10.11-15.15.22:478][929]LogModuleManager: Shutting down and abandoning module Messaging (115)
[2018.10.11-15.15.22:478][929]LogModuleManager: Shutting down and abandoning module IOSTargetPlatform (113)
[2018.10.11-15.15.22:481][929]LogModuleManager: Shutting down and abandoning module HTML5TargetPlatform (111)
[2018.10.11-15.15.22:481][929]LogModuleManager: Shutting down and abandoning module AndroidTargetPlatform (109)
[2018.10.11-15.15.22:505][929]LogModuleManager: Shutting down and abandoning module WindowsTargetPlatform (107)
[2018.10.11-15.15.22:505][929]LogModuleManager: Shutting down and abandoning module WindowsServerTargetPlatform (105)
[2018.10.11-15.15.22:505][929]LogModuleManager: Shutting down and abandoning module WindowsNoEditorTargetPlatform (103)
[2018.10.11-15.15.22:505][929]LogModuleManager: Shutting down and abandoning module WindowsClientTargetPlatform (101)
[2018.10.11-15.15.22:505][929]LogModuleManager: Shutting down and abandoning module MacTargetPlatform (99)
[2018.10.11-15.15.22:505][929]LogModuleManager: Shutting down and abandoning module MacServerTargetPlatform (97)
[2018.10.11-15.15.22:505][929]LogModuleManager: Shutting down and abandoning module MacNoEditorTargetPlatform (95)
[2018.10.11-15.15.22:505][929]LogModuleManager: Shutting down and abandoning module MacClientTargetPlatform (93)
[2018.10.11-15.15.22:505][929]LogModuleManager: Shutting down and abandoning module AllDesktopTargetPlatform (91)
[2018.10.11-15.15.22:505][929]LogModuleManager: Shutting down and abandoning module InputCore (88)
[2018.10.11-15.15.22:505][929]LogModuleManager: Shutting down and abandoning module Settings (86)
[2018.10.11-15.15.22:505][929]LogModuleManager: Shutting down and abandoning module PhysXCooking (84)
[2018.10.11-15.15.22:505][929]LogModuleManager: Shutting down and abandoning module SteamVR (82)
[2018.10.11-15.15.22:505][929]LogModuleManager: Shutting down and abandoning module OculusHMD (80)
[2018.10.11-15.15.22:505][929]LogModuleManager: Shutting down and abandoning module ExampleDeviceProfileSelector (78)
[2018.10.11-15.15.22:505][929]LogModuleManager: Shutting down and abandoning module LauncherChunkInstaller (76)
[2018.10.11-15.15.22:505][929]LogModuleManager: Shutting down and abandoning module OnlineBlueprintSupport (74)
[2018.10.11-15.15.22:505][929]LogModuleManager: Shutting down and abandoning module OnlineSubsystem (70)
[2018.10.11-15.15.22:506][929]LogModuleManager: Shutting down and abandoning module XMPP (65)
[2018.10.11-15.15.22:506][929]LogModuleManager: Shutting down and abandoning module WebSockets (64)
[2018.10.11-15.15.22:541][929]LogModuleManager: Shutting down and abandoning module HTTP (61)
[2018.10.11-15.15.22:541][929]LogHttp: Display: Http module shutting down, but needs to wait on 1 outstanding Http requests:
[2018.10.11-15.15.22:541][929]LogHttp: Display: 	verb=[POST] url=[https://datarouter.ol.epicgames.com/datarouter/api/v1/public/data?SessionID=%7B13076D17-4D77-8B51-405E-E58CE0912C6E%7D&AppID=UEEditor.Rocket.Release&AppVersion=4.20.3-4369336%2B%2B%2BUE4%2BRelease-4.20&UserID=1e12d23e457fc9b12b29d7917600c782%7C%7C6fa655e3-1d35-437e-89af-243b73a8f31f&AppEnvironment=datacollector-binary&UploadType=eteventstream] status=Processing
[2018.10.11-15.15.22:545][929]LogModuleManager: Shutting down and abandoning module SSL (60)
[2018.10.11-15.15.22:546][929]LogModuleManager: Shutting down and abandoning module MagicLeapEmulator (56)
[2018.10.11-15.15.22:547][929]LogModuleManager: Shutting down and abandoning module MagicLeapPrivileges (54)
[2018.10.11-15.15.22:547][929]LogModuleManager: Shutting down and abandoning module MagicLeapIdentity (52)
[2018.10.11-15.15.22:547][929]LogModuleManager: Shutting down and abandoning module MagicLeapHelperVulkan (50)
[2018.10.11-15.15.22:547][929]LogModuleManager: Shutting down and abandoning module MagicLeapHelperOpenGL (48)
[2018.10.11-15.15.22:547][929]LogModuleManager: Shutting down and abandoning module MagicLeapSecureStorage (46)
[2018.10.11-15.15.22:547][929]LogModuleManager: Shutting down and abandoning module MagicLeapGestures (44)
[2018.10.11-15.15.22:547][929]LogModuleManager: Shutting down and abandoning module MagicLeapEyeTracker (42)
[2018.10.11-15.15.22:547][929]LogModuleManager: Shutting down and abandoning module MagicLeapController (40)
[2018.10.11-15.15.22:547][929]LogSlate: Slate User Destroyed.  User Index 0, Is Virtual User: 0
[2018.10.11-15.15.22:547][929]LogModuleManager: Shutting down and abandoning module MagicLeap (38)
[2018.10.11-15.15.22:547][929]LogModuleManager: Shutting down and abandoning module AnimationModifiers (36)
[2018.10.11-15.15.22:547][929]LogModuleManager: Shutting down and abandoning module PropertyEditor (35)
[2018.10.11-15.15.22:547][929]LogModuleManager: Shutting down and abandoning module AudioEditor (32)
[2018.10.11-15.15.22:547][929]LogModuleManager: Shutting down and abandoning module TextureCompressor (30)
[2018.10.11-15.15.22:548][929]LogModuleManager: Shutting down and abandoning module ShaderCore (28)
[2018.10.11-15.15.22:548][929]LogModuleManager: Shutting down and abandoning module Landscape (26)
[2018.10.11-15.15.22:548][929]LogModuleManager: Shutting down and abandoning module SlateRHIRenderer (24)
[2018.10.11-15.15.22:548][929]LogModuleManager: Shutting down and abandoning module OpenGLDrv (22)
[2018.10.11-15.15.22:548][929]LogModuleManager: Shutting down and abandoning module D3D11RHI (20)
[2018.10.11-15.15.22:548][929]LogModuleManager: Shutting down and abandoning module AnimGraphRuntime (18)
[2018.10.11-15.15.22:548][929]LogModuleManager: Shutting down and abandoning module Renderer (16)
[2018.10.11-15.15.22:548][929]LogModuleManager: Shutting down and abandoning module Engine (14)
[2018.10.11-15.15.22:549][929]LogModuleManager: Shutting down and abandoning module CoreUObject (12)
[2018.10.11-15.15.22:549][929]LogModuleManager: Shutting down and abandoning module NetworkFile (10)
[2018.10.11-15.15.22:549][929]LogModuleManager: Shutting down and abandoning module CookedIterativeFile (8)
[2018.10.11-15.15.22:549][929]LogModuleManager: Shutting down and abandoning module StreamingFile (6)
[2018.10.11-15.15.22:549][929]LogModuleManager: Shutting down and abandoning module SandboxFile (4)
[2018.10.11-15.15.22:549][929]LogModuleManager: Shutting down and abandoning module PakFile (2)
[2018.10.11-15.15.22:560][929]LogExit: Exiting.
[2018.10.11-15.15.22:585][929]Log file closed, 10/11/18 16:15:22
